1. polish_lr_low_seed555_2026-01-03_01-48-16
   primary_metric: val_loss = 0.03600332513451576
   secondary_metric: val_spearman_corr = 0.8227661848068237
   val_loss: 0.03600332513451576
   selection_metric: 0.03600332513451576
   checkpoint: training_runs2/polish_lr_low_seed555_2026-01-03_01-48-16/model_checkpoints/checkpoint.val-0.03600_epoch256.chkpt
   builder_advisory: edge module: edge/legacy_band/v11; variant: legacy_v11; builder: graph_builder2 — ensure inference uses a builder with these modules/variants.

2. polish_lr_low_seed555_2026-01-03_01-48-16_phase2_seed555
   primary_metric: val_loss = 0.039249345660209656
   secondary_metric: val_spearman_corr = 0.7905163764953613
   val_loss: 0.039249345660209656
   selection_metric: 0.039249345660209656
   checkpoint: training_runs2/polish_lr_low_seed555_2026-01-03_01-48-16_phase2_seed555/model_checkpoints/checkpoint.val-0.03925_epoch295.chkpt
   builder_advisory: edge module: edge/legacy_band/v11; variant: legacy_v11; builder: graph_builder2 — ensure inference uses a builder with these modules/variants.

3. polish_lr_low_seed555_2026-01-03_01-48-16_phase1
   primary_metric: val_loss = 0.03926330804824829
   secondary_metric: val_spearman_corr = 0.7884036302566528
   val_loss: 0.03926330804824829
   selection_metric: 0.03926330804824829
   checkpoint: training_runs2/polish_lr_low_seed555_2026-01-03_01-48-16_phase1/model_checkpoints/checkpoint.val-0.03926_epoch289.chkpt
   builder_advisory: edge module: edge/legacy_band/v11; variant: legacy_v11; builder: graph_builder2 — ensure inference uses a builder with these modules/variants.

4. polish_lr_low_seed555_2026-01-03_01-48-16_phase2_seed888
   primary_metric: val_loss = 0.03927892446517944
   secondary_metric: val_spearman_corr = 0.7907343506813049
   val_loss: 0.03927892446517944
   selection_metric: 0.03927892446517944
   checkpoint: training_runs2/polish_lr_low_seed555_2026-01-03_01-48-16_phase2_seed888/model_checkpoints/checkpoint.val-0.03928_epoch295.chkpt
   builder_advisory: edge module: edge/legacy_band/v11; variant: legacy_v11; builder: graph_builder2 — ensure inference uses a builder with these modules/variants.

5. polish_lr_low_seed555_2026-01-03_01-48-16_phase2_seed101
   primary_metric: val_loss = 0.03936787322163582
   secondary_metric: val_spearman_corr = 0.7948088049888611
   val_loss: 0.03936787322163582
   selection_metric: 0.03936787322163582
   checkpoint: training_runs2/polish_lr_low_seed555_2026-01-03_01-48-16_phase2_seed101/model_checkpoints/checkpoint.val-0.03937_epoch306.chkpt
   builder_advisory: edge module: edge/legacy_band/v11; variant: legacy_v11; builder: graph_builder2 — ensure inference uses a builder with these modules/variants.

6. polish_lr_low_seed888_2026-01-03_06-56-09
   primary_metric: val_loss = 0.03938882052898407
   secondary_metric: val_spearman_corr = 0.8120763301849365
   val_loss: 0.03938882052898407
   selection_metric: 0.03938882052898407
   checkpoint: training_runs2/polish_lr_low_seed888_2026-01-03_06-56-09/model_checkpoints/checkpoint.val-0.03939_epoch252.chkpt
   builder_advisory: edge module: edge/legacy_band/v11; variant: legacy_v11; builder: graph_builder2 — ensure inference uses a builder with these modules/variants.

7. polish_lr_low_seed101_2026-01-02_21-39-09
   primary_metric: val_loss = 0.03979554772377014
   secondary_metric: val_spearman_corr = 0.8007341623306274
   val_loss: 0.03979554772377014
   selection_metric: 0.03979554772377014
   checkpoint: training_runs2/polish_lr_low_seed101_2026-01-02_21-39-09/model_checkpoints/checkpoint.val-0.03980_epoch217.chkpt
   builder_advisory: edge module: edge/legacy_band/v11; variant: legacy_v11; builder: graph_builder2 — ensure inference uses a builder with these modules/variants.

8. polish_seed888_2026-01-03_05-43-59
   primary_metric: val_loss = 0.04946945980191231
   secondary_metric: val_spearman_corr = 0.7857376337051392
   val_loss: 0.04946945980191231
   selection_metric: 0.04946945980191231
   checkpoint: training_runs2/polish_seed888_2026-01-03_05-43-59/model_checkpoints/checkpoint.val-0.04947_epoch093.chkpt
   builder_advisory: edge module: edge/legacy_band/v11; variant: legacy_v11; builder: graph_builder2 — ensure inference uses a builder with these modules/variants.

9. polish_seed101_2026-01-02_20-47-23
   primary_metric: val_loss = 0.05122920870780945
   secondary_metric: val_spearman_corr = 0.7897785902023315
   val_loss: 0.05122920870780945
   selection_metric: 0.05122920870780945
   checkpoint: training_runs2/polish_seed101_2026-01-02_20-47-23/model_checkpoints/checkpoint.val-0.05123_epoch054.chkpt
   builder_advisory: edge module: edge/legacy_band/v11; variant: legacy_v11; builder: graph_builder2 — ensure inference uses a builder with these modules/variants.

10. sched_boost_lr035_lean_seed222_2026-01-02_18-04-37_phase2_seed888
   primary_metric: val_loss = 0.05175648629665375
   secondary_metric: val_spearman_corr = 0.787565290927887
   val_loss: 0.05175648629665375
   selection_metric: 0.05175648629665375
   checkpoint: training_runs2/sched_boost_lr035_lean_seed222_2026-01-02_18-04-37_phase2_seed888/model_checkpoints/checkpoint.val-0.05176_epoch103.chkpt
   builder_advisory: edge module: edge/legacy_band/v11; variant: legacy_v11; builder: graph_builder2 — ensure inference uses a builder with these modules/variants.

