1. polish_lr_low_seed555_2025-12-22_21-22-34
   primary_metric: tuning_rank_spearman = 0.3747863173484802
   secondary_metric: val_spearman_corr = 0.7625924348831177
   val_loss: 0.048303671181201935
   selection_metric: 0.048303671181201935
   checkpoint: training_runs2/polish_lr_low_seed555_2025-12-22_21-22-34/model_checkpoints/checkpoint.tuning_rank_spearman-0.37479_val-0.14195_epoch012.chkpt
   builder_advisory: edge module: edge/legacy_band/v11; variant: legacy_v11; builder: graph_builder2 — ensure inference uses a builder with these modules/variants.

2. polish_seed555_2025-12-22_21-02-50
   primary_metric: tuning_rank_spearman = 0.37454211711883545
   secondary_metric: val_spearman_corr = 0.7543658018112183
   val_loss: 0.059051722288131714
   selection_metric: 0.059051722288131714
   checkpoint: training_runs2/polish_seed555_2025-12-22_21-02-50/model_checkpoints/checkpoint.tuning_rank_spearman-0.37454_val-0.11158_epoch008.chkpt
   builder_advisory: edge module: edge/legacy_band/v11; variant: legacy_v11; builder: graph_builder2 — ensure inference uses a builder with these modules/variants.

3. polish_seed101_2025-12-22_18-34-49_phase2_seed555
   primary_metric: tuning_rank_spearman = 0.35555556416511536
   secondary_metric: val_spearman_corr = 0.7136377692222595
   val_loss: 0.06251472234725952
   selection_metric: 0.06251472234725952
   checkpoint: training_runs2/polish_seed101_2025-12-22_18-34-49_phase2_seed555/model_checkpoints/checkpoint.tuning_rank_spearman-0.35556_val-0.11350_epoch019.chkpt
   builder_advisory: edge module: edge/legacy_band/v11; variant: legacy_v11; builder: graph_builder2 — ensure inference uses a builder with these modules/variants.

4. sched_boost_lr035_lean_seed222_2025-12-22_16-39-57_phase2_seed555
   primary_metric: tuning_rank_spearman = 0.3213675320148468
   secondary_metric: val_spearman_corr = 0.7546005845069885
   val_loss: 0.0553215853869915
   selection_metric: 0.0553215853869915
   checkpoint: training_runs2/sched_boost_lr035_lean_seed222_2025-12-22_16-39-57_phase2_seed555/model_checkpoints/checkpoint.tuning_rank_spearman-0.32137_val-0.08012_epoch039.chkpt
   builder_advisory: edge module: edge/legacy_band/v11; variant: legacy_v11; builder: graph_builder2 — ensure inference uses a builder with these modules/variants.

5. polish_lr_low_seed888_2025-12-22_22-17-23
   primary_metric: tuning_rank_spearman = 0.2655465304851532
   secondary_metric: val_spearman_corr = 0.769476592540741
   val_loss: 0.04333721846342087
   selection_metric: 0.04333721846342087
   checkpoint: training_runs2/polish_lr_low_seed888_2025-12-22_22-17-23/model_checkpoints/checkpoint.tuning_rank_spearman-0.26555_val-0.05961_epoch031.chkpt
   builder_advisory: edge module: edge/legacy_band/v11; variant: legacy_v11; builder: graph_builder2 — ensure inference uses a builder with these modules/variants.

