Using checkpoints:
  [1] val-0.03487_epoch137 -> /Volumes/PData/Data/Dev/Github/Repos/phd3/qtopo/QTopoQA/qtdaqa/new_dynamic_features/model_training/training_runs/polish_seed101_2025-12-02_19-44-27/model_checkpoints/checkpoint.val-0.03487_epoch137.chkpt
  [2] val-0.03958_epoch201 -> /Volumes/PData/Data/Dev/Github/Repos/phd3/qtopo/QTopoQA/qtdaqa/new_dynamic_features/model_training/training_runs/polish_seed888_2025-12-02_22-48-39/model_checkpoints/checkpoint.val-0.03958_epoch201.chkpt
  [3] val-0.04175_epoch246 -> /Volumes/PData/Data/Dev/Github/Repos/phd3/qtopo/QTopoQA/qtdaqa/new_dynamic_features/model_training/training_runs/polish_lr_low_seed888_2025-12-02_23-21-14/model_checkpoints/checkpoint.val-0.04175_epoch246.chkpt
  [4] val-0.04238_epoch128 -> /Volumes/PData/Data/Dev/Github/Repos/phd3/qtopo/QTopoQA/qtdaqa/new_dynamic_features/model_training/training_runs/polish_seed555_2025-12-02_20-59-44/model_checkpoints/checkpoint.val-0.04238_epoch128.chkpt
  [5] val-0.04443_epoch291 -> /Volumes/PData/Data/Dev/Github/Repos/phd3/qtopo/QTopoQA/qtdaqa/new_dynamic_features/model_training/training_runs/polish_lr_low_seed555_2025-12-02_21-22-40/model_checkpoints/checkpoint.val-0.04443_epoch291.chkpt
Stage1: BM55-AF2 using val-0.03487_epoch137 (build graphs + inference)
Stage1: HAF2 using val-0.03487_epoch137 (build graphs + inference)
Stage1: ABAG-AF3 using val-0.03487_epoch137 (build graphs + inference)
Waiting for Stage1 (graph build) to complete ...
2025-12-03 04:41:03,471 WARNING Failed to summarise training run /Volumes/PData/Data/Dev/Github/Repos/phd3/qtopo/QTopoQA/qtdaqa/new_dynamic_features/model_training/training_runs/history: local variable 'sorted_by_selection' referenced before assignment
2025-12-03 04:41:03,471 WARNING Failed to summarise training run /Volumes/PData/Data/Dev/Github/Repos/phd3/qtopo/QTopoQA/qtdaqa/new_dynamic_features/model_training/training_runs/history: local variable 'sorted_by_selection' referenced before assignment
2025-12-03 04:41:03,471 WARNING Failed to summarise training run /Volumes/PData/Data/Dev/Github/Repos/phd3/qtopo/QTopoQA/qtdaqa/new_dynamic_features/model_training/training_runs/history: local variable 'sorted_by_selection' referenced before assignment
2025-12-03 04:41:03,536 INFO Auto-selected checkpoint /Volumes/PData/Data/Dev/Github/Repos/phd3/qtopo/QTopoQA/qtdaqa/new_dynamic_features/model_training/training_runs/polish_seed101_2025-12-02_19-44-27/model_checkpoints/checkpoint.val-0.03487_epoch137.chkpt (score=0.03487268462777138, run=polish_seed101_2025-12-02_19-44-27) from training root /Volumes/PData/Data/Dev/Github/Repos/phd3/qtopo/QTopoQA/qtdaqa/new_dynamic_features/model_training/training_runs
2025-12-03 04:41:03,537 INFO Auto-selected checkpoint /Volumes/PData/Data/Dev/Github/Repos/phd3/qtopo/QTopoQA/qtdaqa/new_dynamic_features/model_training/training_runs/polish_seed101_2025-12-02_19-44-27/model_checkpoints/checkpoint.val-0.03487_epoch137.chkpt (score=0.03487268462777138, run=polish_seed101_2025-12-02_19-44-27) from training root /Volumes/PData/Data/Dev/Github/Repos/phd3/qtopo/QTopoQA/qtdaqa/new_dynamic_features/model_training/training_runs
2025-12-03 04:41:03,537 INFO Auto-selected checkpoint /Volumes/PData/Data/Dev/Github/Repos/phd3/qtopo/QTopoQA/qtdaqa/new_dynamic_features/model_training/training_runs/polish_seed101_2025-12-02_19-44-27/model_checkpoints/checkpoint.val-0.03487_epoch137.chkpt (score=0.03487268462777138, run=polish_seed101_2025-12-02_19-44-27) from training root /Volumes/PData/Data/Dev/Github/Repos/phd3/qtopo/QTopoQA/qtdaqa/new_dynamic_features/model_training/training_runs
2025-12-03 04:41:03,539 INFO Resolved feature schema: {
  "edge_schema": {
    "dim": 16,
    "module": "edge/edge_plus_lightweight_MoL/v1",
    "variant": "edge_plus_lightweight_MoL/lean",
    "module_params": {
      "distance_max": 10.0,
      "distance_min": 0.0,
      "jobs": 16,
      "lap_estimator": "exact",
      "lap_max_neighbors": 128,
      "lap_profile": false,
      "lap_size_threshold": 80,
      "lap_slq_probes": 8,
      "lap_slq_steps": 32,
      "scale_histogram": true
    },
    "source": "/Volumes/PData/Data/Dev/Github/Repos/phd3/qtopo/QTopoQA/qtdaqa/new_dynamic_features/graph_builder2/output/MoL_edge_10A/graph_data/graph_metadata.json",
    "alias": "Legacy 11D Edge + 5D unweighted Lap moments (mu1-3, kappa2, kappa3) on pair neighborhood = Edge 16D (lean MoL)",
    "jobs": 16,
    "summary": "Legacy histogram plus lean Laplacian moment context on the induced bipartite pair neighborhood (unweighted)."
  },
  "topology_schema": {},
  "node_schema": {
    "columns": [
      "rasa",
      "phi",
      "psi",
      "SS8_0",
      "SS8_1",
      "SS8_2",
      "SS8_3",
      "SS8_4",
      "SS8_5",
      "SS8_6",
      "SS8_7",
      "AA_0",
      "AA_1",
      "AA_2",
      "AA_3",
      "AA_4",
      "AA_5",
      "AA_6",
      "AA_7",
      "AA_8",
      "AA_9",
      "AA_10",
      "AA_11",
      "AA_12",
      "AA_13",
      "AA_14",
      "AA_15",
      "AA_16",
      "AA_17",
      "AA_18",
      "AA_19",
      "AA_20",
      "f0_C_death_sum",
      "f0_C_death_min",
      "f0_C_death_max",
      "f0_C_death_mean",
      "f0_C_death_std",
      "f0_N_death_sum",
      "f0_N_death_min",
      "f0_N_death_max",
      "f0_N_death_mean",
      "f0_N_death_std",
      "f0_O_death_sum",
      "f0_O_death_min",
      "f0_O_death_max",
      "f0_O_death_mean",
      "f0_O_death_std",
      "f0_CN_death_sum",
      "f0_CN_death_min",
      "f0_CN_death_max",
      "f0_CN_death_mean",
      "f0_CN_death_std",
      "f0_CO_death_sum",
      "f0_CO_death_min",
      "f0_CO_death_max",
      "f0_CO_death_mean",
      "f0_CO_death_std",
      "f0_NO_death_sum",
      "f0_NO_death_min",
      "f0_NO_death_max",
      "f0_NO_death_mean",
      "f0_NO_death_std",
      "f0_CNO_death_sum",
      "f0_CNO_death_min",
      "f0_CNO_death_max",
      "f0_CNO_death_mean",
      "f0_CNO_death_std",
      "f1_C_len_sum",
      "f1_C_len_min",
      "f1_C_len_max",
      "f1_C_len_mean",
      "f1_C_len_std",
      "f1_C_birth_sum",
      "f1_C_birth_min",
      "f1_C_birth_max",
      "f1_C_birth_mean",
      "f1_C_birth_std",
      "f1_C_death_sum",
      "f1_C_death_min",
      "f1_C_death_max",
      "f1_C_death_mean",
      "f1_C_death_std",
      "f1_N_len_sum",
      "f1_N_len_min",
      "f1_N_len_max",
      "f1_N_len_mean",
      "f1_N_len_std",
      "f1_N_birth_sum",
      "f1_N_birth_min",
      "f1_N_birth_max",
      "f1_N_birth_mean",
      "f1_N_birth_std",
      "f1_N_death_sum",
      "f1_N_death_min",
      "f1_N_death_max",
      "f1_N_death_mean",
      "f1_N_death_std",
      "f1_O_len_sum",
      "f1_O_len_min",
      "f1_O_len_max",
      "f1_O_len_mean",
      "f1_O_len_std",
      "f1_O_birth_sum",
      "f1_O_birth_min",
      "f1_O_birth_max",
      "f1_O_birth_mean",
      "f1_O_birth_std",
      "f1_O_death_sum",
      "f1_O_death_min",
      "f1_O_death_max",
      "f1_O_death_mean",
      "f1_O_death_std",
      "f1_CN_len_sum",
      "f1_CN_len_min",
      "f1_CN_len_max",
      "f1_CN_len_mean",
      "f1_CN_len_std",
      "f1_CN_birth_sum",
      "f1_CN_birth_min",
      "f1_CN_birth_max",
      "f1_CN_birth_mean",
      "f1_CN_birth_std",
      "f1_CN_death_sum",
      "f1_CN_death_min",
      "f1_CN_death_max",
      "f1_CN_death_mean",
      "f1_CN_death_std",
      "f1_CO_len_sum",
      "f1_CO_len_min",
      "f1_CO_len_max",
      "f1_CO_len_mean",
      "f1_CO_len_std",
      "f1_CO_birth_sum",
      "f1_CO_birth_min",
      "f1_CO_birth_max",
      "f1_CO_birth_mean",
      "f1_CO_birth_std",
      "f1_CO_death_sum",
      "f1_CO_death_min",
      "f1_CO_death_max",
      "f1_CO_death_mean",
      "f1_CO_death_std",
      "f1_NO_len_sum",
      "f1_NO_len_min",
      "f1_NO_len_max",
      "f1_NO_len_mean",
      "f1_NO_len_std",
      "f1_NO_birth_sum",
      "f1_NO_birth_min",
      "f1_NO_birth_max",
      "f1_NO_birth_mean",
      "f1_NO_birth_std",
      "f1_NO_death_sum",
      "f1_NO_death_min",
      "f1_NO_death_max",
      "f1_NO_death_mean",
      "f1_NO_death_std",
      "f1_CNO_len_sum",
      "f1_CNO_len_min",
      "f1_CNO_len_max",
      "f1_CNO_len_mean",
      "f1_CNO_len_std",
      "f1_CNO_birth_sum",
      "f1_CNO_birth_min",
      "f1_CNO_birth_max",
      "f1_CNO_birth_mean",
      "f1_CNO_birth_std",
      "f1_CNO_death_sum",
      "f1_CNO_death_min",
      "f1_CNO_death_max",
      "f1_CNO_death_mean",
      "f1_CNO_death_std",
      "lap_mol_num_nodes",
      "lap_mol_mu1",
      "lap_mol_mu2",
      "lap_mol_mu3",
      "lap_mol_mu4",
      "lap_mol_kappa2",
      "lap_mol_kappa3",
      "lap_mol_kappa4"
    ],
    "dim": 180,
    "source": "/Volumes/PData/Data/Dev/Github/Repos/phd3/qtopo/QTopoQA/qtdaqa/new_dynamic_features/graph_builder2/output/MoL_edge_10A/graph_data/graph_metadata.json"
  }
}
2025-12-03 04:41:03,540 INFO Config: {
  "data_dir": "/Volumes/PData/Data/Dev/Github/Repos/phd3/qtopo/QTopoQA/datasets/evaluation/HAF2/HAF2_decoys",
  "work_dir": "/Volumes/PData/Data/Dev/Github/Repos/phd3/qtopo/QTopoQA/qtdaqa/new_dynamic_features/model_inference/output/MoL_edge_10A/work/HAF2",
  "checkpoint_path": "/Volumes/PData/Data/Dev/Github/Repos/phd3/qtopo/QTopoQA/qtdaqa/new_dynamic_features/model_training/training_runs/polish_seed101_2025-12-02_19-44-27/model_checkpoints/checkpoint.val-0.03487_epoch137.chkpt",
  "results_dir": "/Volumes/PData/Data/Dev/Github/Repos/phd3/qtopo/QTopoQA/qtdaqa/new_dynamic_features/model_inference/output/MoL_edge_10A/results/val-0.03487_epoch137/HAF2",
  "output_file": "/Volumes/PData/Data/Dev/Github/Repos/phd3/qtopo/QTopoQA/qtdaqa/new_dynamic_features/model_inference/output/MoL_edge_10A/results/val-0.03487_epoch137/HAF2/inference_results.csv",
  "label_file": "/Volumes/PData/Data/Dev/Github/Repos/phd3/qtopo/QTopoQA/datasets/evaluation/HAF2/label_info.csv",
  "batch_size": 32,
  "num_workers": 0,
  "builder": {
    "jobs": 12,
    "topology_dedup_sort": null,
    "dump_edges": null,
    "sort_artifacts": false,
    "feature_config": null,
    "features": {},
    "builder_name": null
  },
  "reuse_existing_graphs": true,
  "use_checkpoint_schema": true,
  "force_node_dim": null,
  "interface_schema": {},
  "topology_schema": {},
  "node_schema": {},
  "edge_schema": {},
  "training_root": "/Volumes/PData/Data/Dev/Github/Repos/phd3/qtopo/QTopoQA/qtdaqa/new_dynamic_features/model_training/training_runs",
  "config_name": "config.yaml.HAF2",
  "dataset_name": "HAF2",
  "work_dir_base": "/Volumes/PData/Data/Dev/Github/Repos/phd3/qtopo/QTopoQA/qtdaqa/new_dynamic_features/model_inference/output/MoL_edge_10A/work",
  "results_dir_base": "/Volumes/PData/Data/Dev/Github/Repos/phd3/qtopo/QTopoQA/qtdaqa/new_dynamic_features/model_inference/output/MoL_edge_10A/results/val-0.03487_epoch137",
  "check_schema": false
}
2025-12-03 04:41:03,540 INFO Feature metadata written to /Volumes/PData/Data/Dev/Github/Repos/phd3/qtopo/QTopoQA/qtdaqa/new_dynamic_features/model_inference/output/MoL_edge_10A/work/HAF2/feature_metadata.json
2025-12-03 04:41:03,540 INFO 
2025-12-03 04:41:03,540 INFO Checkpoint file: /Volumes/PData/Data/Dev/Github/Repos/phd3/qtopo/QTopoQA/qtdaqa/new_dynamic_features/model_training/training_runs/polish_seed101_2025-12-02_19-44-27/model_checkpoints/checkpoint.val-0.03487_epoch137.chkpt
2025-12-03 04:41:03,540 INFO Inference config: config.yaml.HAF2
2025-12-03 04:41:03,540 INFO 
2025-12-03 04:41:03,540 INFO Resolved feature schema: {
  "edge_schema": {
    "dim": 16,
    "module": "edge/edge_plus_lightweight_MoL/v1",
    "variant": "edge_plus_lightweight_MoL/lean",
    "module_params": {
      "distance_max": 10.0,
      "distance_min": 0.0,
      "jobs": 16,
      "lap_estimator": "exact",
      "lap_max_neighbors": 128,
      "lap_profile": false,
      "lap_size_threshold": 80,
      "lap_slq_probes": 8,
      "lap_slq_steps": 32,
      "scale_histogram": true
    },
    "source": "/Volumes/PData/Data/Dev/Github/Repos/phd3/qtopo/QTopoQA/qtdaqa/new_dynamic_features/graph_builder2/output/MoL_edge_10A/graph_data/graph_metadata.json",
    "alias": "Legacy 11D Edge + 5D unweighted Lap moments (mu1-3, kappa2, kappa3) on pair neighborhood = Edge 16D (lean MoL)",
    "jobs": 16,
    "summary": "Legacy histogram plus lean Laplacian moment context on the induced bipartite pair neighborhood (unweighted)."
  },
  "topology_schema": {},
  "node_schema": {
    "columns": [
      "rasa",
      "phi",
      "psi",
      "SS8_0",
      "SS8_1",
      "SS8_2",
      "SS8_3",
      "SS8_4",
      "SS8_5",
      "SS8_6",
      "SS8_7",
      "AA_0",
      "AA_1",
      "AA_2",
      "AA_3",
      "AA_4",
      "AA_5",
      "AA_6",
      "AA_7",
      "AA_8",
      "AA_9",
      "AA_10",
      "AA_11",
      "AA_12",
      "AA_13",
      "AA_14",
      "AA_15",
      "AA_16",
      "AA_17",
      "AA_18",
      "AA_19",
      "AA_20",
      "f0_C_death_sum",
      "f0_C_death_min",
      "f0_C_death_max",
      "f0_C_death_mean",
      "f0_C_death_std",
      "f0_N_death_sum",
      "f0_N_death_min",
      "f0_N_death_max",
      "f0_N_death_mean",
      "f0_N_death_std",
      "f0_O_death_sum",
      "f0_O_death_min",
      "f0_O_death_max",
      "f0_O_death_mean",
      "f0_O_death_std",
      "f0_CN_death_sum",
      "f0_CN_death_min",
      "f0_CN_death_max",
      "f0_CN_death_mean",
      "f0_CN_death_std",
      "f0_CO_death_sum",
      "f0_CO_death_min",
      "f0_CO_death_max",
      "f0_CO_death_mean",
      "f0_CO_death_std",
      "f0_NO_death_sum",
      "f0_NO_death_min",
      "f0_NO_death_max",
      "f0_NO_death_mean",
      "f0_NO_death_std",
      "f0_CNO_death_sum",
      "f0_CNO_death_min",
      "f0_CNO_death_max",
      "f0_CNO_death_mean",
      "f0_CNO_death_std",
      "f1_C_len_sum",
      "f1_C_len_min",
      "f1_C_len_max",
      "f1_C_len_mean",
      "f1_C_len_std",
      "f1_C_birth_sum",
      "f1_C_birth_min",
      "f1_C_birth_max",
      "f1_C_birth_mean",
      "f1_C_birth_std",
      "f1_C_death_sum",
      "f1_C_death_min",
      "f1_C_death_max",
      "f1_C_death_mean",
      "f1_C_death_std",
      "f1_N_len_sum",
      "f1_N_len_min",
      "f1_N_len_max",
      "f1_N_len_mean",
      "f1_N_len_std",
      "f1_N_birth_sum",
      "f1_N_birth_min",
      "f1_N_birth_max",
      "f1_N_birth_mean",
      "f1_N_birth_std",
      "f1_N_death_sum",
      "f1_N_death_min",
      "f1_N_death_max",
      "f1_N_death_mean",
      "f1_N_death_std",
      "f1_O_len_sum",
      "f1_O_len_min",
      "f1_O_len_max",
      "f1_O_len_mean",
      "f1_O_len_std",
      "f1_O_birth_sum",
      "f1_O_birth_min",
      "f1_O_birth_max",
      "f1_O_birth_mean",
      "f1_O_birth_std",
      "f1_O_death_sum",
      "f1_O_death_min",
      "f1_O_death_max",
      "f1_O_death_mean",
      "f1_O_death_std",
      "f1_CN_len_sum",
      "f1_CN_len_min",
      "f1_CN_len_max",
      "f1_CN_len_mean",
      "f1_CN_len_std",
      "f1_CN_birth_sum",
      "f1_CN_birth_min",
      "f1_CN_birth_max",
      "f1_CN_birth_mean",
      "f1_CN_birth_std",
      "f1_CN_death_sum",
      "f1_CN_death_min",
      "f1_CN_death_max",
      "f1_CN_death_mean",
      "f1_CN_death_std",
      "f1_CO_len_sum",
      "f1_CO_len_min",
      "f1_CO_len_max",
      "f1_CO_len_mean",
      "f1_CO_len_std",
      "f1_CO_birth_sum",
      "f1_CO_birth_min",
      "f1_CO_birth_max",
      "f1_CO_birth_mean",
      "f1_CO_birth_std",
      "f1_CO_death_sum",
      "f1_CO_death_min",
      "f1_CO_death_max",
      "f1_CO_death_mean",
      "f1_CO_death_std",
      "f1_NO_len_sum",
      "f1_NO_len_min",
      "f1_NO_len_max",
      "f1_NO_len_mean",
      "f1_NO_len_std",
      "f1_NO_birth_sum",
      "f1_NO_birth_min",
      "f1_NO_birth_max",
      "f1_NO_birth_mean",
      "f1_NO_birth_std",
      "f1_NO_death_sum",
      "f1_NO_death_min",
      "f1_NO_death_max",
      "f1_NO_death_mean",
      "f1_NO_death_std",
      "f1_CNO_len_sum",
      "f1_CNO_len_min",
      "f1_CNO_len_max",
      "f1_CNO_len_mean",
      "f1_CNO_len_std",
      "f1_CNO_birth_sum",
      "f1_CNO_birth_min",
      "f1_CNO_birth_max",
      "f1_CNO_birth_mean",
      "f1_CNO_birth_std",
      "f1_CNO_death_sum",
      "f1_CNO_death_min",
      "f1_CNO_death_max",
      "f1_CNO_death_mean",
      "f1_CNO_death_std",
      "lap_mol_num_nodes",
      "lap_mol_mu1",
      "lap_mol_mu2",
      "lap_mol_mu3",
      "lap_mol_mu4",
      "lap_mol_kappa2",
      "lap_mol_kappa3",
      "lap_mol_kappa4"
    ],
    "dim": 180,
    "source": "/Volumes/PData/Data/Dev/Github/Repos/phd3/qtopo/QTopoQA/qtdaqa/new_dynamic_features/graph_builder2/output/MoL_edge_10A/graph_data/graph_metadata.json"
  }
}
2025-12-03 04:41:03,541 INFO Resolved feature schema: {
  "edge_schema": {
    "dim": 16,
    "module": "edge/edge_plus_lightweight_MoL/v1",
    "variant": "edge_plus_lightweight_MoL/lean",
    "module_params": {
      "distance_max": 10.0,
      "distance_min": 0.0,
      "jobs": 16,
      "lap_estimator": "exact",
      "lap_max_neighbors": 128,
      "lap_profile": false,
      "lap_size_threshold": 80,
      "lap_slq_probes": 8,
      "lap_slq_steps": 32,
      "scale_histogram": true
    },
    "source": "/Volumes/PData/Data/Dev/Github/Repos/phd3/qtopo/QTopoQA/qtdaqa/new_dynamic_features/graph_builder2/output/MoL_edge_10A/graph_data/graph_metadata.json",
    "alias": "Legacy 11D Edge + 5D unweighted Lap moments (mu1-3, kappa2, kappa3) on pair neighborhood = Edge 16D (lean MoL)",
    "jobs": 16,
    "summary": "Legacy histogram plus lean Laplacian moment context on the induced bipartite pair neighborhood (unweighted)."
  },
  "topology_schema": {},
  "node_schema": {
    "columns": [
      "rasa",
      "phi",
      "psi",
      "SS8_0",
      "SS8_1",
      "SS8_2",
      "SS8_3",
      "SS8_4",
      "SS8_5",
      "SS8_6",
      "SS8_7",
      "AA_0",
      "AA_1",
      "AA_2",
      "AA_3",
      "AA_4",
      "AA_5",
      "AA_6",
      "AA_7",
      "AA_8",
      "AA_9",
      "AA_10",
      "AA_11",
      "AA_12",
      "AA_13",
      "AA_14",
      "AA_15",
      "AA_16",
      "AA_17",
      "AA_18",
      "AA_19",
      "AA_20",
      "f0_C_death_sum",
      "f0_C_death_min",
      "f0_C_death_max",
      "f0_C_death_mean",
      "f0_C_death_std",
      "f0_N_death_sum",
      "f0_N_death_min",
      "f0_N_death_max",
      "f0_N_death_mean",
      "f0_N_death_std",
      "f0_O_death_sum",
      "f0_O_death_min",
      "f0_O_death_max",
      "f0_O_death_mean",
      "f0_O_death_std",
      "f0_CN_death_sum",
      "f0_CN_death_min",
      "f0_CN_death_max",
      "f0_CN_death_mean",
      "f0_CN_death_std",
      "f0_CO_death_sum",
      "f0_CO_death_min",
      "f0_CO_death_max",
      "f0_CO_death_mean",
      "f0_CO_death_std",
      "f0_NO_death_sum",
      "f0_NO_death_min",
      "f0_NO_death_max",
      "f0_NO_death_mean",
      "f0_NO_death_std",
      "f0_CNO_death_sum",
      "f0_CNO_death_min",
      "f0_CNO_death_max",
      "f0_CNO_death_mean",
      "f0_CNO_death_std",
      "f1_C_len_sum",
      "f1_C_len_min",
      "f1_C_len_max",
      "f1_C_len_mean",
      "f1_C_len_std",
      "f1_C_birth_sum",
      "f1_C_birth_min",
      "f1_C_birth_max",
      "f1_C_birth_mean",
      "f1_C_birth_std",
      "f1_C_death_sum",
      "f1_C_death_min",
      "f1_C_death_max",
      "f1_C_death_mean",
      "f1_C_death_std",
      "f1_N_len_sum",
      "f1_N_len_min",
      "f1_N_len_max",
      "f1_N_len_mean",
      "f1_N_len_std",
      "f1_N_birth_sum",
      "f1_N_birth_min",
      "f1_N_birth_max",
      "f1_N_birth_mean",
      "f1_N_birth_std",
      "f1_N_death_sum",
      "f1_N_death_min",
      "f1_N_death_max",
      "f1_N_death_mean",
      "f1_N_death_std",
      "f1_O_len_sum",
      "f1_O_len_min",
      "f1_O_len_max",
      "f1_O_len_mean",
      "f1_O_len_std",
      "f1_O_birth_sum",
      "f1_O_birth_min",
      "f1_O_birth_max",
      "f1_O_birth_mean",
      "f1_O_birth_std",
      "f1_O_death_sum",
      "f1_O_death_min",
      "f1_O_death_max",
      "f1_O_death_mean",
      "f1_O_death_std",
      "f1_CN_len_sum",
      "f1_CN_len_min",
      "f1_CN_len_max",
      "f1_CN_len_mean",
      "f1_CN_len_std",
      "f1_CN_birth_sum",
      "f1_CN_birth_min",
      "f1_CN_birth_max",
      "f1_CN_birth_mean",
      "f1_CN_birth_std",
      "f1_CN_death_sum",
      "f1_CN_death_min",
      "f1_CN_death_max",
      "f1_CN_death_mean",
      "f1_CN_death_std",
      "f1_CO_len_sum",
      "f1_CO_len_min",
      "f1_CO_len_max",
      "f1_CO_len_mean",
      "f1_CO_len_std",
      "f1_CO_birth_sum",
      "f1_CO_birth_min",
      "f1_CO_birth_max",
      "f1_CO_birth_mean",
      "f1_CO_birth_std",
      "f1_CO_death_sum",
      "f1_CO_death_min",
      "f1_CO_death_max",
      "f1_CO_death_mean",
      "f1_CO_death_std",
      "f1_NO_len_sum",
      "f1_NO_len_min",
      "f1_NO_len_max",
      "f1_NO_len_mean",
      "f1_NO_len_std",
      "f1_NO_birth_sum",
      "f1_NO_birth_min",
      "f1_NO_birth_max",
      "f1_NO_birth_mean",
      "f1_NO_birth_std",
      "f1_NO_death_sum",
      "f1_NO_death_min",
      "f1_NO_death_max",
      "f1_NO_death_mean",
      "f1_NO_death_std",
      "f1_CNO_len_sum",
      "f1_CNO_len_min",
      "f1_CNO_len_max",
      "f1_CNO_len_mean",
      "f1_CNO_len_std",
      "f1_CNO_birth_sum",
      "f1_CNO_birth_min",
      "f1_CNO_birth_max",
      "f1_CNO_birth_mean",
      "f1_CNO_birth_std",
      "f1_CNO_death_sum",
      "f1_CNO_death_min",
      "f1_CNO_death_max",
      "f1_CNO_death_mean",
      "f1_CNO_death_std",
      "lap_mol_num_nodes",
      "lap_mol_mu1",
      "lap_mol_mu2",
      "lap_mol_mu3",
      "lap_mol_mu4",
      "lap_mol_kappa2",
      "lap_mol_kappa3",
      "lap_mol_kappa4"
    ],
    "dim": 180,
    "source": "/Volumes/PData/Data/Dev/Github/Repos/phd3/qtopo/QTopoQA/qtdaqa/new_dynamic_features/graph_builder2/output/MoL_edge_10A/graph_data/graph_metadata.json"
  }
}
2025-12-03 04:41:03,541 INFO Config: {
  "data_dir": "/Volumes/PData/Data/Dev/Github/Repos/phd3/qtopo/QTopoQA/datasets/evaluation/ABAG-AF3/ABAG-AF3_decoys",
  "work_dir": "/Volumes/PData/Data/Dev/Github/Repos/phd3/qtopo/QTopoQA/qtdaqa/new_dynamic_features/model_inference/output/MoL_edge_10A/work/ABAG-AF3",
  "checkpoint_path": "/Volumes/PData/Data/Dev/Github/Repos/phd3/qtopo/QTopoQA/qtdaqa/new_dynamic_features/model_training/training_runs/polish_seed101_2025-12-02_19-44-27/model_checkpoints/checkpoint.val-0.03487_epoch137.chkpt",
  "results_dir": "/Volumes/PData/Data/Dev/Github/Repos/phd3/qtopo/QTopoQA/qtdaqa/new_dynamic_features/model_inference/output/MoL_edge_10A/results/val-0.03487_epoch137/ABAG-AF3",
  "output_file": "/Volumes/PData/Data/Dev/Github/Repos/phd3/qtopo/QTopoQA/qtdaqa/new_dynamic_features/model_inference/output/MoL_edge_10A/results/val-0.03487_epoch137/ABAG-AF3/inference_results.csv",
  "label_file": "/Volumes/PData/Data/Dev/Github/Repos/phd3/qtopo/QTopoQA/datasets/evaluation/ABAG-AF3/label_info.csv",
  "batch_size": 32,
  "num_workers": 0,
  "builder": {
    "jobs": 24,
    "topology_dedup_sort": null,
    "dump_edges": null,
    "sort_artifacts": false,
    "feature_config": null,
    "features": {},
    "builder_name": null
  },
  "reuse_existing_graphs": true,
  "use_checkpoint_schema": true,
  "force_node_dim": null,
  "interface_schema": {},
  "topology_schema": {},
  "node_schema": {},
  "edge_schema": {},
  "training_root": "/Volumes/PData/Data/Dev/Github/Repos/phd3/qtopo/QTopoQA/qtdaqa/new_dynamic_features/model_training/training_runs",
  "config_name": "config.yaml.ABAG-AF3",
  "dataset_name": "ABAG-AF3",
  "work_dir_base": "/Volumes/PData/Data/Dev/Github/Repos/phd3/qtopo/QTopoQA/qtdaqa/new_dynamic_features/model_inference/output/MoL_edge_10A/work",
  "results_dir_base": "/Volumes/PData/Data/Dev/Github/Repos/phd3/qtopo/QTopoQA/qtdaqa/new_dynamic_features/model_inference/output/MoL_edge_10A/results/val-0.03487_epoch137",
  "check_schema": false
}
2025-12-03 04:41:03,541 INFO Config: {
  "data_dir": "/Volumes/PData/Data/Dev/Github/Repos/phd3/qtopo/QTopoQA/datasets/evaluation/BM55-AF2/BM55-AF2_decoys",
  "work_dir": "/Volumes/PData/Data/Dev/Github/Repos/phd3/qtopo/QTopoQA/qtdaqa/new_dynamic_features/model_inference/output/MoL_edge_10A/work/BM55-AF2",
  "checkpoint_path": "/Volumes/PData/Data/Dev/Github/Repos/phd3/qtopo/QTopoQA/qtdaqa/new_dynamic_features/model_training/training_runs/polish_seed101_2025-12-02_19-44-27/model_checkpoints/checkpoint.val-0.03487_epoch137.chkpt",
  "results_dir": "/Volumes/PData/Data/Dev/Github/Repos/phd3/qtopo/QTopoQA/qtdaqa/new_dynamic_features/model_inference/output/MoL_edge_10A/results/val-0.03487_epoch137/BM55-AF2",
  "output_file": "/Volumes/PData/Data/Dev/Github/Repos/phd3/qtopo/QTopoQA/qtdaqa/new_dynamic_features/model_inference/output/MoL_edge_10A/results/val-0.03487_epoch137/BM55-AF2/inference_results.csv",
  "label_file": "/Volumes/PData/Data/Dev/Github/Repos/phd3/qtopo/QTopoQA/datasets/evaluation/BM55-AF2/label_info.csv",
  "batch_size": 32,
  "num_workers": 0,
  "builder": {
    "jobs": 8,
    "topology_dedup_sort": null,
    "dump_edges": null,
    "sort_artifacts": false,
    "feature_config": null,
    "features": {},
    "builder_name": null
  },
  "reuse_existing_graphs": true,
  "use_checkpoint_schema": true,
  "force_node_dim": null,
  "interface_schema": {},
  "topology_schema": {},
  "node_schema": {},
  "edge_schema": {},
  "training_root": "/Volumes/PData/Data/Dev/Github/Repos/phd3/qtopo/QTopoQA/qtdaqa/new_dynamic_features/model_training/training_runs",
  "config_name": "config.yaml.BM55-AF2",
  "dataset_name": "BM55-AF2",
  "work_dir_base": "/Volumes/PData/Data/Dev/Github/Repos/phd3/qtopo/QTopoQA/qtdaqa/new_dynamic_features/model_inference/output/MoL_edge_10A/work",
  "results_dir_base": "/Volumes/PData/Data/Dev/Github/Repos/phd3/qtopo/QTopoQA/qtdaqa/new_dynamic_features/model_inference/output/MoL_edge_10A/results/val-0.03487_epoch137",
  "check_schema": false
}
2025-12-03 04:41:03,541 INFO Feature metadata written to /Volumes/PData/Data/Dev/Github/Repos/phd3/qtopo/QTopoQA/qtdaqa/new_dynamic_features/model_inference/output/MoL_edge_10A/work/BM55-AF2/feature_metadata.json
2025-12-03 04:41:03,541 INFO Feature metadata written to /Volumes/PData/Data/Dev/Github/Repos/phd3/qtopo/QTopoQA/qtdaqa/new_dynamic_features/model_inference/output/MoL_edge_10A/work/ABAG-AF3/feature_metadata.json
2025-12-03 04:41:03,541 INFO 
2025-12-03 04:41:03,541 INFO Checkpoint file: /Volumes/PData/Data/Dev/Github/Repos/phd3/qtopo/QTopoQA/qtdaqa/new_dynamic_features/model_training/training_runs/polish_seed101_2025-12-02_19-44-27/model_checkpoints/checkpoint.val-0.03487_epoch137.chkpt
2025-12-03 04:41:03,541 INFO Inference config: config.yaml.ABAG-AF3
2025-12-03 04:41:03,541 INFO 
2025-12-03 04:41:03,541 INFO Checkpoint file: /Volumes/PData/Data/Dev/Github/Repos/phd3/qtopo/QTopoQA/qtdaqa/new_dynamic_features/model_training/training_runs/polish_seed101_2025-12-02_19-44-27/model_checkpoints/checkpoint.val-0.03487_epoch137.chkpt
2025-12-03 04:41:03,541 INFO 
2025-12-03 04:41:03,541 INFO Inference config: config.yaml.BM55-AF2
2025-12-03 04:41:03,541 INFO 
2025-12-03 04:41:03,542 INFO Building graphs using qtdaqa.new_dynamic_features.graph_builder2.graph_builder2 (selection source: checkpoint).
2025-12-03 04:41:03,542 INFO Running graph builder (qtdaqa.new_dynamic_features.graph_builder2.graph_builder2): /Volumes/PData/Data/Dev/Github/Repos/phd3/qtopo/venv_qtopo/bin/python3 -m qtdaqa.new_dynamic_features.graph_builder2.graph_builder2 --dataset-dir /Volumes/PData/Data/Dev/Github/Repos/phd3/qtopo/QTopoQA/datasets/evaluation/HAF2/HAF2_decoys --work-dir /Volumes/PData/Data/Dev/Github/Repos/phd3/qtopo/QTopoQA/qtdaqa/new_dynamic_features/model_inference/output/MoL_edge_10A/work/HAF2/builder_work --graph-dir /Volumes/PData/Data/Dev/Github/Repos/phd3/qtopo/QTopoQA/qtdaqa/new_dynamic_features/model_inference/output/MoL_edge_10A/work/HAF2/graph_data --log-dir /Volumes/PData/Data/Dev/Github/Repos/phd3/qtopo/QTopoQA/qtdaqa/new_dynamic_features/model_inference/output/MoL_edge_10A/work/HAF2/builder_logs --jobs 12 --no-sort-artifacts --feature-config /Volumes/PData/Data/Dev/Github/Repos/phd3/qtopo/QTopoQA/qtdaqa/new_dynamic_features/model_inference/output/MoL_edge_10A/work/HAF2/builder_features/features.from_metadata.yaml
2025-12-03 04:41:03,543 INFO Building graphs using qtdaqa.new_dynamic_features.graph_builder2.graph_builder2 (selection source: checkpoint).
2025-12-03 04:41:03,543 INFO Building graphs using qtdaqa.new_dynamic_features.graph_builder2.graph_builder2 (selection source: checkpoint).
2025-12-03 04:41:03,544 INFO Running graph builder (qtdaqa.new_dynamic_features.graph_builder2.graph_builder2): /Volumes/PData/Data/Dev/Github/Repos/phd3/qtopo/venv_qtopo/bin/python3 -m qtdaqa.new_dynamic_features.graph_builder2.graph_builder2 --dataset-dir /Volumes/PData/Data/Dev/Github/Repos/phd3/qtopo/QTopoQA/datasets/evaluation/BM55-AF2/BM55-AF2_decoys --work-dir /Volumes/PData/Data/Dev/Github/Repos/phd3/qtopo/QTopoQA/qtdaqa/new_dynamic_features/model_inference/output/MoL_edge_10A/work/BM55-AF2/builder_work --graph-dir /Volumes/PData/Data/Dev/Github/Repos/phd3/qtopo/QTopoQA/qtdaqa/new_dynamic_features/model_inference/output/MoL_edge_10A/work/BM55-AF2/graph_data --log-dir /Volumes/PData/Data/Dev/Github/Repos/phd3/qtopo/QTopoQA/qtdaqa/new_dynamic_features/model_inference/output/MoL_edge_10A/work/BM55-AF2/builder_logs --jobs 8 --no-sort-artifacts --feature-config /Volumes/PData/Data/Dev/Github/Repos/phd3/qtopo/QTopoQA/qtdaqa/new_dynamic_features/model_inference/output/MoL_edge_10A/work/BM55-AF2/builder_features/features.from_metadata.yaml
2025-12-03 04:41:03,544 INFO Running graph builder (qtdaqa.new_dynamic_features.graph_builder2.graph_builder2): /Volumes/PData/Data/Dev/Github/Repos/phd3/qtopo/venv_qtopo/bin/python3 -m qtdaqa.new_dynamic_features.graph_builder2.graph_builder2 --dataset-dir /Volumes/PData/Data/Dev/Github/Repos/phd3/qtopo/QTopoQA/datasets/evaluation/ABAG-AF3/ABAG-AF3_decoys --work-dir /Volumes/PData/Data/Dev/Github/Repos/phd3/qtopo/QTopoQA/qtdaqa/new_dynamic_features/model_inference/output/MoL_edge_10A/work/ABAG-AF3/builder_work --graph-dir /Volumes/PData/Data/Dev/Github/Repos/phd3/qtopo/QTopoQA/qtdaqa/new_dynamic_features/model_inference/output/MoL_edge_10A/work/ABAG-AF3/graph_data --log-dir /Volumes/PData/Data/Dev/Github/Repos/phd3/qtopo/QTopoQA/qtdaqa/new_dynamic_features/model_inference/output/MoL_edge_10A/work/ABAG-AF3/builder_logs --jobs 24 --no-sort-artifacts --feature-config /Volumes/PData/Data/Dev/Github/Repos/phd3/qtopo/QTopoQA/qtdaqa/new_dynamic_features/model_inference/output/MoL_edge_10A/work/ABAG-AF3/builder_features/features.from_metadata.yaml
2025-12-03 04:41:03 INFO PDB warnings suppressed (use --pdb-warnings to enable).
2025-12-03 04:41:03 INFO Loading feature configuration from /Volumes/PData/Data/Dev/Github/Repos/phd3/qtopo/QTopoQA/qtdaqa/new_dynamic_features/model_inference/output/MoL_edge_10A/work/BM55-AF2/builder_features/features.from_metadata.yaml
2025-12-03 04:41:03 INFO PDB warnings suppressed (use --pdb-warnings to enable).
2025-12-03 04:41:03 INFO Loading feature configuration from /Volumes/PData/Data/Dev/Github/Repos/phd3/qtopo/QTopoQA/qtdaqa/new_dynamic_features/model_inference/output/MoL_edge_10A/work/ABAG-AF3/builder_features/features.from_metadata.yaml
2025-12-03 04:41:03 INFO PDB warnings suppressed (use --pdb-warnings to enable).
2025-12-03 04:41:03 INFO Loading feature configuration from /Volumes/PData/Data/Dev/Github/Repos/phd3/qtopo/QTopoQA/qtdaqa/new_dynamic_features/model_inference/output/MoL_edge_10A/work/HAF2/builder_features/features.from_metadata.yaml
2025-12-03 04:41:04 INFO Prepared log directory: /Volumes/PData/Data/Dev/Github/Repos/phd3/qtopo/QTopoQA/qtdaqa/new_dynamic_features/model_inference/output/MoL_edge_10A/work/BM55-AF2/builder_logs/graph_builder.2025-12-03_04-41-03
2025-12-03 04:41:04 INFO Dataset directory: /Volumes/PData/Data/Dev/Github/Repos/phd3/qtopo/QTopoQA/datasets/evaluation/BM55-AF2/BM55-AF2_decoys
2025-12-03 04:41:04 INFO Work directory: /Volumes/PData/Data/Dev/Github/Repos/phd3/qtopo/QTopoQA/qtdaqa/new_dynamic_features/model_inference/output/MoL_edge_10A/work/BM55-AF2/builder_work
2025-12-03 04:41:04 INFO Graph directory: /Volumes/PData/Data/Dev/Github/Repos/phd3/qtopo/QTopoQA/qtdaqa/new_dynamic_features/model_inference/output/MoL_edge_10A/work/BM55-AF2/graph_data
2025-12-03 04:41:04 INFO Jobs: 8 (from CLI)
2025-12-03 04:41:04 INFO Interface module: interface/polar_cutoff/v1 [alias: residue ID + 3D coordinates (x,y,z) default cutoff 10A | TopoQA] (jobs=16)
2025-12-03 04:41:04 INFO Topology module : topology/lightweight_MoL/v1 [alias: 140D PH + 8D unweighted Lap moments (mu1-4, kappa2-4) = Topology 148D (lean MoL)] (jobs=16)
2025-12-03 04:41:04 INFO Node module     : node/dssp_topo_merge_passthrough/v1 [alias: Passthrough (all dims from topology module) + 32D DSSP = Node Dynamic Dims] (jobs=16)
2025-12-03 04:41:04 INFO Edge module     : edge/edge_plus_lightweight_MoL/v1 [alias: Legacy 11D Edge + 5D unweighted Lap moments (mu1-3, kappa2, kappa3) on pair neighborhood = Edge 16D (lean MoL)] (jobs=16)
2025-12-03 04:41:04 INFO Artifact CSV sorting: disabled via --no-sort-artifacts (interface ordering always deterministic)
2025-12-03 04:41:04 INFO Identified 449 PDB files for processing.
2025-12-03 04:41:04 INFO Beginning interface stage (jobs=16)
2025-12-03 04:41:04 INFO Prepared log directory: /Volumes/PData/Data/Dev/Github/Repos/phd3/qtopo/QTopoQA/qtdaqa/new_dynamic_features/model_inference/output/MoL_edge_10A/work/HAF2/builder_logs/graph_builder.2025-12-03_04-41-03
2025-12-03 04:41:04 INFO Dataset directory: /Volumes/PData/Data/Dev/Github/Repos/phd3/qtopo/QTopoQA/datasets/evaluation/HAF2/HAF2_decoys
2025-12-03 04:41:04 INFO Work directory: /Volumes/PData/Data/Dev/Github/Repos/phd3/qtopo/QTopoQA/qtdaqa/new_dynamic_features/model_inference/output/MoL_edge_10A/work/HAF2/builder_work
2025-12-03 04:41:04 INFO Graph directory: /Volumes/PData/Data/Dev/Github/Repos/phd3/qtopo/QTopoQA/qtdaqa/new_dynamic_features/model_inference/output/MoL_edge_10A/work/HAF2/graph_data
2025-12-03 04:41:04 INFO Jobs: 12 (from CLI)
2025-12-03 04:41:04 INFO Interface module: interface/polar_cutoff/v1 [alias: residue ID + 3D coordinates (x,y,z) default cutoff 10A | TopoQA] (jobs=16)
2025-12-03 04:41:04 INFO Topology module : topology/lightweight_MoL/v1 [alias: 140D PH + 8D unweighted Lap moments (mu1-4, kappa2-4) = Topology 148D (lean MoL)] (jobs=16)
2025-12-03 04:41:04 INFO Node module     : node/dssp_topo_merge_passthrough/v1 [alias: Passthrough (all dims from topology module) + 32D DSSP = Node Dynamic Dims] (jobs=16)
2025-12-03 04:41:04 INFO Edge module     : edge/edge_plus_lightweight_MoL/v1 [alias: Legacy 11D Edge + 5D unweighted Lap moments (mu1-3, kappa2, kappa3) on pair neighborhood = Edge 16D (lean MoL)] (jobs=16)
2025-12-03 04:41:04 INFO Artifact CSV sorting: disabled via --no-sort-artifacts (interface ordering always deterministic)
2025-12-03 04:41:04 INFO Prepared log directory: /Volumes/PData/Data/Dev/Github/Repos/phd3/qtopo/QTopoQA/qtdaqa/new_dynamic_features/model_inference/output/MoL_edge_10A/work/ABAG-AF3/builder_logs/graph_builder.2025-12-03_04-41-03
2025-12-03 04:41:04 INFO Dataset directory: /Volumes/PData/Data/Dev/Github/Repos/phd3/qtopo/QTopoQA/datasets/evaluation/ABAG-AF3/ABAG-AF3_decoys
2025-12-03 04:41:04 INFO Work directory: /Volumes/PData/Data/Dev/Github/Repos/phd3/qtopo/QTopoQA/qtdaqa/new_dynamic_features/model_inference/output/MoL_edge_10A/work/ABAG-AF3/builder_work
2025-12-03 04:41:04 INFO Graph directory: /Volumes/PData/Data/Dev/Github/Repos/phd3/qtopo/QTopoQA/qtdaqa/new_dynamic_features/model_inference/output/MoL_edge_10A/work/ABAG-AF3/graph_data
2025-12-03 04:41:04 INFO Jobs: 24 (from CLI)
2025-12-03 04:41:04 INFO Interface module: interface/polar_cutoff/v1 [alias: residue ID + 3D coordinates (x,y,z) default cutoff 10A | TopoQA] (jobs=16)
2025-12-03 04:41:04 INFO Topology module : topology/lightweight_MoL/v1 [alias: 140D PH + 8D unweighted Lap moments (mu1-4, kappa2-4) = Topology 148D (lean MoL)] (jobs=16)
2025-12-03 04:41:04 INFO Node module     : node/dssp_topo_merge_passthrough/v1 [alias: Passthrough (all dims from topology module) + 32D DSSP = Node Dynamic Dims] (jobs=16)
2025-12-03 04:41:04 INFO Edge module     : edge/edge_plus_lightweight_MoL/v1 [alias: Legacy 11D Edge + 5D unweighted Lap moments (mu1-3, kappa2, kappa3) on pair neighborhood = Edge 16D (lean MoL)] (jobs=16)
2025-12-03 04:41:04 INFO Artifact CSV sorting: disabled via --no-sort-artifacts (interface ordering always deterministic)
2025-12-03 04:41:04 INFO Identified 1270 PDB files for processing.
2025-12-03 04:41:04 INFO Beginning interface stage (jobs=16)
2025-12-03 04:41:04 INFO Identified 875 PDB files for processing.
2025-12-03 04:41:04 INFO Beginning interface stage (jobs=16)
2025-12-03 04:41:16 INFO [Interface - BM55-AF2_decoys] 4.9% complete (22/449)
2025-12-03 04:41:20 INFO [Interface - BM55-AF2_decoys] 9.8% complete (44/449)
2025-12-03 04:41:30 INFO [Interface - BM55-AF2_decoys] 14.7% complete (66/449)
2025-12-03 04:41:35 INFO [Interface - BM55-AF2_decoys] 19.6% complete (88/449)
2025-12-03 04:41:39 INFO [Interface - BM55-AF2_decoys] 24.5% complete (110/449)
2025-12-03 04:41:44 INFO [Interface - BM55-AF2_decoys] 29.4% complete (132/449)
2025-12-03 04:41:45 INFO [Interface - ABAG-AF3_decoys] 4.9% complete (43/875)
2025-12-03 04:41:46 INFO [Interface - BM55-AF2_decoys] 34.3% complete (154/449)
2025-12-03 04:41:47 INFO [Interface - BM55-AF2_decoys] 39.2% complete (176/449)
2025-12-03 04:41:49 INFO [Interface - BM55-AF2_decoys] 44.1% complete (198/449)
2025-12-03 04:41:51 INFO [Interface - BM55-AF2_decoys] 49.0% complete (220/449)
2025-12-03 04:41:54 INFO [Interface - HAF2_decoys] 5.0% complete (63/1270)
2025-12-03 04:41:54 INFO [Interface - BM55-AF2_decoys] 53.9% complete (242/449)
2025-12-03 04:41:58 INFO [Interface - BM55-AF2_decoys] 58.8% complete (264/449)
2025-12-03 04:42:00 INFO [Interface - BM55-AF2_decoys] 63.7% complete (286/449)
2025-12-03 04:42:06 INFO [Interface - BM55-AF2_decoys] 68.6% complete (308/449)
2025-12-03 04:42:12 INFO [Interface - BM55-AF2_decoys] 73.5% complete (330/449)
2025-12-03 04:42:18 INFO [Interface - BM55-AF2_decoys] 78.4% complete (352/449)
2025-12-03 04:42:20 INFO [Interface - BM55-AF2_decoys] 83.3% complete (374/449)
2025-12-03 04:42:24 INFO [Interface - BM55-AF2_decoys] 88.2% complete (396/449)
2025-12-03 04:42:27 INFO [Interface - BM55-AF2_decoys] 93.1% complete (418/449)
2025-12-03 04:42:30 INFO [Interface - BM55-AF2_decoys] 98.0% complete (440/449)
2025-12-03 04:42:30 INFO [Interface - BM55-AF2_decoys] 100.0% complete (449/449)
2025-12-03 04:42:30 INFO Interface stage complete: 449 success, 0 failures
2025-12-03 04:42:30 INFO Interface feature extraction elapsed time: 85.98 s
2025-12-03 04:42:30 INFO Beginning topology stage (jobs=16)
2025-12-03 04:42:42 INFO [Interface - ABAG-AF3_decoys] 9.8% complete (86/875)
2025-12-03 04:42:47 INFO [Interface - HAF2_decoys] 9.9% complete (126/1270)
2025-12-03 04:42:56 INFO [Interface - ABAG-AF3_decoys] 14.7% complete (129/875)
2025-12-03 04:43:07 INFO [Interface - ABAG-AF3_decoys] 19.7% complete (172/875)
2025-12-03 04:43:13 INFO [Interface - ABAG-AF3_decoys] 24.6% complete (215/875)
2025-12-03 04:43:14 INFO [Topology (PH+MoL) - BM55-AF2_decoys] 4.9% complete (22/449)
2025-12-03 04:43:15 INFO [Interface - HAF2_decoys] 14.9% complete (189/1270)
2025-12-03 04:43:20 INFO [Interface - HAF2_decoys] 19.8% complete (252/1270)
2025-12-03 04:43:20 INFO [Interface - ABAG-AF3_decoys] 29.5% complete (258/875)
2025-12-03 04:43:29 INFO [Interface - ABAG-AF3_decoys] 34.4% complete (301/875)
2025-12-03 04:43:39 INFO [Topology (PH+MoL) - BM55-AF2_decoys] 9.8% complete (44/449)
2025-12-03 04:43:43 INFO [Interface - HAF2_decoys] 24.8% complete (315/1270)
2025-12-03 04:43:49 INFO [Interface - ABAG-AF3_decoys] 39.3% complete (344/875)
2025-12-03 04:44:03 INFO [Interface - HAF2_decoys] 29.8% complete (378/1270)
2025-12-03 04:44:16 INFO [Interface - HAF2_decoys] 34.7% complete (441/1270)
2025-12-03 04:44:26 INFO [Interface - HAF2_decoys] 39.7% complete (504/1270)
2025-12-03 04:44:31 INFO [Interface - HAF2_decoys] 44.6% complete (567/1270)
2025-12-03 04:44:35 INFO [Interface - ABAG-AF3_decoys] 44.2% complete (387/875)
2025-12-03 04:44:44 INFO [Topology (PH+MoL) - BM55-AF2_decoys] 14.7% complete (66/449)
