1. polish_seed888_2025-12-11_21-29-03
   primary_metric: val_loss = 0.03881018981337547
   secondary_metric: val_spearman_corr = 0.7734512686729431
   val_loss: 0.03881018981337547
   selection_metric: 0.03881018981337547
   checkpoint: training_runs/polish_seed888_2025-12-11_21-29-03/model_checkpoints/checkpoint.val-0.03881_epoch173.chkpt
   builder_advisory: edge module: edge/legacy_band/v11; variant: legacy_v11; builder: graph_builder2 — ensure inference uses a builder with these modules/variants.

2. polish_lr_low_seed555_2025-12-11_20-30-42
   primary_metric: val_loss = 0.04144904762506485
   secondary_metric: val_spearman_corr = 0.776919960975647
   val_loss: 0.04144904762506485
   selection_metric: 0.04144904762506485
   checkpoint: training_runs/polish_lr_low_seed555_2025-12-11_20-30-42/model_checkpoints/checkpoint.val-0.04145_epoch169.chkpt
   builder_advisory: edge module: edge/legacy_band/v11; variant: legacy_v11; builder: graph_builder2 — ensure inference uses a builder with these modules/variants.

3. polish_seed101_2025-12-11_18-10-18
   primary_metric: val_loss = 0.04177785664796829
   secondary_metric: val_spearman_corr = 0.7529606223106384
   val_loss: 0.04177785664796829
   selection_metric: 0.04177785664796829
   checkpoint: training_runs/polish_seed101_2025-12-11_18-10-18/model_checkpoints/checkpoint.val-0.04178_epoch222.chkpt
   builder_advisory: edge module: edge/legacy_band/v11; variant: legacy_v11; builder: graph_builder2 — ensure inference uses a builder with these modules/variants.

