1. polish_seed555_2025-12-23_22-00-14
   primary_metric: tuning_rank_spearman = 0.4096459150314331
   secondary_metric: val_spearman_corr = 0.6785435676574707
   val_loss: 0.07360013574361801
   selection_metric: 0.07360013574361801
   checkpoint: training_runs2/polish_seed555_2025-12-23_22-00-14/model_checkpoints/checkpoint.tuning_rank_spearman-0.40965_val-0.10147_epoch018.chkpt
   builder_advisory: edge module: edge/legacy_band/v11; variant: legacy_v11; builder: graph_builder2 — ensure inference uses a builder with these modules/variants.

2. sched_boost_lr035_lean_seed222_2025-12-23_17-57-50_phase2_seed555
   primary_metric: tuning_rank_spearman = 0.33369964361190796
   secondary_metric: val_spearman_corr = 0.6110882759094238
   val_loss: 0.08664269000291824
   selection_metric: 0.08664269000291824
   checkpoint: training_runs2/sched_boost_lr035_lean_seed222_2025-12-23_17-57-50_phase2_seed555/model_checkpoints/checkpoint.tuning_rank_spearman-0.33370_val-0.12144_epoch006.chkpt
   builder_advisory: edge module: edge/legacy_band/v11; variant: legacy_v11; builder: graph_builder2 — ensure inference uses a builder with these modules/variants.

3. polish_lr_low_seed555_2025-12-23_22-24-01
   primary_metric: tuning_rank_spearman = 0.313614159822464
   secondary_metric: val_spearman_corr = 0.7482945919036865
   val_loss: 0.05779590830206871
   selection_metric: 0.05779590830206871
   checkpoint: training_runs2/polish_lr_low_seed555_2025-12-23_22-24-01/model_checkpoints/checkpoint.tuning_rank_spearman-0.31361_val-0.08585_epoch008.chkpt
   builder_advisory: edge module: edge/legacy_band/v11; variant: legacy_v11; builder: graph_builder2 — ensure inference uses a builder with these modules/variants.

4. polish_lr_low_seed101_2025-12-23_20-11-06
   primary_metric: tuning_rank_spearman = 0.3057154417037964
   secondary_metric: val_spearman_corr = 0.7689340114593506
   val_loss: 0.04677226394414902
   selection_metric: 0.04677226394414902
   checkpoint: training_runs2/polish_lr_low_seed101_2025-12-23_20-11-06/model_checkpoints/checkpoint.tuning_rank_spearman-0.30572_val-0.07462_epoch130.chkpt
   builder_advisory: edge module: edge/legacy_band/v11; variant: legacy_v11; builder: graph_builder2 — ensure inference uses a builder with these modules/variants.

5. polish_seed101_2025-12-23_19-28-37_phase2_seed555
   primary_metric: tuning_rank_spearman = 0.2987179458141327
   secondary_metric: val_spearman_corr = 0.683137834072113
   val_loss: 0.07143987715244293
   selection_metric: 0.07143987715244293
   checkpoint: training_runs2/polish_seed101_2025-12-23_19-28-37_phase2_seed555/model_checkpoints/checkpoint.tuning_rank_spearman-0.29872_val-0.11619_epoch068.chkpt
   builder_advisory: edge module: edge/legacy_band/v11; variant: legacy_v11; builder: graph_builder2 — ensure inference uses a builder with these modules/variants.

6. polish_seed888_2025-12-23_22-59-37
   primary_metric: tuning_rank_spearman = 0.20646104216575623
   secondary_metric: val_spearman_corr = 0.6333051323890686
   val_loss: 0.07964424043893814
   selection_metric: 0.07964424043893814
   checkpoint: training_runs2/polish_seed888_2025-12-23_22-59-37/model_checkpoints/checkpoint.tuning_rank_spearman-0.20646_val-0.08253_epoch026.chkpt
   builder_advisory: edge module: edge/legacy_band/v11; variant: legacy_v11; builder: graph_builder2 — ensure inference uses a builder with these modules/variants.

7. polish_lr_low_seed888_2025-12-23_23-26-01
   primary_metric: tuning_rank_spearman = 0.18997293710708618
   secondary_metric: val_spearman_corr = 0.7367416024208069
   val_loss: 0.05256805196404457
   selection_metric: 0.05256805196404457
   checkpoint: training_runs2/polish_lr_low_seed888_2025-12-23_23-26-01/model_checkpoints/checkpoint.tuning_rank_spearman-0.18997_val-0.08030_epoch012.chkpt
   builder_advisory: edge module: edge/legacy_band/v11; variant: legacy_v11; builder: graph_builder2 — ensure inference uses a builder with these modules/variants.

8. polish_seed101_2025-12-23_19-28-37
   primary_metric: tuning_rank_spearman = 0.18076518177986145
   secondary_metric: val_spearman_corr = 0.6789460182189941
   val_loss: 0.06884881854057312
   selection_metric: 0.06884881854057312
   checkpoint: training_runs2/polish_seed101_2025-12-23_19-28-37/model_checkpoints/checkpoint.tuning_rank_spearman-0.18077_val-0.09186_epoch065.chkpt
   builder_advisory: edge module: edge/legacy_band/v11; variant: legacy_v11; builder: graph_builder2 — ensure inference uses a builder with these modules/variants.

