1. polish_lr_low_seed101_2025-12-19_15-55-17_phase2_seed555
   primary_metric: val_loss = 0.03827805444598198
   secondary_metric: val_spearman_corr = 0.7917541265487671
   val_loss: 0.03827805444598198
   selection_metric: 0.03827805444598198
   checkpoint: training_runs/polish_lr_low_seed101_2025-12-19_15-55-17_phase2_seed555/model_checkpoints/checkpoint.val-0.03828_epoch174.chkpt
   builder_advisory: edge module: edge/legacy_band/v11; variant: legacy_v11; builder: graph_builder2 — ensure inference uses a builder with these modules/variants.

2. polish_lr_low_seed101_2025-12-19_15-55-17_phase1
   primary_metric: val_loss = 0.03859427571296692
   secondary_metric: val_spearman_corr = 0.7879256010055542
   val_loss: 0.03859427571296692
   selection_metric: 0.03859427571296692
   checkpoint: training_runs/polish_lr_low_seed101_2025-12-19_15-55-17_phase1/model_checkpoints/checkpoint.val-0.03859_epoch173.chkpt
   builder_advisory: edge module: edge/legacy_band/v11; variant: legacy_v11; builder: graph_builder2 — ensure inference uses a builder with these modules/variants.

3. polish_lr_low_seed101_2025-12-19_15-55-17_phase2_seed888
   primary_metric: val_loss = 0.03860396891832352
   secondary_metric: val_spearman_corr = 0.7916340231895447
   val_loss: 0.03860396891832352
   selection_metric: 0.03860396891832352
   checkpoint: training_runs/polish_lr_low_seed101_2025-12-19_15-55-17_phase2_seed888/model_checkpoints/checkpoint.val-0.03860_epoch216.chkpt
   builder_advisory: edge module: edge/legacy_band/v11; variant: legacy_v11; builder: graph_builder2 — ensure inference uses a builder with these modules/variants.

