Running Inference on BM55-AF2 in 11d_topoqa_10A_sort_order_2
Running Inference on HAF2 in 11d_topoqa_10A_sort_order_2
Running Inference on ABAG-AF3 in 11d_topoqa_10A_sort_order_2
Waiting for Inference to complete ...
2025-11-24 21:58:06,975 INFO Auto-selected checkpoint /Volumes/PData/Data/Dev/Github/Repos/phd3/qtopo/QTopoQA/qtdaqa/new_dynamic_features/model_training/training_runs/latest_phase2_seed555/model_checkpoints/checkpoint.val-0.04007_epoch278.chkpt (score=0.04006984829902649, run=latest_phase2_seed555) from training root /Volumes/PData/Data/Dev/Github/Repos/phd3/qtopo/QTopoQA/qtdaqa/new_dynamic_features/model_training/training_runs
2025-11-24 21:58:06,980 INFO Resolved feature schema: {
  "edge_schema": {
    "dim": 11,
    "module": "edge/legacy_band/v11",
    "variant": "legacy_v11",
    "module_params": {
      "distance_max": 10.0,
      "distance_min": 0.0,
      "jobs": 16,
      "scale_features": true
    },
    "source": "/Volumes/PData/Data/Dev/Github/Repos/phd3/qtopo/QTopoQA/qtdaqa/new_dynamic_features/graph_builder2/output/11d_topoqa_10A_sort_order_2/graph_data/graph_metadata.json",
    "alias": "TopoQA default 10A cutoff",
    "jobs": 16,
    "summary": "11-D legacy edge features (distance + atom distance histogram)."
  },
  "topology_schema": {}
}
2025-11-24 21:58:06,980 INFO Config: {
  "data_dir": "/Volumes/PData/Data/Dev/Github/Repos/phd3/qtopo/QTopoQA/datasets/evaluation/ABAG-AF3/ABAG-AF3_structures",
  "work_dir": "/Volumes/PData/Data/Dev/Github/Repos/phd3/qtopo/QTopoQA/qtdaqa/new_dynamic_features/model_inference/output/11d_topoqa_10A_sort_order_2/work/ABAG-AF3",
  "checkpoint_path": "/Volumes/PData/Data/Dev/Github/Repos/phd3/qtopo/QTopoQA/qtdaqa/new_dynamic_features/model_training/training_runs/latest_phase2_seed555/model_checkpoints/checkpoint.val-0.04007_epoch278.chkpt",
  "results_dir": "/Volumes/PData/Data/Dev/Github/Repos/phd3/qtopo/QTopoQA/qtdaqa/new_dynamic_features/model_inference/output/11d_topoqa_10A_sort_order_2/results/ABAG-AF3",
  "output_file": "/Volumes/PData/Data/Dev/Github/Repos/phd3/qtopo/QTopoQA/qtdaqa/new_dynamic_features/model_inference/output/11d_topoqa_10A_sort_order_2/results/ABAG-AF3/inference_results.csv",
  "label_file": "/Volumes/PData/Data/Dev/Github/Repos/phd3/qtopo/QTopoQA/datasets/evaluation/ABAG-AF3/label_info.csv",
  "batch_size": 32,
  "num_workers": 0,
  "builder": {
    "jobs": 6,
    "topology_dedup_sort": null,
    "dump_edges": null,
    "feature_config": null,
    "features": {},
    "builder_name": null
  },
  "reuse_existing_graphs": true,
  "use_checkpoint_schema": true,
  "interface_schema": {},
  "topology_schema": {},
  "node_schema": {},
  "edge_schema": {},
  "training_root": "/Volumes/PData/Data/Dev/Github/Repos/phd3/qtopo/QTopoQA/qtdaqa/new_dynamic_features/model_training/training_runs",
  "config_name": "config.yaml.ABAG-AF3",
  "dataset_name": "ABAG-AF3",
  "work_dir_base": "/Volumes/PData/Data/Dev/Github/Repos/phd3/qtopo/QTopoQA/qtdaqa/new_dynamic_features/model_inference/output/11d_topoqa_10A_sort_order_2/work",
  "results_dir_base": "/Volumes/PData/Data/Dev/Github/Repos/phd3/qtopo/QTopoQA/qtdaqa/new_dynamic_features/model_inference/output/11d_topoqa_10A_sort_order_2/results"
}
2025-11-24 21:58:06,980 INFO Feature metadata written to /Volumes/PData/Data/Dev/Github/Repos/phd3/qtopo/QTopoQA/qtdaqa/new_dynamic_features/model_inference/output/11d_topoqa_10A_sort_order_2/work/ABAG-AF3/feature_metadata.json
2025-11-24 21:58:06,980 INFO 
2025-11-24 21:58:06,980 INFO Checkpoint file: /Volumes/PData/Data/Dev/Github/Repos/phd3/qtopo/QTopoQA/qtdaqa/new_dynamic_features/model_training/training_runs/latest_phase2_seed555/model_checkpoints/checkpoint.val-0.04007_epoch278.chkpt
2025-11-24 21:58:06,980 INFO Inference config: config.yaml.ABAG-AF3
2025-11-24 21:58:06,980 INFO 
2025-11-24 21:58:06,982 INFO Building graphs using qtdaqa.new_dynamic_features.graph_builder2.graph_builder2 (selection source: checkpoint).
2025-11-24 21:58:06,983 INFO Running graph builder (qtdaqa.new_dynamic_features.graph_builder2.graph_builder2): /Volumes/PData/Data/Dev/Github/Repos/phd3/qtopo/venv_qtopo/bin/python3 -m qtdaqa.new_dynamic_features.graph_builder2.graph_builder2 --dataset-dir /Volumes/PData/Data/Dev/Github/Repos/phd3/qtopo/QTopoQA/datasets/evaluation/ABAG-AF3/ABAG-AF3_structures --work-dir /Volumes/PData/Data/Dev/Github/Repos/phd3/qtopo/QTopoQA/qtdaqa/new_dynamic_features/model_inference/output/11d_topoqa_10A_sort_order_2/work/ABAG-AF3/builder_work --graph-dir /Volumes/PData/Data/Dev/Github/Repos/phd3/qtopo/QTopoQA/qtdaqa/new_dynamic_features/model_inference/output/11d_topoqa_10A_sort_order_2/work/ABAG-AF3/graph_data --log-dir /Volumes/PData/Data/Dev/Github/Repos/phd3/qtopo/QTopoQA/qtdaqa/new_dynamic_features/model_inference/output/11d_topoqa_10A_sort_order_2/work/ABAG-AF3/builder_logs --jobs 6 --feature-config /Volumes/PData/Data/Dev/Github/Repos/phd3/qtopo/QTopoQA/qtdaqa/new_dynamic_features/model_inference/output/11d_topoqa_10A_sort_order_2/work/ABAG-AF3/builder_features/features.from_metadata.yaml
2025-11-24 21:58:07,006 INFO Auto-selected checkpoint /Volumes/PData/Data/Dev/Github/Repos/phd3/qtopo/QTopoQA/qtdaqa/new_dynamic_features/model_training/training_runs/latest_phase2_seed555/model_checkpoints/checkpoint.val-0.04007_epoch278.chkpt (score=0.04006984829902649, run=latest_phase2_seed555) from training root /Volumes/PData/Data/Dev/Github/Repos/phd3/qtopo/QTopoQA/qtdaqa/new_dynamic_features/model_training/training_runs
2025-11-24 21:58:07,009 INFO Resolved feature schema: {
  "edge_schema": {
    "dim": 11,
    "module": "edge/legacy_band/v11",
    "variant": "legacy_v11",
    "module_params": {
      "distance_max": 10.0,
      "distance_min": 0.0,
      "jobs": 16,
      "scale_features": true
    },
    "source": "/Volumes/PData/Data/Dev/Github/Repos/phd3/qtopo/QTopoQA/qtdaqa/new_dynamic_features/graph_builder2/output/11d_topoqa_10A_sort_order_2/graph_data/graph_metadata.json",
    "alias": "TopoQA default 10A cutoff",
    "jobs": 16,
    "summary": "11-D legacy edge features (distance + atom distance histogram)."
  },
  "topology_schema": {}
}
2025-11-24 21:58:07,010 INFO Config: {
  "data_dir": "/Volumes/PData/Data/Dev/Github/Repos/phd3/qtopo/QTopoQA/datasets/evaluation/HAF2/decoy",
  "work_dir": "/Volumes/PData/Data/Dev/Github/Repos/phd3/qtopo/QTopoQA/qtdaqa/new_dynamic_features/model_inference/output/11d_topoqa_10A_sort_order_2/work/HAF2",
  "checkpoint_path": "/Volumes/PData/Data/Dev/Github/Repos/phd3/qtopo/QTopoQA/qtdaqa/new_dynamic_features/model_training/training_runs/latest_phase2_seed555/model_checkpoints/checkpoint.val-0.04007_epoch278.chkpt",
  "results_dir": "/Volumes/PData/Data/Dev/Github/Repos/phd3/qtopo/QTopoQA/qtdaqa/new_dynamic_features/model_inference/output/11d_topoqa_10A_sort_order_2/results/HAF2",
  "output_file": "/Volumes/PData/Data/Dev/Github/Repos/phd3/qtopo/QTopoQA/qtdaqa/new_dynamic_features/model_inference/output/11d_topoqa_10A_sort_order_2/results/HAF2/inference_results.csv",
  "label_file": "/Volumes/PData/Data/Dev/Github/Repos/phd3/qtopo/QTopoQA/datasets/evaluation/HAF2/label_info.csv",
  "batch_size": 32,
  "num_workers": 0,
  "builder": {
    "jobs": 8,
    "topology_dedup_sort": null,
    "dump_edges": null,
    "feature_config": null,
    "features": {},
    "builder_name": null
  },
  "reuse_existing_graphs": true,
  "use_checkpoint_schema": true,
  "interface_schema": {},
  "topology_schema": {},
  "node_schema": {},
  "edge_schema": {},
  "training_root": "/Volumes/PData/Data/Dev/Github/Repos/phd3/qtopo/QTopoQA/qtdaqa/new_dynamic_features/model_training/training_runs",
  "config_name": "config.yaml.HAF2",
  "dataset_name": "HAF2",
  "work_dir_base": "/Volumes/PData/Data/Dev/Github/Repos/phd3/qtopo/QTopoQA/qtdaqa/new_dynamic_features/model_inference/output/11d_topoqa_10A_sort_order_2/work",
  "results_dir_base": "/Volumes/PData/Data/Dev/Github/Repos/phd3/qtopo/QTopoQA/qtdaqa/new_dynamic_features/model_inference/output/11d_topoqa_10A_sort_order_2/results"
}
2025-11-24 21:58:07,010 INFO Feature metadata written to /Volumes/PData/Data/Dev/Github/Repos/phd3/qtopo/QTopoQA/qtdaqa/new_dynamic_features/model_inference/output/11d_topoqa_10A_sort_order_2/work/HAF2/feature_metadata.json
2025-11-24 21:58:07,010 INFO 
2025-11-24 21:58:07,010 INFO Checkpoint file: /Volumes/PData/Data/Dev/Github/Repos/phd3/qtopo/QTopoQA/qtdaqa/new_dynamic_features/model_training/training_runs/latest_phase2_seed555/model_checkpoints/checkpoint.val-0.04007_epoch278.chkpt
2025-11-24 21:58:07,010 INFO Inference config: config.yaml.HAF2
2025-11-24 21:58:07,010 INFO 
2025-11-24 21:58:07,012 INFO Building graphs using qtdaqa.new_dynamic_features.graph_builder2.graph_builder2 (selection source: checkpoint).
2025-11-24 21:58:07,012 INFO Running graph builder (qtdaqa.new_dynamic_features.graph_builder2.graph_builder2): /Volumes/PData/Data/Dev/Github/Repos/phd3/qtopo/venv_qtopo/bin/python3 -m qtdaqa.new_dynamic_features.graph_builder2.graph_builder2 --dataset-dir /Volumes/PData/Data/Dev/Github/Repos/phd3/qtopo/QTopoQA/datasets/evaluation/HAF2/decoy --work-dir /Volumes/PData/Data/Dev/Github/Repos/phd3/qtopo/QTopoQA/qtdaqa/new_dynamic_features/model_inference/output/11d_topoqa_10A_sort_order_2/work/HAF2/builder_work --graph-dir /Volumes/PData/Data/Dev/Github/Repos/phd3/qtopo/QTopoQA/qtdaqa/new_dynamic_features/model_inference/output/11d_topoqa_10A_sort_order_2/work/HAF2/graph_data --log-dir /Volumes/PData/Data/Dev/Github/Repos/phd3/qtopo/QTopoQA/qtdaqa/new_dynamic_features/model_inference/output/11d_topoqa_10A_sort_order_2/work/HAF2/builder_logs --jobs 8 --feature-config /Volumes/PData/Data/Dev/Github/Repos/phd3/qtopo/QTopoQA/qtdaqa/new_dynamic_features/model_inference/output/11d_topoqa_10A_sort_order_2/work/HAF2/builder_features/features.from_metadata.yaml
2025-11-24 21:58:07,013 INFO Auto-selected checkpoint /Volumes/PData/Data/Dev/Github/Repos/phd3/qtopo/QTopoQA/qtdaqa/new_dynamic_features/model_training/training_runs/latest_phase2_seed555/model_checkpoints/checkpoint.val-0.04007_epoch278.chkpt (score=0.04006984829902649, run=latest_phase2_seed555) from training root /Volumes/PData/Data/Dev/Github/Repos/phd3/qtopo/QTopoQA/qtdaqa/new_dynamic_features/model_training/training_runs
2025-11-24 21:58:07,016 INFO Resolved feature schema: {
  "edge_schema": {
    "dim": 11,
    "module": "edge/legacy_band/v11",
    "variant": "legacy_v11",
    "module_params": {
      "distance_max": 10.0,
      "distance_min": 0.0,
      "jobs": 16,
      "scale_features": true
    },
    "source": "/Volumes/PData/Data/Dev/Github/Repos/phd3/qtopo/QTopoQA/qtdaqa/new_dynamic_features/graph_builder2/output/11d_topoqa_10A_sort_order_2/graph_data/graph_metadata.json",
    "alias": "TopoQA default 10A cutoff",
    "jobs": 16,
    "summary": "11-D legacy edge features (distance + atom distance histogram)."
  },
  "topology_schema": {}
}
2025-11-24 21:58:07,016 INFO Config: {
  "data_dir": "/Volumes/PData/Data/Dev/Github/Repos/phd3/qtopo/QTopoQA/datasets/evaluation/BM55-AF2/decoy",
  "work_dir": "/Volumes/PData/Data/Dev/Github/Repos/phd3/qtopo/QTopoQA/qtdaqa/new_dynamic_features/model_inference/output/11d_topoqa_10A_sort_order_2/work/BM55-AF2",
  "checkpoint_path": "/Volumes/PData/Data/Dev/Github/Repos/phd3/qtopo/QTopoQA/qtdaqa/new_dynamic_features/model_training/training_runs/latest_phase2_seed555/model_checkpoints/checkpoint.val-0.04007_epoch278.chkpt",
  "results_dir": "/Volumes/PData/Data/Dev/Github/Repos/phd3/qtopo/QTopoQA/qtdaqa/new_dynamic_features/model_inference/output/11d_topoqa_10A_sort_order_2/results/BM55-AF2",
  "output_file": "/Volumes/PData/Data/Dev/Github/Repos/phd3/qtopo/QTopoQA/qtdaqa/new_dynamic_features/model_inference/output/11d_topoqa_10A_sort_order_2/results/BM55-AF2/inference_results.csv",
  "label_file": "/Volumes/PData/Data/Dev/Github/Repos/phd3/qtopo/QTopoQA/datasets/evaluation/BM55-AF2/label_info.csv",
  "batch_size": 32,
  "num_workers": 0,
  "builder": {
    "jobs": 12,
    "topology_dedup_sort": null,
    "dump_edges": null,
    "feature_config": null,
    "features": {},
    "builder_name": null
  },
  "reuse_existing_graphs": true,
  "use_checkpoint_schema": true,
  "interface_schema": {},
  "topology_schema": {},
  "node_schema": {},
  "edge_schema": {},
  "training_root": "/Volumes/PData/Data/Dev/Github/Repos/phd3/qtopo/QTopoQA/qtdaqa/new_dynamic_features/model_training/training_runs",
  "config_name": "config.yaml.BM55-AF2",
  "dataset_name": "BM55-AF2",
  "work_dir_base": "/Volumes/PData/Data/Dev/Github/Repos/phd3/qtopo/QTopoQA/qtdaqa/new_dynamic_features/model_inference/output/11d_topoqa_10A_sort_order_2/work",
  "results_dir_base": "/Volumes/PData/Data/Dev/Github/Repos/phd3/qtopo/QTopoQA/qtdaqa/new_dynamic_features/model_inference/output/11d_topoqa_10A_sort_order_2/results"
}
2025-11-24 21:58:07,016 INFO Feature metadata written to /Volumes/PData/Data/Dev/Github/Repos/phd3/qtopo/QTopoQA/qtdaqa/new_dynamic_features/model_inference/output/11d_topoqa_10A_sort_order_2/work/BM55-AF2/feature_metadata.json
2025-11-24 21:58:07,016 INFO 
2025-11-24 21:58:07,016 INFO Checkpoint file: /Volumes/PData/Data/Dev/Github/Repos/phd3/qtopo/QTopoQA/qtdaqa/new_dynamic_features/model_training/training_runs/latest_phase2_seed555/model_checkpoints/checkpoint.val-0.04007_epoch278.chkpt
2025-11-24 21:58:07,016 INFO Inference config: config.yaml.BM55-AF2
2025-11-24 21:58:07,016 INFO 
2025-11-24 21:58:07,018 INFO Building graphs using qtdaqa.new_dynamic_features.graph_builder2.graph_builder2 (selection source: checkpoint).
2025-11-24 21:58:07,018 INFO Running graph builder (qtdaqa.new_dynamic_features.graph_builder2.graph_builder2): /Volumes/PData/Data/Dev/Github/Repos/phd3/qtopo/venv_qtopo/bin/python3 -m qtdaqa.new_dynamic_features.graph_builder2.graph_builder2 --dataset-dir /Volumes/PData/Data/Dev/Github/Repos/phd3/qtopo/QTopoQA/datasets/evaluation/BM55-AF2/decoy --work-dir /Volumes/PData/Data/Dev/Github/Repos/phd3/qtopo/QTopoQA/qtdaqa/new_dynamic_features/model_inference/output/11d_topoqa_10A_sort_order_2/work/BM55-AF2/builder_work --graph-dir /Volumes/PData/Data/Dev/Github/Repos/phd3/qtopo/QTopoQA/qtdaqa/new_dynamic_features/model_inference/output/11d_topoqa_10A_sort_order_2/work/BM55-AF2/graph_data --log-dir /Volumes/PData/Data/Dev/Github/Repos/phd3/qtopo/QTopoQA/qtdaqa/new_dynamic_features/model_inference/output/11d_topoqa_10A_sort_order_2/work/BM55-AF2/builder_logs --jobs 12 --feature-config /Volumes/PData/Data/Dev/Github/Repos/phd3/qtopo/QTopoQA/qtdaqa/new_dynamic_features/model_inference/output/11d_topoqa_10A_sort_order_2/work/BM55-AF2/builder_features/features.from_metadata.yaml
2025-11-24 21:58:07 INFO PDB warnings suppressed (use --pdb-warnings to enable).
2025-11-24 21:58:07 INFO Loading feature configuration from /Volumes/PData/Data/Dev/Github/Repos/phd3/qtopo/QTopoQA/qtdaqa/new_dynamic_features/model_inference/output/11d_topoqa_10A_sort_order_2/work/ABAG-AF3/builder_features/features.from_metadata.yaml
2025-11-24 21:58:07 INFO PDB warnings suppressed (use --pdb-warnings to enable).
2025-11-24 21:58:07 INFO Loading feature configuration from /Volumes/PData/Data/Dev/Github/Repos/phd3/qtopo/QTopoQA/qtdaqa/new_dynamic_features/model_inference/output/11d_topoqa_10A_sort_order_2/work/BM55-AF2/builder_features/features.from_metadata.yaml
2025-11-24 21:58:07 INFO PDB warnings suppressed (use --pdb-warnings to enable).
2025-11-24 21:58:07 INFO Loading feature configuration from /Volumes/PData/Data/Dev/Github/Repos/phd3/qtopo/QTopoQA/qtdaqa/new_dynamic_features/model_inference/output/11d_topoqa_10A_sort_order_2/work/HAF2/builder_features/features.from_metadata.yaml
2025-11-24 21:58:08 INFO Prepared log directory: /Volumes/PData/Data/Dev/Github/Repos/phd3/qtopo/QTopoQA/qtdaqa/new_dynamic_features/model_inference/output/11d_topoqa_10A_sort_order_2/work/BM55-AF2/builder_logs/graph_builder.2025-11-24_21-58-07
2025-11-24 21:58:08 INFO Dataset directory: /Volumes/PData/Data/Dev/Github/Repos/phd3/qtopo/QTopoQA/datasets/evaluation/BM55-AF2/decoy
2025-11-24 21:58:08 INFO Prepared log directory: /Volumes/PData/Data/Dev/Github/Repos/phd3/qtopo/QTopoQA/qtdaqa/new_dynamic_features/model_inference/output/11d_topoqa_10A_sort_order_2/work/ABAG-AF3/builder_logs/graph_builder.2025-11-24_21-58-07
2025-11-24 21:58:08 INFO Dataset directory: /Volumes/PData/Data/Dev/Github/Repos/phd3/qtopo/QTopoQA/datasets/evaluation/ABAG-AF3/ABAG-AF3_structures
2025-11-24 21:58:08 INFO Work directory: /Volumes/PData/Data/Dev/Github/Repos/phd3/qtopo/QTopoQA/qtdaqa/new_dynamic_features/model_inference/output/11d_topoqa_10A_sort_order_2/work/BM55-AF2/builder_work
2025-11-24 21:58:08 INFO Graph directory: /Volumes/PData/Data/Dev/Github/Repos/phd3/qtopo/QTopoQA/qtdaqa/new_dynamic_features/model_inference/output/11d_topoqa_10A_sort_order_2/work/BM55-AF2/graph_data
2025-11-24 21:58:08 INFO Work directory: /Volumes/PData/Data/Dev/Github/Repos/phd3/qtopo/QTopoQA/qtdaqa/new_dynamic_features/model_inference/output/11d_topoqa_10A_sort_order_2/work/ABAG-AF3/builder_work
2025-11-24 21:58:08 INFO Graph directory: /Volumes/PData/Data/Dev/Github/Repos/phd3/qtopo/QTopoQA/qtdaqa/new_dynamic_features/model_inference/output/11d_topoqa_10A_sort_order_2/work/ABAG-AF3/graph_data
2025-11-24 21:58:08 INFO Jobs: 12 (from CLI)
2025-11-24 21:58:08 INFO Jobs: 6 (from CLI)
2025-11-24 21:58:08 INFO Interface module: interface/polar_cutoff/v1 [alias: n x 3D TopoQA default 10A cut-off] (jobs=4)
2025-11-24 21:58:08 INFO Interface module: interface/polar_cutoff/v1 [alias: n x 3D TopoQA default 10A cut-off] (jobs=4)
2025-11-24 21:58:08 INFO Topology module : topology/persistence_basic/v1 [alias: 140D TopoQA default] (jobs=8)
2025-11-24 21:58:08 INFO Topology module : topology/persistence_basic/v1 [alias: 140D TopoQA default] (jobs=8)
2025-11-24 21:58:08 INFO Node module     : node/dssp_topo_merge/v1 [alias: 172D (140D Topological consumes Interface + 32D) TopoQA default] (jobs=8)
2025-11-24 21:58:08 INFO Node module     : node/dssp_topo_merge/v1 [alias: 172D (140D Topological consumes Interface + 32D) TopoQA default] (jobs=8)
2025-11-24 21:58:08 INFO Edge module     : edge/legacy_band/v11 [alias: TopoQA default 10A cutoff] (jobs=16)
2025-11-24 21:58:08 INFO Edge module     : edge/legacy_band/v11 [alias: TopoQA default 10A cutoff] (jobs=16)
2025-11-24 21:58:08 INFO Artifact CSV sorting: enabled (interface ordering always deterministic)
2025-11-24 21:58:08 INFO Artifact CSV sorting: enabled (interface ordering always deterministic)
2025-11-24 21:58:08 INFO Prepared log directory: /Volumes/PData/Data/Dev/Github/Repos/phd3/qtopo/QTopoQA/qtdaqa/new_dynamic_features/model_inference/output/11d_topoqa_10A_sort_order_2/work/HAF2/builder_logs/graph_builder.2025-11-24_21-58-07
2025-11-24 21:58:08 INFO Dataset directory: /Volumes/PData/Data/Dev/Github/Repos/phd3/qtopo/QTopoQA/datasets/evaluation/HAF2/decoy
2025-11-24 21:58:08 INFO Work directory: /Volumes/PData/Data/Dev/Github/Repos/phd3/qtopo/QTopoQA/qtdaqa/new_dynamic_features/model_inference/output/11d_topoqa_10A_sort_order_2/work/HAF2/builder_work
2025-11-24 21:58:08 INFO Graph directory: /Volumes/PData/Data/Dev/Github/Repos/phd3/qtopo/QTopoQA/qtdaqa/new_dynamic_features/model_inference/output/11d_topoqa_10A_sort_order_2/work/HAF2/graph_data
2025-11-24 21:58:08 INFO Jobs: 8 (from CLI)
2025-11-24 21:58:08 INFO Interface module: interface/polar_cutoff/v1 [alias: n x 3D TopoQA default 10A cut-off] (jobs=4)
2025-11-24 21:58:08 INFO Identified 449 PDB files for processing.
2025-11-24 21:58:08 INFO Topology module : topology/persistence_basic/v1 [alias: 140D TopoQA default] (jobs=8)
2025-11-24 21:58:08 INFO Node module     : node/dssp_topo_merge/v1 [alias: 172D (140D Topological consumes Interface + 32D) TopoQA default] (jobs=8)
2025-11-24 21:58:08 INFO Edge module     : edge/legacy_band/v11 [alias: TopoQA default 10A cutoff] (jobs=16)
2025-11-24 21:58:08 INFO Artifact CSV sorting: enabled (interface ordering always deterministic)
2025-11-24 21:58:08 INFO Beginning interface stage (jobs=4)
2025-11-24 21:58:08 INFO Identified 875 PDB files for processing.
2025-11-24 21:58:08 INFO Beginning interface stage (jobs=4)
2025-11-24 21:58:08 INFO Identified 1370 PDB files for processing.
2025-11-24 21:58:08 INFO Beginning interface stage (jobs=4)
2025-11-24 21:58:11 INFO [Interface] 5.0% complete (68/1370)
2025-11-24 21:58:15 INFO [Interface] 4.9% complete (22/449)
2025-11-24 21:58:21 INFO [Interface] 9.8% complete (44/449)
2025-11-24 21:58:28 INFO [Interface] 14.7% complete (66/449)
2025-11-24 21:58:36 INFO [Interface] 19.6% complete (88/449)
2025-11-24 21:58:38 INFO [Interface] 9.9% complete (136/1370)
2025-11-24 21:58:41 INFO [Interface] 24.5% complete (110/449)
2025-11-24 21:58:45 INFO [Interface] 29.4% complete (132/449)
2025-11-24 21:58:45 INFO [Interface] 4.9% complete (43/875)
2025-11-24 21:58:48 INFO [Interface] 34.3% complete (154/449)
2025-11-24 21:58:49 INFO [Interface] 39.2% complete (176/449)
2025-11-24 21:58:51 INFO [Interface] 44.1% complete (198/449)
2025-11-24 21:58:53 INFO [Interface] 49.0% complete (220/449)
2025-11-24 21:58:55 INFO [Interface] 53.9% complete (242/449)
2025-11-24 21:59:00 INFO [Interface] 58.8% complete (264/449)
2025-11-24 21:59:02 INFO [Interface] 63.7% complete (286/449)
2025-11-24 21:59:07 INFO [Interface] 68.6% complete (308/449)
2025-11-24 21:59:14 INFO [Interface] 73.5% complete (330/449)
2025-11-24 21:59:20 INFO [Interface] 78.4% complete (352/449)
2025-11-24 21:59:23 INFO [Interface] 83.3% complete (374/449)
2025-11-24 21:59:26 INFO [Interface] 88.2% complete (396/449)
2025-11-24 21:59:30 INFO [Interface] 93.1% complete (418/449)
2025-11-24 21:59:31 INFO [Interface] 14.9% complete (204/1370)
2025-11-24 21:59:31 INFO [Interface] 9.8% complete (86/875)
2025-11-24 21:59:32 INFO [Interface] 98.0% complete (440/449)
2025-11-24 21:59:33 INFO [Interface] 100.0% complete (449/449)
2025-11-24 21:59:33 INFO Interface stage complete: 449 success, 0 failures
2025-11-24 21:59:33 INFO Interface feature extraction elapsed time: 85.07 s
2025-11-24 21:59:33 INFO Beginning topology stage (jobs=8)
2025-11-24 21:59:53 INFO [Topology] 4.9% complete (22/449)
2025-11-24 22:00:00 INFO [Interface] 14.7% complete (129/875)
2025-11-24 22:00:14 INFO [Topology] 9.8% complete (44/449)
2025-11-24 22:00:20 INFO [Interface] 19.7% complete (172/875)
2025-11-24 22:00:28 INFO [Interface] 24.6% complete (215/875)
2025-11-24 22:00:32 INFO [Interface] 19.9% complete (272/1370)
2025-11-24 22:00:38 INFO [Interface] 29.5% complete (258/875)
2025-11-24 22:00:39 INFO [Interface] 24.8% complete (340/1370)
2025-11-24 22:00:41 INFO [Topology] 14.7% complete (66/449)
2025-11-24 22:00:48 INFO [Interface] 34.4% complete (301/875)
2025-11-24 22:01:02 INFO [Interface] 29.8% complete (408/1370)
2025-11-24 22:01:09 INFO [Interface] 39.3% complete (344/875)
2025-11-24 22:01:21 INFO [Topology] 19.6% complete (88/449)
2025-11-24 22:01:34 INFO [Interface] 34.7% complete (476/1370)
2025-11-24 22:01:36 INFO [Topology] 24.5% complete (110/449)
2025-11-24 22:01:52 INFO [Interface] 39.7% complete (544/1370)
2025-11-24 22:01:52 INFO [Topology] 29.4% complete (132/449)
2025-11-24 22:02:05 INFO [Interface] 44.2% complete (387/875)
2025-11-24 22:02:06 INFO [Topology] 34.3% complete (154/449)
2025-11-24 22:02:07 INFO [Interface] 44.7% complete (612/1370)
2025-11-24 22:02:14 INFO [Interface] 49.6% complete (680/1370)
2025-11-24 22:02:15 INFO [Topology] 39.2% complete (176/449)
2025-11-24 22:02:26 INFO [Topology] 44.1% complete (198/449)
2025-11-24 22:02:32 INFO [Topology] 49.0% complete (220/449)
2025-11-24 22:02:45 INFO [Topology] 53.9% complete (242/449)
2025-11-24 22:03:00 INFO [Interface] 49.1% complete (430/875)
2025-11-24 22:03:11 INFO [Topology] 58.8% complete (264/449)
2025-11-24 22:03:17 INFO [Interface] 54.1% complete (473/875)
2025-11-24 22:03:24 INFO [Topology] 63.7% complete (286/449)
2025-11-24 22:03:28 INFO [Interface] 59.0% complete (516/875)
2025-11-24 22:03:36 INFO [Interface] 54.6% complete (748/1370)
2025-11-24 22:03:58 INFO [Topology] 68.6% complete (308/449)
2025-11-24 22:04:26 INFO [Interface] 63.9% complete (559/875)
2025-11-24 22:04:35 INFO [Topology] 73.5% complete (330/449)
2025-11-24 22:04:52 INFO [Topology] 78.4% complete (352/449)
2025-11-24 22:05:05 INFO [Topology] 83.3% complete (374/449)
2025-11-24 22:05:19 INFO [Topology] 88.2% complete (396/449)
2025-11-24 22:05:22 INFO [Interface] 59.6% complete (816/1370)
2025-11-24 22:05:32 INFO [Topology] 93.1% complete (418/449)
2025-11-24 22:05:35 INFO [Interface] 68.8% complete (602/875)
2025-11-24 22:05:45 INFO [Topology] 98.0% complete (440/449)
2025-11-24 22:05:46 INFO [Interface] 64.5% complete (884/1370)
2025-11-24 22:05:49 INFO [Topology] 100.0% complete (449/449)
2025-11-24 22:05:50 INFO Topology stage complete: 449 success, 0 failures
2025-11-24 22:05:50 INFO Topology feature extraction elapsed time: 376.99 s
2025-11-24 22:05:50 INFO Beginning node stage (jobs=8)
2025-11-24 22:05:59 INFO [Interface] 69.5% complete (952/1370)
2025-11-24 22:06:05 INFO [Interface] 74.5% complete (1020/1370)
2025-11-24 22:06:06 INFO [Node] 4.9% complete (22/449)
2025-11-24 22:06:13 INFO [Interface] 79.4% complete (1088/1370)
2025-11-24 22:06:17 INFO [Node] 9.8% complete (44/449)
2025-11-24 22:06:22 INFO [Interface] 84.4% complete (1156/1370)
2025-11-24 22:06:28 INFO [Node] 14.7% complete (66/449)
2025-11-24 22:06:30 INFO [Interface] 89.3% complete (1224/1370)
2025-11-24 22:06:36 INFO [Interface] 94.3% complete (1292/1370)
2025-11-24 22:06:38 INFO [Interface] 99.3% complete (1360/1370)
2025-11-24 22:06:39 INFO [Interface] 100.0% complete (1370/1370)
2025-11-24 22:06:39 INFO Interface stage complete: 1370 success, 0 failures
2025-11-24 22:06:39 INFO Interface feature extraction elapsed time: 510.69 s
2025-11-24 22:06:39 INFO Beginning topology stage (jobs=8)
2025-11-24 22:06:40 INFO [Node] 19.6% complete (88/449)
2025-11-24 22:06:53 INFO [Node] 24.5% complete (110/449)
2025-11-24 22:07:05 INFO [Topology] 5.0% complete (68/1370)
2025-11-24 22:07:06 INFO [Node] 29.4% complete (132/449)
2025-11-24 22:07:17 INFO [Node] 34.3% complete (154/449)
2025-11-24 22:07:29 INFO [Node] 39.2% complete (176/449)
2025-11-24 22:07:40 INFO [Node] 44.1% complete (198/449)
2025-11-24 22:07:44 INFO [Topology] 9.9% complete (136/1370)
2025-11-24 22:07:52 INFO [Node] 49.0% complete (220/449)
2025-11-24 22:08:03 INFO [Node] 53.9% complete (242/449)
2025-11-24 22:08:16 INFO [Node] 58.8% complete (264/449)
2025-11-24 22:08:26 INFO [Topology] 14.9% complete (204/1370)
2025-11-24 22:08:28 INFO [Node] 63.7% complete (286/449)
2025-11-24 22:08:41 INFO [Node] 68.6% complete (308/449)
2025-11-24 22:08:55 INFO [Node] 73.5% complete (330/449)
2025-11-24 22:08:57 INFO [Topology] 19.9% complete (272/1370)
2025-11-24 22:09:08 INFO [Node] 78.4% complete (352/449)
2025-11-24 22:09:19 INFO [Node] 83.3% complete (374/449)
2025-11-24 22:09:32 INFO [Topology] 24.8% complete (340/1370)
2025-11-24 22:09:32 INFO [Node] 88.2% complete (396/449)
2025-11-24 22:09:44 INFO [Node] 93.1% complete (418/449)
2025-11-24 22:09:57 INFO [Node] 98.0% complete (440/449)
2025-11-24 22:10:00 INFO [Node] 100.0% complete (449/449)
2025-11-24 22:10:00 INFO Node stage complete: 449 success, 0 failures
2025-11-24 22:10:00 INFO Node feature extraction elapsed time: 250.07 s
2025-11-24 22:10:00 INFO Edge dumps enabled; writing CSVs to:
2025-11-24 22:10:00 INFO   /Volumes/PData/Data/Dev/Github/Repos/phd3/qtopo/QTopoQA/qtdaqa/new_dynamic_features/model_inference/output/11d_topoqa_10A_sort_order_2/work/BM55-AF2/builder_work/edge_features
2025-11-24 22:10:00 INFO Edge dump preparation elapsed time: 0.00 s
2025-11-24 22:10:00 INFO Beginning graph assembly (.pt output) stage (jobs=16)
2025-11-24 22:10:15 INFO [Topology] 29.8% complete (408/1370)
2025-11-24 22:10:29 INFO [Graph assembly] 4.9% complete (22/449)
2025-11-24 22:10:44 INFO [Graph assembly] 9.8% complete (44/449)
2025-11-24 22:10:53 INFO [Topology] 34.7% complete (476/1370)
2025-11-24 22:11:32 INFO [Topology] 39.7% complete (544/1370)
2025-11-24 22:11:35 INFO [Graph assembly] 14.7% complete (66/449)
2025-11-24 22:12:06 INFO [Topology] 44.7% complete (612/1370)
2025-11-24 22:12:21 INFO [Graph assembly] 19.6% complete (88/449)
2025-11-24 22:12:25 INFO [Topology] 49.6% complete (680/1370)
2025-11-24 22:12:30 INFO [Graph assembly] 24.5% complete (110/449)
2025-11-24 22:12:43 INFO [Graph assembly] 29.4% complete (132/449)
2025-11-24 22:12:51 INFO [Interface] 73.7% complete (645/875)
2025-11-24 22:12:54 INFO [Graph assembly] 34.3% complete (154/449)
2025-11-24 22:13:00 INFO [Graph assembly] 39.2% complete (176/449)
2025-11-24 22:13:08 INFO [Graph assembly] 44.1% complete (198/449)
2025-11-24 22:13:09 INFO [Interface] 78.6% complete (688/875)
2025-11-24 22:13:12 INFO [Graph assembly] 49.0% complete (220/449)
2025-11-24 22:13:30 INFO [Interface] 83.5% complete (731/875)
2025-11-24 22:13:35 INFO [Graph assembly] 53.9% complete (242/449)
2025-11-24 22:13:46 INFO [Interface] 88.5% complete (774/875)
2025-11-24 22:13:52 INFO [Graph assembly] 58.8% complete (264/449)
2025-11-24 22:13:53 INFO [Interface] 93.4% complete (817/875)
2025-11-24 22:14:00 INFO [Graph assembly] 63.7% complete (286/449)
2025-11-24 22:14:02 INFO [Interface] 98.3% complete (860/875)
2025-11-24 22:14:03 INFO [Interface] 100.0% complete (875/875)
2025-11-24 22:14:03 INFO Interface stage complete: 875 success, 0 failures
2025-11-24 22:14:03 INFO Interface feature extraction elapsed time: 954.63 s
2025-11-24 22:14:03 INFO Beginning topology stage (jobs=8)
2025-11-24 22:14:35 INFO [Topology] 4.9% complete (43/875)
2025-11-24 22:14:45 INFO [Topology] 54.6% complete (748/1370)
2025-11-24 22:14:48 INFO [Graph assembly] 68.6% complete (308/449)
2025-11-24 22:15:08 INFO [Topology] 9.8% complete (86/875)
2025-11-24 22:15:28 INFO [Graph assembly] 73.5% complete (330/449)
2025-11-24 22:15:32 INFO [Graph assembly] 78.4% complete (352/449)
2025-11-24 22:15:40 INFO [Graph assembly] 83.3% complete (374/449)
2025-11-24 22:15:43 INFO [Topology] 14.7% complete (129/875)
2025-11-24 22:15:50 INFO [Graph assembly] 88.2% complete (396/449)
2025-11-24 22:15:58 INFO [Graph assembly] 93.1% complete (418/449)
2025-11-24 22:16:09 INFO [Graph assembly] 98.0% complete (440/449)
2025-11-24 22:16:09 INFO [Graph assembly] 100.0% complete (449/449)
2025-11-24 22:16:09 INFO Graph assembly (.pt output) complete: 449 success, 0 failures
2025-11-24 22:16:09 INFO Graph (.pt) generation elapsed time: 366.98 s (edge stage: 367.10 s)
2025-11-24 22:16:09 INFO Summary written to graph_builder.2025-11-24_21-58-07/graph_builder_summary.json
2025-11-24 22:16:09 INFO Summary log written to graph_builder.2025-11-24_21-58-07/graph_builder_summary.log
2025-11-24 22:16:09 INFO Copied graph builder summary to /Volumes/PData/Data/Dev/Github/Repos/phd3/qtopo/QTopoQA/qtdaqa/new_dynamic_features/model_inference/output/11d_topoqa_10A_sort_order_2/work/BM55-AF2/graph_data/graph_builder_summary.json
2025-11-24 22:16:09 INFO Copied graph builder text summary to /Volumes/PData/Data/Dev/Github/Repos/phd3/qtopo/QTopoQA/qtdaqa/new_dynamic_features/model_inference/output/11d_topoqa_10A_sort_order_2/work/BM55-AF2/graph_data/graph_builder_summary.log
2025-11-24 22:16:09 INFO Dynamic graph builder completed successfully.
2025-11-24 22:16:10,068 INFO Graph directory: /Volumes/PData/Data/Dev/Github/Repos/phd3/qtopo/QTopoQA/qtdaqa/new_dynamic_features/model_inference/output/11d_topoqa_10A_sort_order_2/work/BM55-AF2/graph_data
2025-11-24 22:16:10,068 INFO Checkpoint file: /Volumes/PData/Data/Dev/Github/Repos/phd3/qtopo/QTopoQA/qtdaqa/new_dynamic_features/model_training/training_runs/latest_phase2_seed555/model_checkpoints/checkpoint.val-0.04007_epoch278.chkpt
2025-11-24 22:16:10,068 INFO Inference config: config.yaml.BM55-AF2
2025-11-24 22:16:10,085 INFO Verified graph metadata compatibility (/Volumes/PData/Data/Dev/Github/Repos/phd3/qtopo/QTopoQA/qtdaqa/new_dynamic_features/model_inference/output/11d_topoqa_10A_sort_order_2/work/BM55-AF2/graph_data/graph_metadata.json).
2025-11-24 22:16:10,086 INFO Inference schema summary written to /Volumes/PData/Data/Dev/Github/Repos/phd3/qtopo/QTopoQA/qtdaqa/new_dynamic_features/model_inference/output/11d_topoqa_10A_sort_order_2/work/BM55-AF2/schema_summary.json
2025-11-24 22:16:10,086 INFO Loading graphs from /Volumes/PData/Data/Dev/Github/Repos/phd3/qtopo/QTopoQA/qtdaqa/new_dynamic_features/model_inference/output/11d_topoqa_10A_sort_order_2/work/BM55-AF2/graph_data
2025-11-24 22:16:10,371 WARNING Label CSV /Volumes/PData/Data/Dev/Github/Repos/phd3/qtopo/QTopoQA/datasets/evaluation/BM55-AF2/label_info.csv contains duplicate unqualified model names mapped to multiple targets (examples: ranked_3 -> 3RJQ, 3U7Y, 3WD5, 4ETQ, 4M5Z, 4Y7M, 5CBA, 5E5M, 5GRJ, 5HGG, 5KOV, 5O1R, 5SV3, 5WK3, 5X0T, 5Y9J, 6A0Z, 6A77, 6AL0, 6B0S, 6CWG, 6DBG, ranked_0 -> 3RJQ, 3U7Y, 3WD5, 4ETQ, 4M5Z, 4Y7M, 5CBA, 5E5M, 5GRJ, 5HGG, 5KOV, 5O1R, 5SV3, 5WK3, 5X0T, 5Y9J, 6A0Z, 6A77, 6AL0, 6B0S, 6CWG, 6DBG, ranked_4 -> 3RJQ, 3U7Y, 3WD5, 4ETQ, 4M5Z, 4Y7M, 5CBA, 5E5M, 5GRJ, 5HGG, 5KOV, 5O1R, 5SV3, 5WK3, 5X0T, 5Y9J, 6A0Z, 6A77, 6AL0, 6B0S, 6CWG, 6DBG, ranked_1 -> 3RJQ, 3U7Y, 3WD5, 4ETQ, 4M5Z, 4Y7M, 5CBA, 5E5M, 5GRJ, 5HGG, 5KOV, 5O1R, 5SV3, 5WK3, 5X0T, 5Y9J, 6A0Z, 6A77, 6AL0, 6B0S, 6CWG, 6DBG, ranked_2 -> 3RJQ, 3U7Y, 3WD5, 4ETQ, 4M5Z, 4Y7M, 5CBA, 5E5M, 5GRJ, 5HGG, 5KOV, 5O1R, 5SV3, 5WK3, 5X0T, 5Y9J, 6A0Z, 6A77, 6AL0, 6B0S, 6CWG, 6DBG). Ensure per-target names remain unique or rely on target-qualified keys.
2025-11-24 22:16:24 INFO [Topology] 19.7% complete (172/875)
2025-11-24 22:16:34 INFO [Topology] 59.6% complete (816/1370)
2025-11-24 22:16:40,258 INFO Wrote 449 predictions to /Volumes/PData/Data/Dev/Github/Repos/phd3/qtopo/QTopoQA/qtdaqa/new_dynamic_features/model_inference/output/11d_topoqa_10A_sort_order_2/results/BM55-AF2/inference_results.csv

real	18m35.921s
user	53m47.412s
sys	4m26.938s
2025-11-24 22:16:45 INFO [Topology] 24.6% complete (215/875)
2025-11-24 22:17:15 INFO [Topology] 29.5% complete (258/875)
2025-11-24 22:17:16 INFO [Topology] 64.5% complete (884/1370)
2025-11-24 22:17:45 INFO [Topology] 34.4% complete (301/875)
2025-11-24 22:17:50 INFO [Topology] 69.5% complete (952/1370)
2025-11-24 22:18:15 INFO [Topology] 74.5% complete (1020/1370)
2025-11-24 22:18:31 INFO [Topology] 39.3% complete (344/875)
2025-11-24 22:18:41 INFO [Topology] 79.4% complete (1088/1370)
2025-11-24 22:19:07 INFO [Topology] 84.4% complete (1156/1370)
2025-11-24 22:19:33 INFO [Topology] 89.3% complete (1224/1370)
2025-11-24 22:19:33 INFO [Topology] 44.2% complete (387/875)
2025-11-24 22:19:55 INFO [Topology] 94.3% complete (1292/1370)
2025-11-24 22:20:11 INFO [Topology] 99.3% complete (1360/1370)
2025-11-24 22:20:13 INFO [Topology] 100.0% complete (1370/1370)
2025-11-24 22:20:13 INFO Topology stage complete: 1370 success, 0 failures
2025-11-24 22:20:13 INFO Topology feature extraction elapsed time: 814.27 s
2025-11-24 22:20:13 INFO Beginning node stage (jobs=8)
2025-11-24 22:20:37 INFO [Topology] 49.1% complete (430/875)
2025-11-24 22:20:43 INFO [Node] 5.0% complete (68/1370)
2025-11-24 22:21:15 INFO [Topology] 54.1% complete (473/875)
2025-11-24 22:21:23 INFO [Node] 9.9% complete (136/1370)
2025-11-24 22:21:47 INFO [Topology] 59.0% complete (516/875)
2025-11-24 22:22:14 INFO [Node] 14.9% complete (204/1370)
2025-11-24 22:22:19 INFO [Topology] 63.9% complete (559/875)
2025-11-24 22:22:58 INFO [Node] 19.9% complete (272/1370)
2025-11-24 22:23:27 INFO [Topology] 68.8% complete (602/875)
2025-11-24 22:23:29 INFO [Node] 24.8% complete (340/1370)
2025-11-24 22:24:03 INFO [Node] 29.8% complete (408/1370)
2025-11-24 22:24:40 INFO [Node] 34.7% complete (476/1370)
2025-11-24 22:25:14 INFO [Node] 39.7% complete (544/1370)
2025-11-24 22:25:47 INFO [Node] 44.7% complete (612/1370)
2025-11-24 22:26:17 INFO [Node] 49.6% complete (680/1370)
2025-11-24 22:27:08 INFO [Node] 54.6% complete (748/1370)
2025-11-24 22:27:16 INFO [Topology] 73.7% complete (645/875)
2025-11-24 22:27:59 INFO [Topology] 78.6% complete (688/875)
2025-11-24 22:28:04 INFO [Node] 59.6% complete (816/1370)
2025-11-24 22:28:29 INFO [Topology] 83.5% complete (731/875)
2025-11-24 22:28:39 INFO [Node] 64.5% complete (884/1370)
2025-11-24 22:28:40 INFO [Topology] 88.5% complete (774/875)
2025-11-24 22:29:08 INFO [Topology] 93.4% complete (817/875)
2025-11-24 22:29:11 INFO [Node] 69.5% complete (952/1370)
2025-11-24 22:29:40 INFO [Topology] 98.3% complete (860/875)
2025-11-24 22:29:41 INFO [Node] 74.5% complete (1020/1370)
2025-11-24 22:29:43 INFO [Topology] 100.0% complete (875/875)
2025-11-24 22:29:44 INFO Topology stage complete: 875 success, 0 failures
2025-11-24 22:29:44 INFO Topology feature extraction elapsed time: 941.09 s
2025-11-24 22:29:44 INFO Beginning node stage (jobs=8)
2025-11-24 22:30:11 INFO [Node] 79.4% complete (1088/1370)
2025-11-24 22:30:22 INFO [Node] 4.9% complete (43/875)
2025-11-24 22:30:41 INFO [Node] 84.4% complete (1156/1370)
2025-11-24 22:31:01 INFO [Node] 9.8% complete (86/875)
2025-11-24 22:31:14 INFO [Node] 89.3% complete (1224/1370)
2025-11-24 22:31:27 INFO [Node] 14.7% complete (129/875)
2025-11-24 22:31:45 INFO [Node] 94.3% complete (1292/1370)
2025-11-24 22:31:52 INFO [Node] 19.7% complete (172/875)
2025-11-24 22:32:14 INFO [Node] 24.6% complete (215/875)
2025-11-24 22:32:16 INFO [Node] 99.3% complete (1360/1370)
2025-11-24 22:32:19 INFO [Node] 100.0% complete (1370/1370)
2025-11-24 22:32:19 INFO Node stage complete: 1370 success, 0 failures
2025-11-24 22:32:19 INFO Node feature extraction elapsed time: 725.97 s
2025-11-24 22:32:19 INFO Edge dumps enabled; writing CSVs to:
2025-11-24 22:32:19 INFO   /Volumes/PData/Data/Dev/Github/Repos/phd3/qtopo/QTopoQA/qtdaqa/new_dynamic_features/model_inference/output/11d_topoqa_10A_sort_order_2/work/HAF2/builder_work/edge_features
2025-11-24 22:32:19 INFO Edge dump preparation elapsed time: 0.00 s
2025-11-24 22:32:19 INFO Beginning graph assembly (.pt output) stage (jobs=16)
2025-11-24 22:32:28 INFO [Node] 29.5% complete (258/875)
2025-11-24 22:32:32 INFO [Graph assembly] 5.0% complete (68/1370)
2025-11-24 22:32:40 INFO [Node] 34.4% complete (301/875)
2025-11-24 22:32:54 INFO [Node] 39.3% complete (344/875)
2025-11-24 22:33:00 INFO [Graph assembly] 9.9% complete (136/1370)
2025-11-24 22:33:12 INFO [Node] 44.2% complete (387/875)
2025-11-24 22:33:28 INFO [Graph assembly] 14.9% complete (204/1370)
2025-11-24 22:33:29 INFO [Node] 49.1% complete (430/875)
2025-11-24 22:33:41 INFO [Node] 54.1% complete (473/875)
2025-11-24 22:33:51 INFO [Graph assembly] 19.9% complete (272/1370)
2025-11-24 22:33:53 INFO [Node] 59.0% complete (516/875)
2025-11-24 22:34:06 INFO [Graph assembly] 24.8% complete (340/1370)
2025-11-24 22:34:14 INFO [Node] 63.9% complete (559/875)
2025-11-24 22:34:35 INFO [Node] 68.8% complete (602/875)
2025-11-24 22:34:36 INFO [Graph assembly] 29.8% complete (408/1370)
2025-11-24 22:35:08 INFO [Graph assembly] 34.7% complete (476/1370)
2025-11-24 22:35:26 INFO [Node] 73.7% complete (645/875)
2025-11-24 22:35:40 INFO [Node] 78.6% complete (688/875)
2025-11-24 22:35:43 INFO [Graph assembly] 39.7% complete (544/1370)
2025-11-24 22:35:53 INFO [Node] 83.5% complete (731/875)
2025-11-24 22:36:06 INFO [Node] 88.5% complete (774/875)
2025-11-24 22:36:12 INFO [Graph assembly] 44.7% complete (612/1370)
2025-11-24 22:36:18 INFO [Node] 93.4% complete (817/875)
2025-11-24 22:36:28 INFO [Graph assembly] 49.6% complete (680/1370)
2025-11-24 22:36:31 INFO [Node] 98.3% complete (860/875)
2025-11-24 22:36:34 INFO [Node] 100.0% complete (875/875)
2025-11-24 22:36:34 INFO Node stage complete: 875 success, 0 failures
2025-11-24 22:36:34 INFO Node feature extraction elapsed time: 409.79 s
2025-11-24 22:36:34 INFO Edge dumps enabled; writing CSVs to:
2025-11-24 22:36:34 INFO   /Volumes/PData/Data/Dev/Github/Repos/phd3/qtopo/QTopoQA/qtdaqa/new_dynamic_features/model_inference/output/11d_topoqa_10A_sort_order_2/work/ABAG-AF3/builder_work/edge_features
2025-11-24 22:36:34 INFO Edge dump preparation elapsed time: 0.00 s
2025-11-24 22:36:34 INFO Beginning graph assembly (.pt output) stage (jobs=16)
2025-11-24 22:36:54 INFO [Graph assembly] 4.9% complete (43/875)
2025-11-24 22:37:15 INFO [Graph assembly] 9.8% complete (86/875)
2025-11-24 22:37:45 INFO [Graph assembly] 14.7% complete (129/875)
2025-11-24 22:38:06 INFO [Graph assembly] 19.7% complete (172/875)
2025-11-24 22:38:15 INFO [Graph assembly] 24.6% complete (215/875)
2025-11-24 22:38:30 INFO [Graph assembly] 29.5% complete (258/875)
2025-11-24 22:38:48 INFO [Graph assembly] 34.4% complete (301/875)
2025-11-24 22:39:20 INFO [Graph assembly] 54.6% complete (748/1370)
2025-11-24 22:39:38 INFO [Graph assembly] 39.3% complete (344/875)
2025-11-24 22:40:00 INFO [Graph assembly] 59.6% complete (816/1370)
2025-11-24 22:40:00 INFO [Graph assembly] 64.5% complete (884/1370)
2025-11-24 22:40:04 INFO [Graph assembly] 69.5% complete (952/1370)
2025-11-24 22:40:14 INFO [Graph assembly] 74.5% complete (1020/1370)
2025-11-24 22:40:25 INFO [Graph assembly] 79.4% complete (1088/1370)
2025-11-24 22:40:32 INFO [Graph assembly] 44.2% complete (387/875)
2025-11-24 22:40:36 INFO [Graph assembly] 84.4% complete (1156/1370)
2025-11-24 22:40:47 INFO [Graph assembly] 89.3% complete (1224/1370)
2025-11-24 22:40:58 INFO [Graph assembly] 94.3% complete (1292/1370)
2025-11-24 22:41:02 INFO [Graph assembly] 99.3% complete (1360/1370)
2025-11-24 22:41:02 INFO [Graph assembly] 100.0% complete (1370/1370)
2025-11-24 22:41:02 INFO Graph assembly (.pt output) complete: 1370 success, 0 failures
2025-11-24 22:41:02 INFO Graph (.pt) generation elapsed time: 520.73 s (edge stage: 521.10 s)
2025-11-24 22:41:02 INFO Summary written to graph_builder.2025-11-24_21-58-07/graph_builder_summary.json
2025-11-24 22:41:02 INFO Summary log written to graph_builder.2025-11-24_21-58-07/graph_builder_summary.log
2025-11-24 22:41:02 INFO Copied graph builder summary to /Volumes/PData/Data/Dev/Github/Repos/phd3/qtopo/QTopoQA/qtdaqa/new_dynamic_features/model_inference/output/11d_topoqa_10A_sort_order_2/work/HAF2/graph_data/graph_builder_summary.json
2025-11-24 22:41:02 INFO Copied graph builder text summary to /Volumes/PData/Data/Dev/Github/Repos/phd3/qtopo/QTopoQA/qtdaqa/new_dynamic_features/model_inference/output/11d_topoqa_10A_sort_order_2/work/HAF2/graph_data/graph_builder_summary.log
2025-11-24 22:41:02 INFO Dynamic graph builder completed successfully.
2025-11-24 22:41:02,776 INFO Graph directory: /Volumes/PData/Data/Dev/Github/Repos/phd3/qtopo/QTopoQA/qtdaqa/new_dynamic_features/model_inference/output/11d_topoqa_10A_sort_order_2/work/HAF2/graph_data
2025-11-24 22:41:02,776 INFO Checkpoint file: /Volumes/PData/Data/Dev/Github/Repos/phd3/qtopo/QTopoQA/qtdaqa/new_dynamic_features/model_training/training_runs/latest_phase2_seed555/model_checkpoints/checkpoint.val-0.04007_epoch278.chkpt
2025-11-24 22:41:02,776 INFO Inference config: config.yaml.HAF2
2025-11-24 22:41:02,821 INFO Verified graph metadata compatibility (/Volumes/PData/Data/Dev/Github/Repos/phd3/qtopo/QTopoQA/qtdaqa/new_dynamic_features/model_inference/output/11d_topoqa_10A_sort_order_2/work/HAF2/graph_data/graph_metadata.json).
2025-11-24 22:41:02,821 INFO Inference schema summary written to /Volumes/PData/Data/Dev/Github/Repos/phd3/qtopo/QTopoQA/qtdaqa/new_dynamic_features/model_inference/output/11d_topoqa_10A_sort_order_2/work/HAF2/schema_summary.json
2025-11-24 22:41:02,821 INFO Loading graphs from /Volumes/PData/Data/Dev/Github/Repos/phd3/qtopo/QTopoQA/qtdaqa/new_dynamic_features/model_inference/output/11d_topoqa_10A_sort_order_2/work/HAF2/graph_data
2025-11-24 22:41:03,189 WARNING Label CSV /Volumes/PData/Data/Dev/Github/Repos/phd3/qtopo/QTopoQA/datasets/evaluation/HAF2/label_info.csv contains duplicate unqualified model names mapped to multiple targets (examples: structure_temp_dimer_3 -> 7ALA, 7ALB, 7AMV, 7AOF, 7AOH, 7AP8, 7D3Y, 7D7F, 7EEL, 7EEP, 7EKQ, 7F5B, 7JZY, 7KBR, 7LIV, 7LXT, 7MJP, 7MRW, 7NKZ, 7O27, 7O28, 7OEL, 7OI7, 7OOP, 7OZN, 7P3Z, string_interact_uniref_a3m_4 -> 7ALB, 7D3Y, 7D7F, 7EEL, 7EKQ, 7F5B, 7KBR, 7LXT, 7MJP, 7NKZ, 7O27, 7O28, 7OEL, 7OI7, 7OOP, 7OZN, 7P3Z, species_interact_uniref_a3m_0 -> 7ALA, 7ALB, 7AOF, 7AOH, 7AP8, 7D3Y, 7D7F, 7EEL, 7EEP, 7EKQ, 7JZY, 7KBR, 7LIV, 7LXT, 7MRW, 7NKZ, 7O27, 7O28, 7OEL, 7OI7, 7OOP, 7OZN, 7P3Z, structure_temp_dimer_a_0 -> 7ALA, 7ALB, 7AMV, 7AOF, 7AOH, 7AP8, 7D3Y, 7D7F, 7EEL, 7EEP, 7EKQ, 7F5B, 7KBR, 7L2M, 7LIV, 7LXT, 7MJP, 7MRW, 7NKZ, 7O27, 7O28, 7OEL, 7OI7, 7OOP, 7OZN, 7P3Z, sequence_based_template_with_alphafold_0 -> 7ALB, 7AOF, 7AOH, 7AP8, 7D3Y, 7D7F, 7EEL, 7EEP, 7EKQ, 7F5B, 7JZY, 7KBR, 7L2M, 7LIV, 7LXT, 7MJP, 7MRW, 7NKZ, 7O27, 7O28, 7OEL, 7OI7, 7OOP, 7OZN, 7P3Z). Ensure per-target names remain unique or rely on target-qualified keys.
2025-11-24 22:41:10,071 INFO Wrote 1370 predictions to /Volumes/PData/Data/Dev/Github/Repos/phd3/qtopo/QTopoQA/qtdaqa/new_dynamic_features/model_inference/output/11d_topoqa_10A_sort_order_2/results/HAF2/inference_results.csv

real	43m5.414s
user	145m51.641s
sys	18m14.388s
2025-11-24 22:41:23 INFO [Graph assembly] 49.1% complete (430/875)
2025-11-24 22:41:44 INFO [Graph assembly] 54.1% complete (473/875)
2025-11-24 22:41:59 INFO [Graph assembly] 59.0% complete (516/875)
2025-11-24 22:42:17 INFO [Graph assembly] 63.9% complete (559/875)
2025-11-24 22:46:02 INFO [Graph assembly] 68.8% complete (602/875)
2025-11-24 22:52:48 INFO [Graph assembly] 73.7% complete (645/875)
2025-11-24 22:53:29 INFO [Graph assembly] 78.6% complete (688/875)
2025-11-24 22:53:29 INFO [Graph assembly] 83.5% complete (731/875)
2025-11-24 22:53:29 INFO [Graph assembly] 88.5% complete (774/875)
2025-11-24 22:53:29 INFO [Graph assembly] 93.4% complete (817/875)
2025-11-24 22:53:29 INFO [Graph assembly] 98.3% complete (860/875)
2025-11-24 22:53:29 INFO [Graph assembly] 100.0% complete (875/875)
2025-11-24 22:53:29 INFO Graph assembly (.pt output) complete: 875 success, 0 failures
2025-11-24 22:53:29 INFO Graph (.pt) generation elapsed time: 1013.91 s (edge stage: 1014.11 s)
2025-11-24 22:53:29 INFO Summary written to graph_builder.2025-11-24_21-58-07/graph_builder_summary.json
2025-11-24 22:53:29 INFO Summary log written to graph_builder.2025-11-24_21-58-07/graph_builder_summary.log
2025-11-24 22:53:29 INFO Copied graph builder summary to /Volumes/PData/Data/Dev/Github/Repos/phd3/qtopo/QTopoQA/qtdaqa/new_dynamic_features/model_inference/output/11d_topoqa_10A_sort_order_2/work/ABAG-AF3/graph_data/graph_builder_summary.json
2025-11-24 22:53:29 INFO Copied graph builder text summary to /Volumes/PData/Data/Dev/Github/Repos/phd3/qtopo/QTopoQA/qtdaqa/new_dynamic_features/model_inference/output/11d_topoqa_10A_sort_order_2/work/ABAG-AF3/graph_data/graph_builder_summary.log
2025-11-24 22:53:29 INFO Dynamic graph builder completed successfully.
2025-11-24 22:53:30,376 INFO Graph directory: /Volumes/PData/Data/Dev/Github/Repos/phd3/qtopo/QTopoQA/qtdaqa/new_dynamic_features/model_inference/output/11d_topoqa_10A_sort_order_2/work/ABAG-AF3/graph_data
2025-11-24 22:53:30,376 INFO Checkpoint file: /Volumes/PData/Data/Dev/Github/Repos/phd3/qtopo/QTopoQA/qtdaqa/new_dynamic_features/model_training/training_runs/latest_phase2_seed555/model_checkpoints/checkpoint.val-0.04007_epoch278.chkpt
2025-11-24 22:53:30,376 INFO Inference config: config.yaml.ABAG-AF3
2025-11-24 22:53:30,403 INFO Verified graph metadata compatibility (/Volumes/PData/Data/Dev/Github/Repos/phd3/qtopo/QTopoQA/qtdaqa/new_dynamic_features/model_inference/output/11d_topoqa_10A_sort_order_2/work/ABAG-AF3/graph_data/graph_metadata.json).
2025-11-24 22:53:30,404 INFO Inference schema summary written to /Volumes/PData/Data/Dev/Github/Repos/phd3/qtopo/QTopoQA/qtdaqa/new_dynamic_features/model_inference/output/11d_topoqa_10A_sort_order_2/work/ABAG-AF3/schema_summary.json
2025-11-24 22:53:30,404 INFO Loading graphs from /Volumes/PData/Data/Dev/Github/Repos/phd3/qtopo/QTopoQA/qtdaqa/new_dynamic_features/model_inference/output/11d_topoqa_10A_sort_order_2/work/ABAG-AF3/graph_data
2025-11-24 22:53:37,189 INFO Wrote 875 predictions to /Volumes/PData/Data/Dev/Github/Repos/phd3/qtopo/QTopoQA/qtdaqa/new_dynamic_features/model_inference/output/11d_topoqa_10A_sort_order_2/results/ABAG-AF3/inference_results.csv

real	55m32.530s
user	165m49.106s
sys	42m31.875s
Inference complete - Running final results ...
Summary written to /Volumes/PData/Data/Dev/Github/Repos/phd3/qtopo/QTopoQA/qtdaqa/new_dynamic_features/model_inference/output/11d_topoqa_10A_sort_order_2/results/BM55-AF2/final_results_dockq.csv
Summary written to /Volumes/PData/Data/Dev/Github/Repos/phd3/qtopo/QTopoQA/qtdaqa/new_dynamic_features/model_inference/output/11d_topoqa_10A_sort_order_2/results/BM55-AF2/final_results_hit_rate.csv
Summary written to /Volumes/PData/Data/Dev/Github/Repos/phd3/qtopo/QTopoQA/qtdaqa/new_dynamic_features/model_inference/output/11d_topoqa_10A_sort_order_2/results/HAF2/final_results_dockq.csv
Summary written to /Volumes/PData/Data/Dev/Github/Repos/phd3/qtopo/QTopoQA/qtdaqa/new_dynamic_features/model_inference/output/11d_topoqa_10A_sort_order_2/results/HAF2/final_results_hit_rate.csv
Summary written to /Volumes/PData/Data/Dev/Github/Repos/phd3/qtopo/QTopoQA/qtdaqa/new_dynamic_features/model_inference/output/11d_topoqa_10A_sort_order_2/results/ABAG-AF3/final_results_dockq.csv
Summary written to /Volumes/PData/Data/Dev/Github/Repos/phd3/qtopo/QTopoQA/qtdaqa/new_dynamic_features/model_inference/output/11d_topoqa_10A_sort_order_2/results/ABAG-AF3/final_results_hit_rate.csv
     3332.67 real     21928.23 user      3913.23 sys
