2025-12-05 00:24:27 INFO PDB warnings enabled (Bio.PDB.PDBConstructionWarning will be logged).
2025-12-05 00:24:27 INFO Loading feature configuration from /Volumes/PData/Data/Dev/Github/Repos/phd3/qtopo/QTopoQA/qtdaqa/new_dynamic_features/graph_builder2/feature_configs/feature-config.yaml.MoL_edge_10A
2025-12-05 00:24:28 INFO Prepared log directory: /Volumes/PData/Data/Dev/Github/Repos/phd3/qtopo/QTopoQA/qtdaqa/new_dynamic_features/graph_builder2/logs_output/MoL_edge_10A/graph_builder.2025-12-05_00-24-27
2025-12-05 00:24:28 INFO Dataset directory: /Volumes/PData/Data/Dev/Github/Repos/phd3/qtopo/QTopoQA/datasets/training/adjusted/smaller_pilot_batch_Dockground_MAF2
2025-12-05 00:24:28 INFO Work directory: /Volumes/PData/Data/Dev/Github/Repos/phd3/qtopo/QTopoQA/qtdaqa/new_dynamic_features/graph_builder2/output/MoL_edge_10A/work
2025-12-05 00:24:28 INFO Graph directory: /Volumes/PData/Data/Dev/Github/Repos/phd3/qtopo/QTopoQA/qtdaqa/new_dynamic_features/graph_builder2/output/MoL_edge_10A/graph_data
2025-12-05 00:24:28 INFO Jobs: 16 (from CLI)
2025-12-05 00:24:28 INFO Interface module: interface/polar_cutoff/v1 [alias: residue ID + 3D coordinates (x,y,z) default cutoff 10A | TopoQA] (jobs=16)
2025-12-05 00:24:28 INFO Topology module : topology/lightweight_MoL/v1 [alias: 140D PH + 8D unweighted Lap moments (mu1-4, kappa2-4) = Topology 148D (lean MoL)] (jobs=16)
2025-12-05 00:24:28 INFO Node module     : node/dssp_topo_merge_passthrough/v1 [alias: Passthrough (all dims from topology module) + 32D DSSP = Node Dynamic Dims] (jobs=16)
2025-12-05 00:24:28 INFO Edge module     : edge/edge_plus_lightweight_MoL/v1 [alias: Legacy 11D Edge + 5D unweighted Lap moments (mu1-3, kappa2, kappa3) on pair neighborhood = Edge 16D (lean MoL)] (jobs=16)
2025-12-05 00:24:28 INFO Artifact CSV sorting: disabled via --no-sort-artifacts (interface ordering always deterministic)
2025-12-05 00:24:28 INFO Identified 107 PDB files for processing.
2025-12-05 00:24:28 INFO Beginning interface stage (jobs=16)
2025-12-05 00:24:31 INFO [Interface - smaller_pilot_batch_Dockground_MAF2] 4.7% complete (5/107)
2025-12-05 00:24:31 INFO [Interface - smaller_pilot_batch_Dockground_MAF2] 9.3% complete (10/107)
2025-12-05 00:24:32 INFO [Interface - smaller_pilot_batch_Dockground_MAF2] 14.0% complete (15/107)
2025-12-05 00:24:33 INFO [Interface - smaller_pilot_batch_Dockground_MAF2] 18.7% complete (20/107)
2025-12-05 00:24:33 INFO [Interface - smaller_pilot_batch_Dockground_MAF2] 23.4% complete (25/107)
2025-12-05 00:24:34 INFO [Interface - smaller_pilot_batch_Dockground_MAF2] 28.0% complete (30/107)
2025-12-05 00:24:34 INFO [Interface - smaller_pilot_batch_Dockground_MAF2] 32.7% complete (35/107)
2025-12-05 00:24:34 INFO [Interface - smaller_pilot_batch_Dockground_MAF2] 37.4% complete (40/107)
2025-12-05 00:24:35 INFO [Interface - smaller_pilot_batch_Dockground_MAF2] 42.1% complete (45/107)
2025-12-05 00:24:36 INFO [Interface - smaller_pilot_batch_Dockground_MAF2] 46.7% complete (50/107)
2025-12-05 00:24:36 INFO [Interface - smaller_pilot_batch_Dockground_MAF2] 51.4% complete (55/107)
2025-12-05 00:24:36 INFO [Interface - smaller_pilot_batch_Dockground_MAF2] 56.1% complete (60/107)
2025-12-05 00:24:37 INFO [Interface - smaller_pilot_batch_Dockground_MAF2] 60.7% complete (65/107)
2025-12-05 00:24:38 INFO [Interface - smaller_pilot_batch_Dockground_MAF2] 65.4% complete (70/107)
2025-12-05 00:24:38 INFO [Interface - smaller_pilot_batch_Dockground_MAF2] 70.1% complete (75/107)
2025-12-05 00:24:39 INFO [Interface - smaller_pilot_batch_Dockground_MAF2] 74.8% complete (80/107)
2025-12-05 00:24:39 INFO [Interface - smaller_pilot_batch_Dockground_MAF2] 79.4% complete (85/107)
2025-12-05 00:24:39 INFO [Interface - smaller_pilot_batch_Dockground_MAF2] 84.1% complete (90/107)
2025-12-05 00:24:40 INFO [Interface - smaller_pilot_batch_Dockground_MAF2] 88.8% complete (95/107)
2025-12-05 00:24:40 INFO [Interface - smaller_pilot_batch_Dockground_MAF2] 93.5% complete (100/107)
2025-12-05 00:24:40 INFO [Interface - smaller_pilot_batch_Dockground_MAF2] 98.1% complete (105/107)
2025-12-05 00:24:40 INFO [Interface - smaller_pilot_batch_Dockground_MAF2] 100.0% complete (107/107)
2025-12-05 00:24:40 INFO Interface stage complete: 107 success, 0 failures
2025-12-05 00:24:40 INFO Interface feature extraction elapsed time: 12.39 s
2025-12-05 00:24:40 INFO Beginning topology stage (jobs=16)
2025-12-05 00:24:55 INFO [Topology (PH+MoL) - smaller_pilot_batch_Dockground_MAF2] 4.7% complete (5/107)
2025-12-05 00:24:56 INFO [Topology (PH+MoL) - smaller_pilot_batch_Dockground_MAF2] 9.3% complete (10/107)
2025-12-05 00:24:56 INFO [Topology (PH+MoL) - smaller_pilot_batch_Dockground_MAF2] 14.0% complete (15/107)
2025-12-05 00:25:06 INFO [Topology (PH+MoL) - smaller_pilot_batch_Dockground_MAF2] 18.7% complete (20/107)
2025-12-05 00:25:07 INFO [Topology (PH+MoL) - smaller_pilot_batch_Dockground_MAF2] 23.4% complete (25/107)
2025-12-05 00:25:07 INFO [Topology (PH+MoL) - smaller_pilot_batch_Dockground_MAF2] 28.0% complete (30/107)
2025-12-05 00:25:15 INFO [Topology (PH+MoL) - smaller_pilot_batch_Dockground_MAF2] 32.7% complete (35/107)
2025-12-05 00:25:17 INFO [Topology (PH+MoL) - smaller_pilot_batch_Dockground_MAF2] 37.4% complete (40/107)
2025-12-05 00:25:18 INFO [Topology (PH+MoL) - smaller_pilot_batch_Dockground_MAF2] 42.1% complete (45/107)
2025-12-05 00:25:20 INFO [Topology (PH+MoL) - smaller_pilot_batch_Dockground_MAF2] 46.7% complete (50/107)
2025-12-05 00:25:27 INFO [Topology (PH+MoL) - smaller_pilot_batch_Dockground_MAF2] 51.4% complete (55/107)
2025-12-05 00:25:28 INFO [Topology (PH+MoL) - smaller_pilot_batch_Dockground_MAF2] 56.1% complete (60/107)
2025-12-05 00:25:30 INFO [Topology (PH+MoL) - smaller_pilot_batch_Dockground_MAF2] 60.7% complete (65/107)
2025-12-05 00:25:38 INFO [Topology (PH+MoL) - smaller_pilot_batch_Dockground_MAF2] 65.4% complete (70/107)
2025-12-05 00:25:39 INFO [Topology (PH+MoL) - smaller_pilot_batch_Dockground_MAF2] 70.1% complete (75/107)
2025-12-05 00:25:40 INFO [Topology (PH+MoL) - smaller_pilot_batch_Dockground_MAF2] 74.8% complete (80/107)
2025-12-05 00:25:48 INFO [Topology (PH+MoL) - smaller_pilot_batch_Dockground_MAF2] 79.4% complete (85/107)
2025-12-05 00:25:50 INFO [Topology (PH+MoL) - smaller_pilot_batch_Dockground_MAF2] 84.1% complete (90/107)
2025-12-05 00:25:51 INFO [Topology (PH+MoL) - smaller_pilot_batch_Dockground_MAF2] 88.8% complete (95/107)
2025-12-05 00:25:53 INFO [Topology (PH+MoL) - smaller_pilot_batch_Dockground_MAF2] 93.5% complete (100/107)
2025-12-05 00:25:56 INFO [Topology (PH+MoL) - smaller_pilot_batch_Dockground_MAF2] 98.1% complete (105/107)
2025-12-05 00:25:56 INFO [Topology (PH+MoL) - smaller_pilot_batch_Dockground_MAF2] 100.0% complete (107/107)
2025-12-05 00:25:57 INFO Topology stage complete: 106 success, 1 failures
2025-12-05 00:25:57 INFO Topology feature extraction elapsed time: 76.20 s
2025-12-05 00:25:57 INFO Beginning node stage (jobs=16)
2025-12-05 00:26:02 INFO [Node (passthrough) - smaller_pilot_batch_Dockground_MAF2] 4.7% complete (5/106)
2025-12-05 00:26:03 INFO [Node (passthrough) - smaller_pilot_batch_Dockground_MAF2] 9.4% complete (10/106)
2025-12-05 00:26:04 INFO [Node (passthrough) - smaller_pilot_batch_Dockground_MAF2] 14.2% complete (15/106)
2025-12-05 00:26:06 INFO [Node (passthrough) - smaller_pilot_batch_Dockground_MAF2] 18.9% complete (20/106)
2025-12-05 00:26:07 INFO [Node (passthrough) - smaller_pilot_batch_Dockground_MAF2] 23.6% complete (25/106)
2025-12-05 00:26:09 INFO [Node (passthrough) - smaller_pilot_batch_Dockground_MAF2] 28.3% complete (30/106)
2025-12-05 00:26:10 INFO [Node (passthrough) - smaller_pilot_batch_Dockground_MAF2] 33.0% complete (35/106)
2025-12-05 00:26:12 INFO [Node (passthrough) - smaller_pilot_batch_Dockground_MAF2] 37.7% complete (40/106)
2025-12-05 00:26:14 INFO [Node (passthrough) - smaller_pilot_batch_Dockground_MAF2] 42.5% complete (45/106)
2025-12-05 00:26:15 INFO [Node (passthrough) - smaller_pilot_batch_Dockground_MAF2] 47.2% complete (50/106)
2025-12-05 00:26:17 INFO [Node (passthrough) - smaller_pilot_batch_Dockground_MAF2] 51.9% complete (55/106)
2025-12-05 00:26:17 INFO [Node (passthrough) - smaller_pilot_batch_Dockground_MAF2] 56.6% complete (60/106)
2025-12-05 00:26:19 INFO [Node (passthrough) - smaller_pilot_batch_Dockground_MAF2] 61.3% complete (65/106)
2025-12-05 00:26:21 INFO [Node (passthrough) - smaller_pilot_batch_Dockground_MAF2] 66.0% complete (70/106)
2025-12-05 00:26:22 INFO [Node (passthrough) - smaller_pilot_batch_Dockground_MAF2] 70.8% complete (75/106)
2025-12-05 00:26:24 INFO [Node (passthrough) - smaller_pilot_batch_Dockground_MAF2] 75.5% complete (80/106)
2025-12-05 00:26:25 INFO [Node (passthrough) - smaller_pilot_batch_Dockground_MAF2] 80.2% complete (85/106)
2025-12-05 00:26:27 INFO [Node (passthrough) - smaller_pilot_batch_Dockground_MAF2] 84.9% complete (90/106)
2025-12-05 00:26:28 INFO [Node (passthrough) - smaller_pilot_batch_Dockground_MAF2] 89.6% complete (95/106)
2025-12-05 00:26:28 INFO [Node (passthrough) - smaller_pilot_batch_Dockground_MAF2] 94.3% complete (100/106)
2025-12-05 00:26:29 INFO [Node (passthrough) - smaller_pilot_batch_Dockground_MAF2] 99.1% complete (105/106)
2025-12-05 00:26:29 INFO [Node (passthrough) - smaller_pilot_batch_Dockground_MAF2] 100.0% complete (106/106)
2025-12-05 00:26:29 INFO Node stage complete: 106 success, 0 failures
2025-12-05 00:26:29 INFO Node feature extraction elapsed time: 32.33 s
2025-12-05 00:26:29 INFO Edge dumps enabled; writing CSVs to:
2025-12-05 00:26:29 INFO   /Volumes/PData/Data/Dev/Github/Repos/phd3/qtopo/QTopoQA/qtdaqa/new_dynamic_features/graph_builder2/output/MoL_edge_10A/work/edge_features
2025-12-05 00:26:29 INFO Edge dump preparation elapsed time: 0.00 s
2025-12-05 00:26:29 INFO Beginning graph assembly (.pt output) stage (jobs=16)
2025-12-05 00:26:40 INFO [Graph assembly - smaller_pilot_batch_Dockground_MAF2] 4.7% complete (5/106)
2025-12-05 00:26:41 INFO [Graph assembly - smaller_pilot_batch_Dockground_MAF2] 9.4% complete (10/106)
2025-12-05 00:26:41 INFO [Graph assembly - smaller_pilot_batch_Dockground_MAF2] 14.2% complete (15/106)
2025-12-05 00:26:51 INFO [Graph assembly - smaller_pilot_batch_Dockground_MAF2] 18.9% complete (20/106)
2025-12-05 00:26:51 INFO [Graph assembly - smaller_pilot_batch_Dockground_MAF2] 23.6% complete (25/106)
2025-12-05 00:26:51 INFO [Graph assembly - smaller_pilot_batch_Dockground_MAF2] 28.3% complete (30/106)
2025-12-05 00:26:56 INFO [Graph assembly - smaller_pilot_batch_Dockground_MAF2] 33.0% complete (35/106)
2025-12-05 00:27:00 INFO [Graph assembly - smaller_pilot_batch_Dockground_MAF2] 37.7% complete (40/106)
2025-12-05 00:27:00 INFO [Graph assembly - smaller_pilot_batch_Dockground_MAF2] 42.5% complete (45/106)
2025-12-05 00:27:05 INFO [Graph assembly - smaller_pilot_batch_Dockground_MAF2] 47.2% complete (50/106)
2025-12-05 00:27:05 INFO [Graph assembly - smaller_pilot_batch_Dockground_MAF2] 51.9% complete (55/106)
2025-12-05 00:27:10 INFO [Graph assembly - smaller_pilot_batch_Dockground_MAF2] 56.6% complete (60/106)
2025-12-05 00:27:11 INFO [Graph assembly - smaller_pilot_batch_Dockground_MAF2] 61.3% complete (65/106)
