Running Inference on BM55-AF2 in 11d_topoqa_10A_sort_order_polish
Running Inference on HAF2 in 11d_topoqa_10A_sort_order_polish
Running Inference on ABAG-AF3 in 11d_topoqa_10A_sort_order_polish
Waiting for Inference to complete ...
2025-11-23 23:36:35,776 INFO Auto-selected checkpoint /Volumes/PData/Data/Dev/Github/Repos/phd3/qtopo/QTopoQA/qtdaqa/new_dynamic_features/model_training/training_runs/polish_lr_low_seed555_2025-11-23_22-30-36/model_checkpoints/checkpoint.val-0.04253_epoch094.chkpt (score=0.04253046214580536, run=polish_lr_low_seed555_2025-11-23_22-30-36) from training root /Volumes/PData/Data/Dev/Github/Repos/phd3/qtopo/QTopoQA/qtdaqa/new_dynamic_features/model_training/training_runs
2025-11-23 23:36:35,776 INFO Auto-selected checkpoint /Volumes/PData/Data/Dev/Github/Repos/phd3/qtopo/QTopoQA/qtdaqa/new_dynamic_features/model_training/training_runs/polish_lr_low_seed555_2025-11-23_22-30-36/model_checkpoints/checkpoint.val-0.04253_epoch094.chkpt (score=0.04253046214580536, run=polish_lr_low_seed555_2025-11-23_22-30-36) from training root /Volumes/PData/Data/Dev/Github/Repos/phd3/qtopo/QTopoQA/qtdaqa/new_dynamic_features/model_training/training_runs
2025-11-23 23:36:35,777 INFO Auto-selected checkpoint /Volumes/PData/Data/Dev/Github/Repos/phd3/qtopo/QTopoQA/qtdaqa/new_dynamic_features/model_training/training_runs/polish_lr_low_seed555_2025-11-23_22-30-36/model_checkpoints/checkpoint.val-0.04253_epoch094.chkpt (score=0.04253046214580536, run=polish_lr_low_seed555_2025-11-23_22-30-36) from training root /Volumes/PData/Data/Dev/Github/Repos/phd3/qtopo/QTopoQA/qtdaqa/new_dynamic_features/model_training/training_runs
2025-11-23 23:36:35,783 INFO Resolved feature schema: {
  "edge_schema": {
    "dim": 11,
    "module": "edge/legacy_band/v11",
    "variant": "legacy_v11",
    "module_params": {
      "distance_max": 10.0,
      "distance_min": 0.0,
      "jobs": 16,
      "scale_features": true
    },
    "source": "/Volumes/PData/Data/Dev/Github/Repos/phd3/qtopo/QTopoQA/qtdaqa/new_dynamic_features/graph_builder2/output/11d_topoqa_10A_sort_order/graph_data/graph_metadata.json",
    "alias": "TopoQA default 10A cutoff",
    "jobs": 16,
    "summary": "11-D legacy edge features (distance + atom distance histogram)."
  },
  "topology_schema": {}
}
2025-11-23 23:36:35,783 INFO Resolved feature schema: {
  "edge_schema": {
    "dim": 11,
    "module": "edge/legacy_band/v11",
    "variant": "legacy_v11",
    "module_params": {
      "distance_max": 10.0,
      "distance_min": 0.0,
      "jobs": 16,
      "scale_features": true
    },
    "source": "/Volumes/PData/Data/Dev/Github/Repos/phd3/qtopo/QTopoQA/qtdaqa/new_dynamic_features/graph_builder2/output/11d_topoqa_10A_sort_order/graph_data/graph_metadata.json",
    "alias": "TopoQA default 10A cutoff",
    "jobs": 16,
    "summary": "11-D legacy edge features (distance + atom distance histogram)."
  },
  "topology_schema": {}
}
2025-11-23 23:36:35,783 INFO Resolved feature schema: {
  "edge_schema": {
    "dim": 11,
    "module": "edge/legacy_band/v11",
    "variant": "legacy_v11",
    "module_params": {
      "distance_max": 10.0,
      "distance_min": 0.0,
      "jobs": 16,
      "scale_features": true
    },
    "source": "/Volumes/PData/Data/Dev/Github/Repos/phd3/qtopo/QTopoQA/qtdaqa/new_dynamic_features/graph_builder2/output/11d_topoqa_10A_sort_order/graph_data/graph_metadata.json",
    "alias": "TopoQA default 10A cutoff",
    "jobs": 16,
    "summary": "11-D legacy edge features (distance + atom distance histogram)."
  },
  "topology_schema": {}
}
2025-11-23 23:36:35,784 INFO Config: {
  "data_dir": "/Volumes/PData/Data/Dev/Github/Repos/phd3/qtopo/QTopoQA/datasets/evaluation/HAF2/decoy",
  "work_dir": "/Volumes/PData/Data/Dev/Github/Repos/phd3/qtopo/QTopoQA/qtdaqa/new_dynamic_features/model_inference/output/11d_topoqa_10A_sort_order_polish/work/HAF2",
  "checkpoint_path": "/Volumes/PData/Data/Dev/Github/Repos/phd3/qtopo/QTopoQA/qtdaqa/new_dynamic_features/model_training/training_runs/polish_lr_low_seed555_2025-11-23_22-30-36/model_checkpoints/checkpoint.val-0.04253_epoch094.chkpt",
  "results_dir": "/Volumes/PData/Data/Dev/Github/Repos/phd3/qtopo/QTopoQA/qtdaqa/new_dynamic_features/model_inference/output/11d_topoqa_10A_sort_order_polish/results/HAF2",
  "output_file": "/Volumes/PData/Data/Dev/Github/Repos/phd3/qtopo/QTopoQA/qtdaqa/new_dynamic_features/model_inference/output/11d_topoqa_10A_sort_order_polish/results/HAF2/inference_results.csv",
  "label_file": "/Volumes/PData/Data/Dev/Github/Repos/phd3/qtopo/QTopoQA/datasets/evaluation/HAF2/label_info.csv",
  "batch_size": 32,
  "num_workers": 0,
  "builder": {
    "jobs": 8,
    "topology_dedup_sort": null,
    "dump_edges": null,
    "feature_config": null,
    "features": {},
    "builder_name": null
  },
  "reuse_existing_graphs": true,
  "use_checkpoint_schema": true,
  "interface_schema": {},
  "topology_schema": {},
  "node_schema": {},
  "edge_schema": {},
  "training_root": "/Volumes/PData/Data/Dev/Github/Repos/phd3/qtopo/QTopoQA/qtdaqa/new_dynamic_features/model_training/training_runs",
  "config_name": "config.yaml.HAF2",
  "dataset_name": "HAF2",
  "work_dir_base": "/Volumes/PData/Data/Dev/Github/Repos/phd3/qtopo/QTopoQA/qtdaqa/new_dynamic_features/model_inference/output/11d_topoqa_10A_sort_order_polish/work",
  "results_dir_base": "/Volumes/PData/Data/Dev/Github/Repos/phd3/qtopo/QTopoQA/qtdaqa/new_dynamic_features/model_inference/output/11d_topoqa_10A_sort_order_polish/results"
}
2025-11-23 23:36:35,784 INFO Config: {
  "data_dir": "/Volumes/PData/Data/Dev/Github/Repos/phd3/qtopo/QTopoQA/datasets/evaluation/BM55-AF2/decoy",
  "work_dir": "/Volumes/PData/Data/Dev/Github/Repos/phd3/qtopo/QTopoQA/qtdaqa/new_dynamic_features/model_inference/output/11d_topoqa_10A_sort_order_polish/work/BM55-AF2",
  "checkpoint_path": "/Volumes/PData/Data/Dev/Github/Repos/phd3/qtopo/QTopoQA/qtdaqa/new_dynamic_features/model_training/training_runs/polish_lr_low_seed555_2025-11-23_22-30-36/model_checkpoints/checkpoint.val-0.04253_epoch094.chkpt",
  "results_dir": "/Volumes/PData/Data/Dev/Github/Repos/phd3/qtopo/QTopoQA/qtdaqa/new_dynamic_features/model_inference/output/11d_topoqa_10A_sort_order_polish/results/BM55-AF2",
  "output_file": "/Volumes/PData/Data/Dev/Github/Repos/phd3/qtopo/QTopoQA/qtdaqa/new_dynamic_features/model_inference/output/11d_topoqa_10A_sort_order_polish/results/BM55-AF2/inference_results.csv",
  "label_file": "/Volumes/PData/Data/Dev/Github/Repos/phd3/qtopo/QTopoQA/datasets/evaluation/BM55-AF2/label_info.csv",
  "batch_size": 32,
  "num_workers": 0,
  "builder": {
    "jobs": 12,
    "topology_dedup_sort": null,
    "dump_edges": null,
    "feature_config": null,
    "features": {},
    "builder_name": null
  },
  "reuse_existing_graphs": true,
  "use_checkpoint_schema": true,
  "interface_schema": {},
  "topology_schema": {},
  "node_schema": {},
  "edge_schema": {},
  "training_root": "/Volumes/PData/Data/Dev/Github/Repos/phd3/qtopo/QTopoQA/qtdaqa/new_dynamic_features/model_training/training_runs",
  "config_name": "config.yaml.BM55-AF2",
  "dataset_name": "BM55-AF2",
  "work_dir_base": "/Volumes/PData/Data/Dev/Github/Repos/phd3/qtopo/QTopoQA/qtdaqa/new_dynamic_features/model_inference/output/11d_topoqa_10A_sort_order_polish/work",
  "results_dir_base": "/Volumes/PData/Data/Dev/Github/Repos/phd3/qtopo/QTopoQA/qtdaqa/new_dynamic_features/model_inference/output/11d_topoqa_10A_sort_order_polish/results"
}
2025-11-23 23:36:35,784 INFO Config: {
  "data_dir": "/Volumes/PData/Data/Dev/Github/Repos/phd3/qtopo/QTopoQA/datasets/evaluation/ABAG-AF3/ABAG-AF3_structures",
  "work_dir": "/Volumes/PData/Data/Dev/Github/Repos/phd3/qtopo/QTopoQA/qtdaqa/new_dynamic_features/model_inference/output/11d_topoqa_10A_sort_order_polish/work/ABAG-AF3",
  "checkpoint_path": "/Volumes/PData/Data/Dev/Github/Repos/phd3/qtopo/QTopoQA/qtdaqa/new_dynamic_features/model_training/training_runs/polish_lr_low_seed555_2025-11-23_22-30-36/model_checkpoints/checkpoint.val-0.04253_epoch094.chkpt",
  "results_dir": "/Volumes/PData/Data/Dev/Github/Repos/phd3/qtopo/QTopoQA/qtdaqa/new_dynamic_features/model_inference/output/11d_topoqa_10A_sort_order_polish/results/ABAG-AF3",
  "output_file": "/Volumes/PData/Data/Dev/Github/Repos/phd3/qtopo/QTopoQA/qtdaqa/new_dynamic_features/model_inference/output/11d_topoqa_10A_sort_order_polish/results/ABAG-AF3/inference_results.csv",
  "label_file": "/Volumes/PData/Data/Dev/Github/Repos/phd3/qtopo/QTopoQA/datasets/evaluation/ABAG-AF3/label_info.csv",
  "batch_size": 32,
  "num_workers": 0,
  "builder": {
    "jobs": 6,
    "topology_dedup_sort": null,
    "dump_edges": null,
    "feature_config": null,
    "features": {},
    "builder_name": null
  },
  "reuse_existing_graphs": true,
  "use_checkpoint_schema": true,
  "interface_schema": {},
  "topology_schema": {},
  "node_schema": {},
  "edge_schema": {},
  "training_root": "/Volumes/PData/Data/Dev/Github/Repos/phd3/qtopo/QTopoQA/qtdaqa/new_dynamic_features/model_training/training_runs",
  "config_name": "config.yaml.ABAG-AF3",
  "dataset_name": "ABAG-AF3",
  "work_dir_base": "/Volumes/PData/Data/Dev/Github/Repos/phd3/qtopo/QTopoQA/qtdaqa/new_dynamic_features/model_inference/output/11d_topoqa_10A_sort_order_polish/work",
  "results_dir_base": "/Volumes/PData/Data/Dev/Github/Repos/phd3/qtopo/QTopoQA/qtdaqa/new_dynamic_features/model_inference/output/11d_topoqa_10A_sort_order_polish/results"
}
2025-11-23 23:36:35,784 INFO Feature metadata written to /Volumes/PData/Data/Dev/Github/Repos/phd3/qtopo/QTopoQA/qtdaqa/new_dynamic_features/model_inference/output/11d_topoqa_10A_sort_order_polish/work/HAF2/feature_metadata.json
2025-11-23 23:36:35,784 INFO Feature metadata written to /Volumes/PData/Data/Dev/Github/Repos/phd3/qtopo/QTopoQA/qtdaqa/new_dynamic_features/model_inference/output/11d_topoqa_10A_sort_order_polish/work/BM55-AF2/feature_metadata.json
2025-11-23 23:36:35,784 INFO Feature metadata written to /Volumes/PData/Data/Dev/Github/Repos/phd3/qtopo/QTopoQA/qtdaqa/new_dynamic_features/model_inference/output/11d_topoqa_10A_sort_order_polish/work/ABAG-AF3/feature_metadata.json
2025-11-23 23:36:35,785 INFO 
2025-11-23 23:36:35,785 INFO 
2025-11-23 23:36:35,785 INFO 
2025-11-23 23:36:35,785 INFO Checkpoint file: /Volumes/PData/Data/Dev/Github/Repos/phd3/qtopo/QTopoQA/qtdaqa/new_dynamic_features/model_training/training_runs/polish_lr_low_seed555_2025-11-23_22-30-36/model_checkpoints/checkpoint.val-0.04253_epoch094.chkpt
2025-11-23 23:36:35,785 INFO Checkpoint file: /Volumes/PData/Data/Dev/Github/Repos/phd3/qtopo/QTopoQA/qtdaqa/new_dynamic_features/model_training/training_runs/polish_lr_low_seed555_2025-11-23_22-30-36/model_checkpoints/checkpoint.val-0.04253_epoch094.chkpt
2025-11-23 23:36:35,785 INFO Inference config: config.yaml.ABAG-AF3
2025-11-23 23:36:35,785 INFO 
2025-11-23 23:36:35,785 INFO Checkpoint file: /Volumes/PData/Data/Dev/Github/Repos/phd3/qtopo/QTopoQA/qtdaqa/new_dynamic_features/model_training/training_runs/polish_lr_low_seed555_2025-11-23_22-30-36/model_checkpoints/checkpoint.val-0.04253_epoch094.chkpt
2025-11-23 23:36:35,785 INFO Inference config: config.yaml.HAF2
2025-11-23 23:36:35,785 INFO Inference config: config.yaml.BM55-AF2
2025-11-23 23:36:35,785 INFO 
2025-11-23 23:36:35,785 INFO 
2025-11-23 23:36:35,786 INFO Building graphs using qtdaqa.new_dynamic_features.graph_builder2.graph_builder2 (selection source: checkpoint).
2025-11-23 23:36:35,786 INFO Building graphs using qtdaqa.new_dynamic_features.graph_builder2.graph_builder2 (selection source: checkpoint).
2025-11-23 23:36:35,786 INFO Building graphs using qtdaqa.new_dynamic_features.graph_builder2.graph_builder2 (selection source: checkpoint).
2025-11-23 23:36:35,787 INFO Running graph builder (qtdaqa.new_dynamic_features.graph_builder2.graph_builder2): /Volumes/PData/Data/Dev/Github/Repos/phd3/qtopo/venv_qtopo/bin/python3 -m qtdaqa.new_dynamic_features.graph_builder2.graph_builder2 --dataset-dir /Volumes/PData/Data/Dev/Github/Repos/phd3/qtopo/QTopoQA/datasets/evaluation/ABAG-AF3/ABAG-AF3_structures --work-dir /Volumes/PData/Data/Dev/Github/Repos/phd3/qtopo/QTopoQA/qtdaqa/new_dynamic_features/model_inference/output/11d_topoqa_10A_sort_order_polish/work/ABAG-AF3/builder_work --graph-dir /Volumes/PData/Data/Dev/Github/Repos/phd3/qtopo/QTopoQA/qtdaqa/new_dynamic_features/model_inference/output/11d_topoqa_10A_sort_order_polish/work/ABAG-AF3/graph_data --log-dir /Volumes/PData/Data/Dev/Github/Repos/phd3/qtopo/QTopoQA/qtdaqa/new_dynamic_features/model_inference/output/11d_topoqa_10A_sort_order_polish/work/ABAG-AF3/builder_logs --jobs 6 --feature-config /Volumes/PData/Data/Dev/Github/Repos/phd3/qtopo/QTopoQA/qtdaqa/new_dynamic_features/model_inference/output/11d_topoqa_10A_sort_order_polish/work/ABAG-AF3/builder_features/features.from_metadata.yaml
2025-11-23 23:36:35,787 INFO Running graph builder (qtdaqa.new_dynamic_features.graph_builder2.graph_builder2): /Volumes/PData/Data/Dev/Github/Repos/phd3/qtopo/venv_qtopo/bin/python3 -m qtdaqa.new_dynamic_features.graph_builder2.graph_builder2 --dataset-dir /Volumes/PData/Data/Dev/Github/Repos/phd3/qtopo/QTopoQA/datasets/evaluation/HAF2/decoy --work-dir /Volumes/PData/Data/Dev/Github/Repos/phd3/qtopo/QTopoQA/qtdaqa/new_dynamic_features/model_inference/output/11d_topoqa_10A_sort_order_polish/work/HAF2/builder_work --graph-dir /Volumes/PData/Data/Dev/Github/Repos/phd3/qtopo/QTopoQA/qtdaqa/new_dynamic_features/model_inference/output/11d_topoqa_10A_sort_order_polish/work/HAF2/graph_data --log-dir /Volumes/PData/Data/Dev/Github/Repos/phd3/qtopo/QTopoQA/qtdaqa/new_dynamic_features/model_inference/output/11d_topoqa_10A_sort_order_polish/work/HAF2/builder_logs --jobs 8 --feature-config /Volumes/PData/Data/Dev/Github/Repos/phd3/qtopo/QTopoQA/qtdaqa/new_dynamic_features/model_inference/output/11d_topoqa_10A_sort_order_polish/work/HAF2/builder_features/features.from_metadata.yaml
2025-11-23 23:36:35,787 INFO Running graph builder (qtdaqa.new_dynamic_features.graph_builder2.graph_builder2): /Volumes/PData/Data/Dev/Github/Repos/phd3/qtopo/venv_qtopo/bin/python3 -m qtdaqa.new_dynamic_features.graph_builder2.graph_builder2 --dataset-dir /Volumes/PData/Data/Dev/Github/Repos/phd3/qtopo/QTopoQA/datasets/evaluation/BM55-AF2/decoy --work-dir /Volumes/PData/Data/Dev/Github/Repos/phd3/qtopo/QTopoQA/qtdaqa/new_dynamic_features/model_inference/output/11d_topoqa_10A_sort_order_polish/work/BM55-AF2/builder_work --graph-dir /Volumes/PData/Data/Dev/Github/Repos/phd3/qtopo/QTopoQA/qtdaqa/new_dynamic_features/model_inference/output/11d_topoqa_10A_sort_order_polish/work/BM55-AF2/graph_data --log-dir /Volumes/PData/Data/Dev/Github/Repos/phd3/qtopo/QTopoQA/qtdaqa/new_dynamic_features/model_inference/output/11d_topoqa_10A_sort_order_polish/work/BM55-AF2/builder_logs --jobs 12 --feature-config /Volumes/PData/Data/Dev/Github/Repos/phd3/qtopo/QTopoQA/qtdaqa/new_dynamic_features/model_inference/output/11d_topoqa_10A_sort_order_polish/work/BM55-AF2/builder_features/features.from_metadata.yaml
2025-11-23 23:36:36 INFO PDB warnings suppressed (use --pdb-warnings to enable).
2025-11-23 23:36:36 INFO Loading feature configuration from /Volumes/PData/Data/Dev/Github/Repos/phd3/qtopo/QTopoQA/qtdaqa/new_dynamic_features/model_inference/output/11d_topoqa_10A_sort_order_polish/work/BM55-AF2/builder_features/features.from_metadata.yaml
2025-11-23 23:36:36 INFO PDB warnings suppressed (use --pdb-warnings to enable).
2025-11-23 23:36:36 INFO Loading feature configuration from /Volumes/PData/Data/Dev/Github/Repos/phd3/qtopo/QTopoQA/qtdaqa/new_dynamic_features/model_inference/output/11d_topoqa_10A_sort_order_polish/work/ABAG-AF3/builder_features/features.from_metadata.yaml
2025-11-23 23:36:36 INFO PDB warnings suppressed (use --pdb-warnings to enable).
2025-11-23 23:36:36 INFO Loading feature configuration from /Volumes/PData/Data/Dev/Github/Repos/phd3/qtopo/QTopoQA/qtdaqa/new_dynamic_features/model_inference/output/11d_topoqa_10A_sort_order_polish/work/HAF2/builder_features/features.from_metadata.yaml
2025-11-23 23:36:37 INFO Prepared log directory: /Volumes/PData/Data/Dev/Github/Repos/phd3/qtopo/QTopoQA/qtdaqa/new_dynamic_features/model_inference/output/11d_topoqa_10A_sort_order_polish/work/ABAG-AF3/builder_logs/graph_builder.2025-11-23_23-36-36
2025-11-23 23:36:37 INFO Dataset directory: /Volumes/PData/Data/Dev/Github/Repos/phd3/qtopo/QTopoQA/datasets/evaluation/ABAG-AF3/ABAG-AF3_structures
2025-11-23 23:36:37 INFO Work directory: /Volumes/PData/Data/Dev/Github/Repos/phd3/qtopo/QTopoQA/qtdaqa/new_dynamic_features/model_inference/output/11d_topoqa_10A_sort_order_polish/work/ABAG-AF3/builder_work
2025-11-23 23:36:37 INFO Graph directory: /Volumes/PData/Data/Dev/Github/Repos/phd3/qtopo/QTopoQA/qtdaqa/new_dynamic_features/model_inference/output/11d_topoqa_10A_sort_order_polish/work/ABAG-AF3/graph_data
2025-11-23 23:36:37 INFO Jobs: 6 (from CLI)
2025-11-23 23:36:37 INFO Interface module: interface/polar_cutoff/v1 [alias: n x 3D TopoQA default 10A cut-off] (jobs=4)
2025-11-23 23:36:37 INFO Topology module : topology/persistence_basic/v1 [alias: 140D TopoQA default] (jobs=8)
2025-11-23 23:36:37 INFO Node module     : node/dssp_topo_merge/v1 [alias: 172D (140D Topological consumes Interface + 32D) TopoQA default] (jobs=8)
2025-11-23 23:36:37 INFO Edge module     : edge/legacy_band/v11 [alias: TopoQA default 10A cutoff] (jobs=16)
2025-11-23 23:36:37 INFO Prepared log directory: /Volumes/PData/Data/Dev/Github/Repos/phd3/qtopo/QTopoQA/qtdaqa/new_dynamic_features/model_inference/output/11d_topoqa_10A_sort_order_polish/work/HAF2/builder_logs/graph_builder.2025-11-23_23-36-36
2025-11-23 23:36:37 INFO Dataset directory: /Volumes/PData/Data/Dev/Github/Repos/phd3/qtopo/QTopoQA/datasets/evaluation/HAF2/decoy
2025-11-23 23:36:37 INFO Work directory: /Volumes/PData/Data/Dev/Github/Repos/phd3/qtopo/QTopoQA/qtdaqa/new_dynamic_features/model_inference/output/11d_topoqa_10A_sort_order_polish/work/HAF2/builder_work
2025-11-23 23:36:37 INFO Graph directory: /Volumes/PData/Data/Dev/Github/Repos/phd3/qtopo/QTopoQA/qtdaqa/new_dynamic_features/model_inference/output/11d_topoqa_10A_sort_order_polish/work/HAF2/graph_data
2025-11-23 23:36:37 INFO Jobs: 8 (from CLI)
2025-11-23 23:36:37 INFO Interface module: interface/polar_cutoff/v1 [alias: n x 3D TopoQA default 10A cut-off] (jobs=4)
2025-11-23 23:36:37 INFO Topology module : topology/persistence_basic/v1 [alias: 140D TopoQA default] (jobs=8)
2025-11-23 23:36:37 INFO Node module     : node/dssp_topo_merge/v1 [alias: 172D (140D Topological consumes Interface + 32D) TopoQA default] (jobs=8)
2025-11-23 23:36:37 INFO Edge module     : edge/legacy_band/v11 [alias: TopoQA default 10A cutoff] (jobs=16)
2025-11-23 23:36:37 INFO Identified 875 PDB files for processing.
2025-11-23 23:36:37 INFO Beginning interface stage (jobs=4)
2025-11-23 23:36:37 INFO Identified 1370 PDB files for processing.
2025-11-23 23:36:37 INFO Beginning interface stage (jobs=4)
2025-11-23 23:36:37 INFO Prepared log directory: /Volumes/PData/Data/Dev/Github/Repos/phd3/qtopo/QTopoQA/qtdaqa/new_dynamic_features/model_inference/output/11d_topoqa_10A_sort_order_polish/work/BM55-AF2/builder_logs/graph_builder.2025-11-23_23-36-36
2025-11-23 23:36:37 INFO Dataset directory: /Volumes/PData/Data/Dev/Github/Repos/phd3/qtopo/QTopoQA/datasets/evaluation/BM55-AF2/decoy
2025-11-23 23:36:37 INFO Work directory: /Volumes/PData/Data/Dev/Github/Repos/phd3/qtopo/QTopoQA/qtdaqa/new_dynamic_features/model_inference/output/11d_topoqa_10A_sort_order_polish/work/BM55-AF2/builder_work
2025-11-23 23:36:37 INFO Graph directory: /Volumes/PData/Data/Dev/Github/Repos/phd3/qtopo/QTopoQA/qtdaqa/new_dynamic_features/model_inference/output/11d_topoqa_10A_sort_order_polish/work/BM55-AF2/graph_data
2025-11-23 23:36:37 INFO Jobs: 12 (from CLI)
2025-11-23 23:36:37 INFO Interface module: interface/polar_cutoff/v1 [alias: n x 3D TopoQA default 10A cut-off] (jobs=4)
2025-11-23 23:36:37 INFO Topology module : topology/persistence_basic/v1 [alias: 140D TopoQA default] (jobs=8)
2025-11-23 23:36:37 INFO Node module     : node/dssp_topo_merge/v1 [alias: 172D (140D Topological consumes Interface + 32D) TopoQA default] (jobs=8)
2025-11-23 23:36:37 INFO Edge module     : edge/legacy_band/v11 [alias: TopoQA default 10A cutoff] (jobs=16)
2025-11-23 23:36:37 INFO Identified 449 PDB files for processing.
2025-11-23 23:36:37 INFO Beginning interface stage (jobs=4)
2025-11-23 23:36:40 INFO [Interface] 5.0% complete (68/1370)
2025-11-23 23:36:44 INFO [Interface] 4.9% complete (22/449)
2025-11-23 23:36:50 INFO [Interface] 9.8% complete (44/449)
2025-11-23 23:36:57 INFO [Interface] 14.7% complete (66/449)
2025-11-23 23:37:04 INFO [Interface] 19.6% complete (88/449)
2025-11-23 23:37:07 INFO [Interface] 9.9% complete (136/1370)
2025-11-23 23:37:09 INFO [Interface] 24.5% complete (110/449)
2025-11-23 23:37:13 INFO [Interface] 29.4% complete (132/449)
2025-11-23 23:37:13 INFO [Interface] 4.9% complete (43/875)
2025-11-23 23:37:16 INFO [Interface] 34.3% complete (154/449)
2025-11-23 23:37:17 INFO [Interface] 39.2% complete (176/449)
2025-11-23 23:37:19 INFO [Interface] 44.1% complete (198/449)
2025-11-23 23:37:21 INFO [Interface] 49.0% complete (220/449)
2025-11-23 23:37:23 INFO [Interface] 53.9% complete (242/449)
2025-11-23 23:37:27 INFO [Interface] 58.8% complete (264/449)
2025-11-23 23:37:30 INFO [Interface] 63.7% complete (286/449)
2025-11-23 23:37:35 INFO [Interface] 68.6% complete (308/449)
2025-11-23 23:37:42 INFO [Interface] 73.5% complete (330/449)
2025-11-23 23:37:47 INFO [Interface] 78.4% complete (352/449)
2025-11-23 23:37:50 INFO [Interface] 83.3% complete (374/449)
2025-11-23 23:37:53 INFO [Interface] 88.2% complete (396/449)
2025-11-23 23:37:57 INFO [Interface] 93.1% complete (418/449)
2025-11-23 23:37:59 INFO [Interface] 9.8% complete (86/875)
2025-11-23 23:38:00 INFO [Interface] 98.0% complete (440/449)
2025-11-23 23:38:00 INFO [Interface] 14.9% complete (204/1370)
2025-11-23 23:38:01 INFO [Interface] 100.0% complete (449/449)
2025-11-23 23:38:01 INFO Interface stage complete: 449 success, 0 failures
2025-11-23 23:38:01 INFO Interface feature extraction elapsed time: 83.85 s
2025-11-23 23:38:01 INFO Beginning topology stage (jobs=8)
2025-11-23 23:38:20 INFO [Topology] 4.9% complete (22/449)
2025-11-23 23:38:27 INFO [Interface] 14.7% complete (129/875)
2025-11-23 23:38:41 INFO [Topology] 9.8% complete (44/449)
2025-11-23 23:38:47 INFO [Interface] 19.7% complete (172/875)
2025-11-23 23:38:55 INFO [Interface] 24.6% complete (215/875)
2025-11-23 23:39:00 INFO [Interface] 19.9% complete (272/1370)
2025-11-23 23:39:04 INFO [Interface] 29.5% complete (258/875)
2025-11-23 23:39:07 INFO [Topology] 14.7% complete (66/449)
2025-11-23 23:39:08 INFO [Interface] 24.8% complete (340/1370)
2025-11-23 23:39:14 INFO [Interface] 34.4% complete (301/875)
2025-11-23 23:39:31 INFO [Interface] 29.8% complete (408/1370)
2025-11-23 23:39:36 INFO [Interface] 39.3% complete (344/875)
2025-11-23 23:39:47 INFO [Topology] 19.6% complete (88/449)
2025-11-23 23:40:02 INFO [Topology] 24.5% complete (110/449)
2025-11-23 23:40:03 INFO [Interface] 34.7% complete (476/1370)
2025-11-23 23:40:18 INFO [Topology] 29.4% complete (132/449)
2025-11-23 23:40:21 INFO [Interface] 39.7% complete (544/1370)
2025-11-23 23:40:32 INFO [Interface] 44.2% complete (387/875)
2025-11-23 23:40:32 INFO [Topology] 34.3% complete (154/449)
2025-11-23 23:40:36 INFO [Interface] 44.7% complete (612/1370)
2025-11-23 23:40:41 INFO [Topology] 39.2% complete (176/449)
2025-11-23 23:40:43 INFO [Interface] 49.6% complete (680/1370)
2025-11-23 23:40:52 INFO [Topology] 44.1% complete (198/449)
2025-11-23 23:40:59 INFO [Topology] 49.0% complete (220/449)
2025-11-23 23:41:11 INFO [Topology] 53.9% complete (242/449)
2025-11-23 23:41:25 INFO [Interface] 49.1% complete (430/875)
2025-11-23 23:41:36 INFO [Topology] 58.8% complete (264/449)
2025-11-23 23:41:42 INFO [Interface] 54.1% complete (473/875)
2025-11-23 23:41:50 INFO [Topology] 63.7% complete (286/449)
2025-11-23 23:41:53 INFO [Interface] 59.0% complete (516/875)
2025-11-23 23:42:05 INFO [Interface] 54.6% complete (748/1370)
2025-11-23 23:42:24 INFO [Topology] 68.6% complete (308/449)
2025-11-23 23:42:51 INFO [Interface] 63.9% complete (559/875)
2025-11-23 23:43:00 INFO [Topology] 73.5% complete (330/449)
2025-11-23 23:43:18 INFO [Topology] 78.4% complete (352/449)
2025-11-23 23:43:31 INFO [Topology] 83.3% complete (374/449)
2025-11-23 23:43:44 INFO [Topology] 88.2% complete (396/449)
2025-11-23 23:43:51 INFO [Interface] 59.6% complete (816/1370)
2025-11-23 23:43:58 INFO [Topology] 93.1% complete (418/449)
2025-11-23 23:43:58 INFO [Interface] 68.8% complete (602/875)
2025-11-23 23:44:11 INFO [Topology] 98.0% complete (440/449)
2025-11-23 23:44:14 INFO [Interface] 64.5% complete (884/1370)
2025-11-23 23:44:15 INFO [Topology] 100.0% complete (449/449)
2025-11-23 23:44:16 INFO Topology stage complete: 449 success, 0 failures
2025-11-23 23:44:16 INFO Topology feature extraction elapsed time: 375.03 s
2025-11-23 23:44:16 INFO Beginning node stage (jobs=8)
2025-11-23 23:44:28 INFO [Interface] 69.5% complete (952/1370)
2025-11-23 23:44:30 INFO [Node] 4.9% complete (22/449)
2025-11-23 23:44:35 INFO [Interface] 74.5% complete (1020/1370)
2025-11-23 23:44:41 INFO [Node] 9.8% complete (44/449)
2025-11-23 23:44:43 INFO [Interface] 79.4% complete (1088/1370)
2025-11-23 23:44:51 INFO [Interface] 84.4% complete (1156/1370)
2025-11-23 23:44:54 INFO [Node] 14.7% complete (66/449)
2025-11-23 23:44:59 INFO [Interface] 89.3% complete (1224/1370)
2025-11-23 23:45:04 INFO [Interface] 94.3% complete (1292/1370)
2025-11-23 23:45:06 INFO [Node] 19.6% complete (88/449)
2025-11-23 23:45:07 INFO [Interface] 99.3% complete (1360/1370)
2025-11-23 23:45:08 INFO [Interface] 100.0% complete (1370/1370)
2025-11-23 23:45:08 INFO Interface stage complete: 1370 success, 0 failures
2025-11-23 23:45:08 INFO Interface feature extraction elapsed time: 510.80 s
2025-11-23 23:45:08 INFO Beginning topology stage (jobs=8)
2025-11-23 23:45:18 INFO [Node] 24.5% complete (110/449)
2025-11-23 23:45:31 INFO [Node] 29.4% complete (132/449)
2025-11-23 23:45:34 INFO [Topology] 5.0% complete (68/1370)
2025-11-23 23:45:44 INFO [Node] 34.3% complete (154/449)
2025-11-23 23:45:54 INFO [Node] 39.2% complete (176/449)
2025-11-23 23:46:06 INFO [Node] 44.1% complete (198/449)
2025-11-23 23:46:12 INFO [Topology] 9.9% complete (136/1370)
2025-11-23 23:46:18 INFO [Node] 49.0% complete (220/449)
2025-11-23 23:46:30 INFO [Node] 53.9% complete (242/449)
2025-11-23 23:46:43 INFO [Node] 58.8% complete (264/449)
2025-11-23 23:46:53 INFO [Topology] 14.9% complete (204/1370)
2025-11-23 23:46:55 INFO [Node] 63.7% complete (286/449)
2025-11-23 23:47:09 INFO [Node] 68.6% complete (308/449)
2025-11-23 23:47:21 INFO [Node] 73.5% complete (330/449)
2025-11-23 23:47:25 INFO [Topology] 19.9% complete (272/1370)
2025-11-23 23:47:36 INFO [Node] 78.4% complete (352/449)
2025-11-23 23:47:47 INFO [Node] 83.3% complete (374/449)
2025-11-23 23:47:59 INFO [Topology] 24.8% complete (340/1370)
2025-11-23 23:48:00 INFO [Node] 88.2% complete (396/449)
2025-11-23 23:48:12 INFO [Node] 93.1% complete (418/449)
2025-11-23 23:48:24 INFO [Node] 98.0% complete (440/449)
2025-11-23 23:48:28 INFO [Node] 100.0% complete (449/449)
2025-11-23 23:48:28 INFO Node stage complete: 449 success, 0 failures
2025-11-23 23:48:28 INFO Node feature extraction elapsed time: 251.88 s
2025-11-23 23:48:28 INFO Edge dumps enabled; writing CSVs to:
2025-11-23 23:48:28 INFO   /Volumes/PData/Data/Dev/Github/Repos/phd3/qtopo/QTopoQA/qtdaqa/new_dynamic_features/model_inference/output/11d_topoqa_10A_sort_order_polish/work/BM55-AF2/builder_work/edge_features
2025-11-23 23:48:28 INFO Edge dump preparation elapsed time: 0.00 s
2025-11-23 23:48:28 INFO Beginning graph assembly (.pt output) stage (jobs=16)
2025-11-23 23:48:42 INFO [Topology] 29.8% complete (408/1370)
2025-11-23 23:48:49 INFO [Graph assembly] 4.9% complete (22/449)
2025-11-23 23:49:07 INFO [Graph assembly] 9.8% complete (44/449)
2025-11-23 23:49:20 INFO [Topology] 34.7% complete (476/1370)
2025-11-23 23:49:51 INFO [Graph assembly] 14.7% complete (66/449)
2025-11-23 23:50:00 INFO [Topology] 39.7% complete (544/1370)
2025-11-23 23:50:32 INFO [Graph assembly] 19.6% complete (88/449)
2025-11-23 23:50:33 INFO [Topology] 44.7% complete (612/1370)
2025-11-23 23:50:37 INFO [Graph assembly] 24.5% complete (110/449)
2025-11-23 23:50:47 INFO [Graph assembly] 29.4% complete (132/449)
2025-11-23 23:50:52 INFO [Topology] 49.6% complete (680/1370)
2025-11-23 23:50:58 INFO [Graph assembly] 34.3% complete (154/449)
2025-11-23 23:51:02 INFO [Graph assembly] 39.2% complete (176/449)
2025-11-23 23:51:09 INFO [Interface] 73.7% complete (645/875)
2025-11-23 23:51:11 INFO [Graph assembly] 44.1% complete (198/449)
2025-11-23 23:51:15 INFO [Graph assembly] 49.0% complete (220/449)
2025-11-23 23:51:29 INFO [Interface] 78.6% complete (688/875)
2025-11-23 23:51:36 INFO [Graph assembly] 53.9% complete (242/449)
2025-11-23 23:51:49 INFO [Interface] 83.5% complete (731/875)
2025-11-23 23:51:51 INFO [Graph assembly] 58.8% complete (264/449)
2025-11-23 23:51:58 INFO [Graph assembly] 63.7% complete (286/449)
2025-11-23 23:52:05 INFO [Interface] 88.5% complete (774/875)
2025-11-23 23:52:12 INFO [Interface] 93.4% complete (817/875)
2025-11-23 23:52:20 INFO [Interface] 98.3% complete (860/875)
2025-11-23 23:52:21 INFO [Interface] 100.0% complete (875/875)
2025-11-23 23:52:21 INFO Interface stage complete: 875 success, 0 failures
2025-11-23 23:52:21 INFO Interface feature extraction elapsed time: 944.37 s
2025-11-23 23:52:21 INFO Beginning topology stage (jobs=8)
2025-11-23 23:52:39 INFO [Graph assembly] 68.6% complete (308/449)
2025-11-23 23:52:54 INFO [Topology] 4.9% complete (43/875)
2025-11-23 23:53:15 INFO [Topology] 54.6% complete (748/1370)
2025-11-23 23:53:17 INFO [Graph assembly] 73.5% complete (330/449)
2025-11-23 23:53:21 INFO [Graph assembly] 78.4% complete (352/449)
2025-11-23 23:53:27 INFO [Topology] 9.8% complete (86/875)
2025-11-23 23:53:29 INFO [Graph assembly] 83.3% complete (374/449)
2025-11-23 23:53:40 INFO [Graph assembly] 88.2% complete (396/449)
2025-11-23 23:53:49 INFO [Graph assembly] 93.1% complete (418/449)
2025-11-23 23:53:57 INFO [Graph assembly] 98.0% complete (440/449)
2025-11-23 23:53:58 INFO [Graph assembly] 100.0% complete (449/449)
2025-11-23 23:53:58 INFO Graph assembly (.pt output) complete: 449 success, 0 failures
2025-11-23 23:53:58 INFO Graph (.pt) generation elapsed time: 328.59 s (edge stage: 328.72 s)
2025-11-23 23:53:58 INFO Summary written to graph_builder.2025-11-23_23-36-36/graph_builder_summary.json
2025-11-23 23:53:58 INFO Summary log written to graph_builder.2025-11-23_23-36-36/graph_builder_summary.log
2025-11-23 23:53:58 INFO Copied graph builder summary to /Volumes/PData/Data/Dev/Github/Repos/phd3/qtopo/QTopoQA/qtdaqa/new_dynamic_features/model_inference/output/11d_topoqa_10A_sort_order_polish/work/BM55-AF2/graph_data/graph_builder_summary.json
2025-11-23 23:53:58 INFO Copied graph builder text summary to /Volumes/PData/Data/Dev/Github/Repos/phd3/qtopo/QTopoQA/qtdaqa/new_dynamic_features/model_inference/output/11d_topoqa_10A_sort_order_polish/work/BM55-AF2/graph_data/graph_builder_summary.log
2025-11-23 23:53:58 INFO Dynamic graph builder completed successfully.
2025-11-23 23:53:59,086 INFO Graph directory: /Volumes/PData/Data/Dev/Github/Repos/phd3/qtopo/QTopoQA/qtdaqa/new_dynamic_features/model_inference/output/11d_topoqa_10A_sort_order_polish/work/BM55-AF2/graph_data
2025-11-23 23:53:59,086 INFO Checkpoint file: /Volumes/PData/Data/Dev/Github/Repos/phd3/qtopo/QTopoQA/qtdaqa/new_dynamic_features/model_training/training_runs/polish_lr_low_seed555_2025-11-23_22-30-36/model_checkpoints/checkpoint.val-0.04253_epoch094.chkpt
2025-11-23 23:53:59,086 INFO Inference config: config.yaml.BM55-AF2
2025-11-23 23:53:59,103 INFO Verified graph metadata compatibility (/Volumes/PData/Data/Dev/Github/Repos/phd3/qtopo/QTopoQA/qtdaqa/new_dynamic_features/model_inference/output/11d_topoqa_10A_sort_order_polish/work/BM55-AF2/graph_data/graph_metadata.json).
2025-11-23 23:53:59,104 INFO Inference schema summary written to /Volumes/PData/Data/Dev/Github/Repos/phd3/qtopo/QTopoQA/qtdaqa/new_dynamic_features/model_inference/output/11d_topoqa_10A_sort_order_polish/work/BM55-AF2/schema_summary.json
2025-11-23 23:53:59,104 INFO Loading graphs from /Volumes/PData/Data/Dev/Github/Repos/phd3/qtopo/QTopoQA/qtdaqa/new_dynamic_features/model_inference/output/11d_topoqa_10A_sort_order_polish/work/BM55-AF2/graph_data
2025-11-23 23:53:59,447 WARNING Label CSV /Volumes/PData/Data/Dev/Github/Repos/phd3/qtopo/QTopoQA/datasets/evaluation/BM55-AF2/label_info.csv contains duplicate unqualified model names mapped to multiple targets (examples: ranked_3 -> 3RJQ, 3U7Y, 3WD5, 4ETQ, 4M5Z, 4Y7M, 5CBA, 5E5M, 5GRJ, 5HGG, 5KOV, 5O1R, 5SV3, 5WK3, 5X0T, 5Y9J, 6A0Z, 6A77, 6AL0, 6B0S, 6CWG, 6DBG, ranked_0 -> 3RJQ, 3U7Y, 3WD5, 4ETQ, 4M5Z, 4Y7M, 5CBA, 5E5M, 5GRJ, 5HGG, 5KOV, 5O1R, 5SV3, 5WK3, 5X0T, 5Y9J, 6A0Z, 6A77, 6AL0, 6B0S, 6CWG, 6DBG, ranked_4 -> 3RJQ, 3U7Y, 3WD5, 4ETQ, 4M5Z, 4Y7M, 5CBA, 5E5M, 5GRJ, 5HGG, 5KOV, 5O1R, 5SV3, 5WK3, 5X0T, 5Y9J, 6A0Z, 6A77, 6AL0, 6B0S, 6CWG, 6DBG, ranked_1 -> 3RJQ, 3U7Y, 3WD5, 4ETQ, 4M5Z, 4Y7M, 5CBA, 5E5M, 5GRJ, 5HGG, 5KOV, 5O1R, 5SV3, 5WK3, 5X0T, 5Y9J, 6A0Z, 6A77, 6AL0, 6B0S, 6CWG, 6DBG, ranked_2 -> 3RJQ, 3U7Y, 3WD5, 4ETQ, 4M5Z, 4Y7M, 5CBA, 5E5M, 5GRJ, 5HGG, 5KOV, 5O1R, 5SV3, 5WK3, 5X0T, 5Y9J, 6A0Z, 6A77, 6AL0, 6B0S, 6CWG, 6DBG). Ensure per-target names remain unique or rely on target-qualified keys.
2025-11-23 23:54:02 INFO [Topology] 14.7% complete (129/875)
2025-11-23 23:54:38,281 INFO Wrote 449 predictions to /Volumes/PData/Data/Dev/Github/Repos/phd3/qtopo/QTopoQA/qtdaqa/new_dynamic_features/model_inference/output/11d_topoqa_10A_sort_order_polish/results/BM55-AF2/inference_results.csv

real	18m4.968s
user	53m38.163s
sys	4m25.069s
2025-11-23 23:54:42 INFO [Topology] 19.7% complete (172/875)
2025-11-23 23:55:02 INFO [Topology] 24.6% complete (215/875)
2025-11-23 23:55:02 INFO [Topology] 59.6% complete (816/1370)
2025-11-23 23:55:33 INFO [Topology] 29.5% complete (258/875)
2025-11-23 23:55:45 INFO [Topology] 64.5% complete (884/1370)
2025-11-23 23:56:02 INFO [Topology] 34.4% complete (301/875)
2025-11-23 23:56:18 INFO [Topology] 69.5% complete (952/1370)
2025-11-23 23:56:43 INFO [Topology] 74.5% complete (1020/1370)
2025-11-23 23:56:48 INFO [Topology] 39.3% complete (344/875)
2025-11-23 23:57:09 INFO [Topology] 79.4% complete (1088/1370)
2025-11-23 23:57:35 INFO [Topology] 84.4% complete (1156/1370)
2025-11-23 23:57:50 INFO [Topology] 44.2% complete (387/875)
2025-11-23 23:58:00 INFO [Topology] 89.3% complete (1224/1370)
2025-11-23 23:58:22 INFO [Topology] 94.3% complete (1292/1370)
2025-11-23 23:58:39 INFO [Topology] 99.3% complete (1360/1370)
2025-11-23 23:58:40 INFO [Topology] 100.0% complete (1370/1370)
2025-11-23 23:58:40 INFO Topology stage complete: 1370 success, 0 failures
2025-11-23 23:58:40 INFO Topology feature extraction elapsed time: 812.54 s
2025-11-23 23:58:40 INFO Beginning node stage (jobs=8)
2025-11-23 23:58:53 INFO [Topology] 49.1% complete (430/875)
2025-11-23 23:59:10 INFO [Node] 5.0% complete (68/1370)
2025-11-23 23:59:30 INFO [Topology] 54.1% complete (473/875)
2025-11-23 23:59:50 INFO [Node] 9.9% complete (136/1370)
2025-11-24 00:00:04 INFO [Topology] 59.0% complete (516/875)
2025-11-24 00:00:36 INFO [Topology] 63.9% complete (559/875)
2025-11-24 00:00:41 INFO [Node] 14.9% complete (204/1370)
2025-11-24 00:01:26 INFO [Node] 19.9% complete (272/1370)
2025-11-24 00:01:44 INFO [Topology] 68.8% complete (602/875)
2025-11-24 00:01:56 INFO [Node] 24.8% complete (340/1370)
2025-11-24 00:02:32 INFO [Node] 29.8% complete (408/1370)
2025-11-24 00:03:09 INFO [Node] 34.7% complete (476/1370)
2025-11-24 00:03:43 INFO [Node] 39.7% complete (544/1370)
2025-11-24 00:04:16 INFO [Node] 44.7% complete (612/1370)
2025-11-24 00:04:46 INFO [Node] 49.6% complete (680/1370)
2025-11-24 00:05:33 INFO [Topology] 73.7% complete (645/875)
2025-11-24 00:05:36 INFO [Node] 54.6% complete (748/1370)
2025-11-24 00:06:15 INFO [Topology] 78.6% complete (688/875)
2025-11-24 00:06:32 INFO [Node] 59.6% complete (816/1370)
2025-11-24 00:06:45 INFO [Topology] 83.5% complete (731/875)
2025-11-24 00:06:57 INFO [Topology] 88.5% complete (774/875)
2025-11-24 00:07:07 INFO [Node] 64.5% complete (884/1370)
2025-11-24 00:07:24 INFO [Topology] 93.4% complete (817/875)
2025-11-24 00:07:40 INFO [Node] 69.5% complete (952/1370)
2025-11-24 00:07:57 INFO [Topology] 98.3% complete (860/875)
2025-11-24 00:08:00 INFO [Topology] 100.0% complete (875/875)
2025-11-24 00:08:01 INFO Topology stage complete: 875 success, 0 failures
2025-11-24 00:08:01 INFO Topology feature extraction elapsed time: 939.75 s
2025-11-24 00:08:01 INFO Beginning node stage (jobs=8)
2025-11-24 00:08:09 INFO [Node] 74.5% complete (1020/1370)
2025-11-24 00:08:39 INFO [Node] 4.9% complete (43/875)
2025-11-24 00:08:41 INFO [Node] 79.4% complete (1088/1370)
2025-11-24 00:09:14 INFO [Node] 84.4% complete (1156/1370)
2025-11-24 00:09:15 INFO [Node] 9.8% complete (86/875)
2025-11-24 00:09:42 INFO [Node] 14.7% complete (129/875)
2025-11-24 00:09:46 INFO [Node] 89.3% complete (1224/1370)
2025-11-24 00:10:06 INFO [Node] 19.7% complete (172/875)
2025-11-24 00:10:18 INFO [Node] 94.3% complete (1292/1370)
2025-11-24 00:10:30 INFO [Node] 24.6% complete (215/875)
2025-11-24 00:10:48 INFO [Node] 99.3% complete (1360/1370)
2025-11-24 00:10:52 INFO [Node] 100.0% complete (1370/1370)
2025-11-24 00:10:52 INFO Node stage complete: 1370 success, 0 failures
2025-11-24 00:10:52 INFO Node feature extraction elapsed time: 731.45 s
2025-11-24 00:10:52 INFO Edge dumps enabled; writing CSVs to:
2025-11-24 00:10:52 INFO   /Volumes/PData/Data/Dev/Github/Repos/phd3/qtopo/QTopoQA/qtdaqa/new_dynamic_features/model_inference/output/11d_topoqa_10A_sort_order_polish/work/HAF2/builder_work/edge_features
2025-11-24 00:10:52 INFO Edge dump preparation elapsed time: 0.00 s
2025-11-24 00:10:52 INFO Beginning graph assembly (.pt output) stage (jobs=16)
2025-11-24 00:10:52 INFO [Node] 29.5% complete (258/875)
2025-11-24 00:11:02 INFO [Graph assembly] 5.0% complete (68/1370)
2025-11-24 00:11:05 INFO [Node] 34.4% complete (301/875)
2025-11-24 00:11:20 INFO [Node] 39.3% complete (344/875)
2025-11-24 00:11:26 INFO [Graph assembly] 9.9% complete (136/1370)
2025-11-24 00:11:39 INFO [Node] 44.2% complete (387/875)
2025-11-24 00:11:50 INFO [Graph assembly] 14.9% complete (204/1370)
2025-11-24 00:11:56 INFO [Node] 49.1% complete (430/875)
2025-11-24 00:12:08 INFO [Graph assembly] 19.9% complete (272/1370)
2025-11-24 00:12:10 INFO [Node] 54.1% complete (473/875)
2025-11-24 00:12:22 INFO [Node] 59.0% complete (516/875)
2025-11-24 00:12:24 INFO [Graph assembly] 24.8% complete (340/1370)
2025-11-24 00:12:42 INFO [Node] 63.9% complete (559/875)
2025-11-24 00:12:54 INFO [Graph assembly] 29.8% complete (408/1370)
2025-11-24 00:13:05 INFO [Node] 68.8% complete (602/875)
2025-11-24 00:13:29 INFO [Graph assembly] 34.7% complete (476/1370)
2025-11-24 00:13:55 INFO [Node] 73.7% complete (645/875)
2025-11-24 00:14:02 INFO [Graph assembly] 39.7% complete (544/1370)
2025-11-24 00:14:09 INFO [Node] 78.6% complete (688/875)
2025-11-24 00:14:22 INFO [Node] 83.5% complete (731/875)
2025-11-24 00:14:29 INFO [Graph assembly] 44.7% complete (612/1370)
2025-11-24 00:14:37 INFO [Node] 88.5% complete (774/875)
2025-11-24 00:14:42 INFO [Graph assembly] 49.6% complete (680/1370)
2025-11-24 00:14:49 INFO [Node] 93.4% complete (817/875)
2025-11-24 00:15:01 INFO [Node] 98.3% complete (860/875)
2025-11-24 00:15:05 INFO [Node] 100.0% complete (875/875)
2025-11-24 00:15:05 INFO Node stage complete: 875 success, 0 failures
2025-11-24 00:15:05 INFO Node feature extraction elapsed time: 423.33 s
2025-11-24 00:15:05 INFO Edge dumps enabled; writing CSVs to:
2025-11-24 00:15:05 INFO   /Volumes/PData/Data/Dev/Github/Repos/phd3/qtopo/QTopoQA/qtdaqa/new_dynamic_features/model_inference/output/11d_topoqa_10A_sort_order_polish/work/ABAG-AF3/builder_work/edge_features
2025-11-24 00:15:05 INFO Edge dump preparation elapsed time: 0.00 s
2025-11-24 00:15:05 INFO Beginning graph assembly (.pt output) stage (jobs=16)
2025-11-24 00:15:29 INFO [Graph assembly] 4.9% complete (43/875)
2025-11-24 00:15:54 INFO [Graph assembly] 9.8% complete (86/875)
2025-11-24 00:16:32 INFO [Graph assembly] 14.7% complete (129/875)
2025-11-24 00:17:00 INFO [Graph assembly] 19.7% complete (172/875)
2025-11-24 00:17:12 INFO [Graph assembly] 24.6% complete (215/875)
2025-11-24 00:17:31 INFO [Graph assembly] 29.5% complete (258/875)
2025-11-24 00:17:53 INFO [Graph assembly] 34.4% complete (301/875)
2025-11-24 00:18:24 INFO [Graph assembly] 54.6% complete (748/1370)
2025-11-24 00:18:59 INFO [Graph assembly] 39.3% complete (344/875)
2025-11-24 00:19:20 INFO [Graph assembly] 59.6% complete (816/1370)
2025-11-24 00:19:20 INFO [Graph assembly] 64.5% complete (884/1370)
2025-11-24 00:19:23 INFO [Graph assembly] 69.5% complete (952/1370)
2025-11-24 00:19:36 INFO [Graph assembly] 74.5% complete (1020/1370)
2025-11-24 00:19:50 INFO [Graph assembly] 79.4% complete (1088/1370)
2025-11-24 00:20:05 INFO [Graph assembly] 84.4% complete (1156/1370)
2025-11-24 00:20:17 INFO [Graph assembly] 44.2% complete (387/875)
2025-11-24 00:20:19 INFO [Graph assembly] 89.3% complete (1224/1370)
2025-11-24 00:20:33 INFO [Graph assembly] 94.3% complete (1292/1370)
2025-11-24 00:20:38 INFO [Graph assembly] 99.3% complete (1360/1370)
2025-11-24 00:20:38 INFO [Graph assembly] 100.0% complete (1370/1370)
2025-11-24 00:20:38 INFO Graph assembly (.pt output) complete: 1370 success, 0 failures
2025-11-24 00:20:38 INFO Graph (.pt) generation elapsed time: 584.59 s (edge stage: 584.96 s)
2025-11-24 00:20:38 INFO Summary written to graph_builder.2025-11-23_23-36-36/graph_builder_summary.json
2025-11-24 00:20:38 INFO Summary log written to graph_builder.2025-11-23_23-36-36/graph_builder_summary.log
2025-11-24 00:20:38 INFO Copied graph builder summary to /Volumes/PData/Data/Dev/Github/Repos/phd3/qtopo/QTopoQA/qtdaqa/new_dynamic_features/model_inference/output/11d_topoqa_10A_sort_order_polish/work/HAF2/graph_data/graph_builder_summary.json
2025-11-24 00:20:38 INFO Copied graph builder text summary to /Volumes/PData/Data/Dev/Github/Repos/phd3/qtopo/QTopoQA/qtdaqa/new_dynamic_features/model_inference/output/11d_topoqa_10A_sort_order_polish/work/HAF2/graph_data/graph_builder_summary.log
2025-11-24 00:20:38 INFO Dynamic graph builder completed successfully.
2025-11-24 00:20:39,357 INFO Graph directory: /Volumes/PData/Data/Dev/Github/Repos/phd3/qtopo/QTopoQA/qtdaqa/new_dynamic_features/model_inference/output/11d_topoqa_10A_sort_order_polish/work/HAF2/graph_data
2025-11-24 00:20:39,357 INFO Checkpoint file: /Volumes/PData/Data/Dev/Github/Repos/phd3/qtopo/QTopoQA/qtdaqa/new_dynamic_features/model_training/training_runs/polish_lr_low_seed555_2025-11-23_22-30-36/model_checkpoints/checkpoint.val-0.04253_epoch094.chkpt
2025-11-24 00:20:39,357 INFO Inference config: config.yaml.HAF2
2025-11-24 00:20:39,405 INFO Verified graph metadata compatibility (/Volumes/PData/Data/Dev/Github/Repos/phd3/qtopo/QTopoQA/qtdaqa/new_dynamic_features/model_inference/output/11d_topoqa_10A_sort_order_polish/work/HAF2/graph_data/graph_metadata.json).
2025-11-24 00:20:39,405 INFO Inference schema summary written to /Volumes/PData/Data/Dev/Github/Repos/phd3/qtopo/QTopoQA/qtdaqa/new_dynamic_features/model_inference/output/11d_topoqa_10A_sort_order_polish/work/HAF2/schema_summary.json
2025-11-24 00:20:39,405 INFO Loading graphs from /Volumes/PData/Data/Dev/Github/Repos/phd3/qtopo/QTopoQA/qtdaqa/new_dynamic_features/model_inference/output/11d_topoqa_10A_sort_order_polish/work/HAF2/graph_data
2025-11-24 00:20:39,821 WARNING Label CSV /Volumes/PData/Data/Dev/Github/Repos/phd3/qtopo/QTopoQA/datasets/evaluation/HAF2/label_info.csv contains duplicate unqualified model names mapped to multiple targets (examples: structure_temp_dimer_3 -> 7ALA, 7ALB, 7AMV, 7AOF, 7AOH, 7AP8, 7D3Y, 7D7F, 7EEL, 7EEP, 7EKQ, 7F5B, 7JZY, 7KBR, 7LIV, 7LXT, 7MJP, 7MRW, 7NKZ, 7O27, 7O28, 7OEL, 7OI7, 7OOP, 7OZN, 7P3Z, string_interact_uniref_a3m_4 -> 7ALB, 7D3Y, 7D7F, 7EEL, 7EKQ, 7F5B, 7KBR, 7LXT, 7MJP, 7NKZ, 7O27, 7O28, 7OEL, 7OI7, 7OOP, 7OZN, 7P3Z, species_interact_uniref_a3m_0 -> 7ALA, 7ALB, 7AOF, 7AOH, 7AP8, 7D3Y, 7D7F, 7EEL, 7EEP, 7EKQ, 7JZY, 7KBR, 7LIV, 7LXT, 7MRW, 7NKZ, 7O27, 7O28, 7OEL, 7OI7, 7OOP, 7OZN, 7P3Z, structure_temp_dimer_a_0 -> 7ALA, 7ALB, 7AMV, 7AOF, 7AOH, 7AP8, 7D3Y, 7D7F, 7EEL, 7EEP, 7EKQ, 7F5B, 7KBR, 7L2M, 7LIV, 7LXT, 7MJP, 7MRW, 7NKZ, 7O27, 7O28, 7OEL, 7OI7, 7OOP, 7OZN, 7P3Z, sequence_based_template_with_alphafold_0 -> 7ALB, 7AOF, 7AOH, 7AP8, 7D3Y, 7D7F, 7EEL, 7EEP, 7EKQ, 7F5B, 7JZY, 7KBR, 7L2M, 7LIV, 7LXT, 7MJP, 7MRW, 7NKZ, 7O27, 7O28, 7OEL, 7OI7, 7OOP, 7OZN, 7P3Z). Ensure per-target names remain unique or rely on target-qualified keys.
2025-11-24 00:20:47,246 INFO Wrote 1370 predictions to /Volumes/PData/Data/Dev/Github/Repos/phd3/qtopo/QTopoQA/qtdaqa/new_dynamic_features/model_inference/output/11d_topoqa_10A_sort_order_polish/results/HAF2/inference_results.csv

real	44m13.786s
user	146m5.180s
sys	20m19.735s
2025-11-24 00:21:23 INFO [Graph assembly] 49.1% complete (430/875)
2025-11-24 00:21:50 INFO [Graph assembly] 54.1% complete (473/875)
2025-11-24 00:22:08 INFO [Graph assembly] 59.0% complete (516/875)
2025-11-24 00:22:29 INFO [Graph assembly] 63.9% complete (559/875)
2025-11-24 00:27:24 INFO [Graph assembly] 68.8% complete (602/875)
2025-11-24 00:36:19 INFO [Graph assembly] 73.7% complete (645/875)
2025-11-24 00:37:27 INFO [Graph assembly] 78.6% complete (688/875)
2025-11-24 00:37:27 INFO [Graph assembly] 83.5% complete (731/875)
2025-11-24 00:37:27 INFO [Graph assembly] 88.5% complete (774/875)
2025-11-24 00:37:27 INFO [Graph assembly] 93.4% complete (817/875)
2025-11-24 00:37:27 INFO [Graph assembly] 98.3% complete (860/875)
2025-11-24 00:37:27 INFO [Graph assembly] 100.0% complete (875/875)
2025-11-24 00:37:27 INFO Graph assembly (.pt output) complete: 875 success, 0 failures
2025-11-24 00:37:27 INFO Graph (.pt) generation elapsed time: 1341.01 s (edge stage: 1341.23 s)
2025-11-24 00:37:27 INFO Summary written to graph_builder.2025-11-23_23-36-36/graph_builder_summary.json
2025-11-24 00:37:27 INFO Summary log written to graph_builder.2025-11-23_23-36-36/graph_builder_summary.log
2025-11-24 00:37:27 INFO Copied graph builder summary to /Volumes/PData/Data/Dev/Github/Repos/phd3/qtopo/QTopoQA/qtdaqa/new_dynamic_features/model_inference/output/11d_topoqa_10A_sort_order_polish/work/ABAG-AF3/graph_data/graph_builder_summary.json
2025-11-24 00:37:27 INFO Copied graph builder text summary to /Volumes/PData/Data/Dev/Github/Repos/phd3/qtopo/QTopoQA/qtdaqa/new_dynamic_features/model_inference/output/11d_topoqa_10A_sort_order_polish/work/ABAG-AF3/graph_data/graph_builder_summary.log
2025-11-24 00:37:27 INFO Dynamic graph builder completed successfully.
2025-11-24 00:37:28,483 INFO Graph directory: /Volumes/PData/Data/Dev/Github/Repos/phd3/qtopo/QTopoQA/qtdaqa/new_dynamic_features/model_inference/output/11d_topoqa_10A_sort_order_polish/work/ABAG-AF3/graph_data
2025-11-24 00:37:28,483 INFO Checkpoint file: /Volumes/PData/Data/Dev/Github/Repos/phd3/qtopo/QTopoQA/qtdaqa/new_dynamic_features/model_training/training_runs/polish_lr_low_seed555_2025-11-23_22-30-36/model_checkpoints/checkpoint.val-0.04253_epoch094.chkpt
2025-11-24 00:37:28,483 INFO Inference config: config.yaml.ABAG-AF3
2025-11-24 00:37:28,514 INFO Verified graph metadata compatibility (/Volumes/PData/Data/Dev/Github/Repos/phd3/qtopo/QTopoQA/qtdaqa/new_dynamic_features/model_inference/output/11d_topoqa_10A_sort_order_polish/work/ABAG-AF3/graph_data/graph_metadata.json).
2025-11-24 00:37:28,515 INFO Inference schema summary written to /Volumes/PData/Data/Dev/Github/Repos/phd3/qtopo/QTopoQA/qtdaqa/new_dynamic_features/model_inference/output/11d_topoqa_10A_sort_order_polish/work/ABAG-AF3/schema_summary.json
2025-11-24 00:37:28,515 INFO Loading graphs from /Volumes/PData/Data/Dev/Github/Repos/phd3/qtopo/QTopoQA/qtdaqa/new_dynamic_features/model_inference/output/11d_topoqa_10A_sort_order_polish/work/ABAG-AF3/graph_data
2025-11-24 00:37:35,954 INFO Wrote 875 predictions to /Volumes/PData/Data/Dev/Github/Repos/phd3/qtopo/QTopoQA/qtdaqa/new_dynamic_features/model_inference/output/11d_topoqa_10A_sort_order_polish/results/ABAG-AF3/inference_results.csv

real	61m2.508s
user	166m16.734s
sys	46m47.133s
Inference complete - Running final results ...
Summary written to /Volumes/PData/Data/Dev/Github/Repos/phd3/qtopo/QTopoQA/qtdaqa/new_dynamic_features/model_inference/output/11d_topoqa_10A_sort_order_polish/results/BM55-AF2/final_results_dockq.csv
Summary written to /Volumes/PData/Data/Dev/Github/Repos/phd3/qtopo/QTopoQA/qtdaqa/new_dynamic_features/model_inference/output/11d_topoqa_10A_sort_order_polish/results/BM55-AF2/final_results_hit_rate.csv
Summary written to /Volumes/PData/Data/Dev/Github/Repos/phd3/qtopo/QTopoQA/qtdaqa/new_dynamic_features/model_inference/output/11d_topoqa_10A_sort_order_polish/results/HAF2/final_results_dockq.csv
Summary written to /Volumes/PData/Data/Dev/Github/Repos/phd3/qtopo/QTopoQA/qtdaqa/new_dynamic_features/model_inference/output/11d_topoqa_10A_sort_order_polish/results/HAF2/final_results_hit_rate.csv
Summary written to /Volumes/PData/Data/Dev/Github/Repos/phd3/qtopo/QTopoQA/qtdaqa/new_dynamic_features/model_inference/output/11d_topoqa_10A_sort_order_polish/results/ABAG-AF3/final_results_dockq.csv
Summary written to /Volumes/PData/Data/Dev/Github/Repos/phd3/qtopo/QTopoQA/qtdaqa/new_dynamic_features/model_inference/output/11d_topoqa_10A_sort_order_polish/results/ABAG-AF3/final_results_hit_rate.csv
Inference Complete
     3662.65 real     21960.16 user      4291.97 sys
