[validate_graphs] OK: validated 14391 graph(s) in /Volumes/PData/Data/Dev/Github/Repos/phd3/qtopo/QTopoQA/qtdaqa/new_dynamic_features/graph_builder2/output/11d_topoqa_10A_sort_order_2/graph_data
[run_full_pipeline] Validating graphs before training...
[validate_graphs] OK: validated 14391 graph(s) in /Volumes/PData/Data/Dev/Github/Repos/phd3/qtopo/QTopoQA/qtdaqa/new_dynamic_features/graph_builder2/output/11d_topoqa_10A_sort_order_2/graph_data
[run_full_pipeline] Starting sweep at 2025-11-24T10:01:18.913836+00:00 using manifest /Volumes/PData/Data/Dev/Github/Repos/phd3/qtopo/QTopoQA/qtdaqa/new_dynamic_features/model_training/manifests/run_exhaustive.yaml
[train_cli][batch] (1/9) running job 'sched_boost_seed222' -> run_name=sched_boost_seed222_2025-11-24_10-01-18
[train_cli] run_id=sched_boost_seed222_2025-11-24_10-01-18 | command=/Volumes/PData/Data/Dev/Github/Repos/phd3/qtopo/venv_qtopo/bin/python /Volumes/PData/Data/Dev/Github/Repos/phd3/qtopo/QTopoQA/qtdaqa/new_dynamic_features/model_training/model_train_topoqa_cpu.py --config /Volumes/PData/Data/Dev/Github/Repos/phd3/qtopo/QTopoQA/qtdaqa/new_dynamic_features/model_training/training_runs/sched_boost_seed222_2025-11-24_10-01-18/config/config.yaml --run-dir /Volumes/PData/Data/Dev/Github/Repos/phd3/qtopo/QTopoQA/qtdaqa/new_dynamic_features/model_training/training_runs/sched_boost_seed222_2025-11-24_10-01-18 --git-commit 66eb4a431 --git-dirty
2025-11-24 10:01:49 INFO git_commit = 66eb4a431 (dirty)
2025-11-24 10:01:49 INFO Training package root: /Volumes/PData/Data/Dev/Github/Repos/phd3/qtopo/QTopoQA/qtdaqa/new_dynamic_features/model_training
2025-11-24 10:01:49 INFO Configuration loaded from /Volumes/PData/Data/Dev/Github/Repos/phd3/qtopo/QTopoQA/qtdaqa/new_dynamic_features/model_training/training_runs/sched_boost_seed222_2025-11-24_10-01-18/config/config.yaml
2025-11-24 10:01:49 INFO   graph_dir = /Volumes/PData/Data/Dev/Github/Repos/phd3/qtopo/QTopoQA/qtdaqa/new_dynamic_features/graph_builder2/output/11d_topoqa_10A_sort_order_2/graph_data
2025-11-24 10:01:49 INFO   train_label_file = /Volumes/PData/Data/Dev/Github/Repos/phd3/qtopo/QTopoQA/qtdaqa/new_dynamic_features/model_training/data.train.csv
2025-11-24 10:01:49 INFO   val_label_file = /Volumes/PData/Data/Dev/Github/Repos/phd3/qtopo/QTopoQA/qtdaqa/new_dynamic_features/model_training/data.validate.csv
2025-11-24 10:01:49 INFO   save_dir = /Volumes/PData/Data/Dev/Github/Repos/phd3/qtopo/QTopoQA/qtdaqa/new_dynamic_features/model_training/training_runs/sched_boost_seed222_2025-11-24_10-01-18
2025-11-24 10:01:49 INFO   metadata_path = None
2025-11-24 10:01:49 INFO   summary_path = None
2025-11-24 10:01:49 INFO   accelerator = cpu
2025-11-24 10:01:49 INFO   devices = 1
2025-11-24 10:01:49 INFO   attention_head = 8
2025-11-24 10:01:49 INFO   pooling_type = mean
2025-11-24 10:01:49 INFO   batch_size = 16
2025-11-24 10:01:49 INFO   learning_rate = 0.005
2025-11-24 10:01:49 INFO   num_epochs = 260
2025-11-24 10:01:49 INFO   accumulate_grad_batches = 16
2025-11-24 10:01:49 INFO   seed = 222
2025-11-24 10:01:49 INFO   num_workers = 0
2025-11-24 10:01:49 INFO   precision = 32
2025-11-24 10:01:49 INFO   lr_scheduler_type = reduce_on_plateau
2025-11-24 10:01:49 INFO   early_stopping_patience = 45
2025-11-24 10:01:49 INFO   lr_scheduler_patience = 6
2025-11-24 10:01:49 INFO   lr_scheduler_factor = 0.2
2025-11-24 10:01:49 INFO   fast_dev_run = False
2025-11-24 10:01:49 INFO   limit_train_batches = None
2025-11-24 10:01:49 INFO   limit_val_batches = None
2025-11-24 10:01:49 INFO   log_lr = False
2025-11-24 10:01:49 INFO   progress_bar_refresh_rate = 0
2025-11-24 10:01:49 INFO   log_every_n_steps = 100
2025-11-24 10:01:49 INFO   use_val_spearman_as_secondary = True
2025-11-24 10:01:49 INFO   spearman_secondary_min_delta = 0.0
2025-11-24 10:01:49 INFO   spearman_secondary_weight = 1.0
2025-11-24 10:01:49 INFO   selection_primary_metric = val_loss
2025-11-24 10:01:49 INFO   coverage_minimum = 0.0
2025-11-24 10:01:49 INFO   coverage_fail_on_missing = False
2025-11-24 10:01:49 INFO   graph_load_profiling = False
2025-11-24 10:01:49 INFO   graph_load_top_k = 5
2025-11-24 10:01:49 INFO   enable_graph_cache = True
2025-11-24 10:01:49 INFO   graph_cache_size = 256
2025-11-24 10:01:49 INFO   canonicalize_on_load = False
2025-11-24 10:01:49 INFO   mlflow = MlflowConfig(enabled=True, tracking_uri='./qtdaqa/new_dynamic_features/model_training/ml_runs', experiment='dynamic_topoqa', run_name=None, log_artifacts=True, tags={})
2025-11-24 10:01:49 INFO   edge_schema = {}
2025-11-24 10:01:49 INFO   topology_schema = {}
Seed set to 222
2025-11-24 10:01:50 INFO [train] label rows: 8723 | usable graphs: 8686 | coverage: 99.58%
2025-11-24 10:01:50 ERROR [train] 37 label entries missing matching .pt graphs (first examples: 1A9X, 1FLE, 1HT9, 1OAO, 1R0R). Regenerate graph tensors or adjust coverage settings to proceed safely.
2025-11-24 10:01:50 INFO [val] label rows: 3397 | usable graphs: 3376 | coverage: 99.38%
2025-11-24 10:01:50 ERROR [val] 21 label entries missing matching .pt graphs (first examples: 1H59, 2B5L, 2C7M, 2GZH, 2W19). Regenerate graph tensors or adjust coverage settings to proceed safely.
2025-11-24 10:01:58 INFO Graph cache enabled (max_items=256). Disable via selection cache.enable_graph_cache=false in config.
2025-11-24 10:01:58 INFO Dataset coverage report written to /Volumes/PData/Data/Dev/Github/Repos/phd3/qtopo/QTopoQA/qtdaqa/new_dynamic_features/model_training/training_runs/sched_boost_seed222_2025-11-24_10-01-18/dataset_coverage.json
2025-11-24 10:01:58 ERROR [coverage] train split: 37/8723 labels missing graph tensors (coverage 99.58%). See /Volumes/PData/Data/Dev/Github/Repos/phd3/qtopo/QTopoQA/qtdaqa/new_dynamic_features/model_training/training_runs/sched_boost_seed222_2025-11-24_10-01-18/dataset_coverage.json for details.
2025-11-24 10:01:58 ERROR [coverage] val split: 21/3397 labels missing graph tensors (coverage 99.38%). See /Volumes/PData/Data/Dev/Github/Repos/phd3/qtopo/QTopoQA/qtdaqa/new_dynamic_features/model_training/training_runs/sched_boost_seed222_2025-11-24_10-01-18/dataset_coverage.json for details.
2025-11-24 10:01:58 INFO Schema summary written to /Volumes/PData/Data/Dev/Github/Repos/phd3/qtopo/QTopoQA/qtdaqa/new_dynamic_features/model_training/training_runs/sched_boost_seed222_2025-11-24_10-01-18/schema_summary.json
2025-11-24 10:01:58 INFO Feature metadata written to /Volumes/PData/Data/Dev/Github/Repos/phd3/qtopo/QTopoQA/qtdaqa/new_dynamic_features/model_training/training_runs/sched_boost_seed222_2025-11-24_10-01-18/feature_metadata.json
2025-11-24 10:01:58 INFO Graph builder: graph_builder2 (version 2.0.0)
2025-11-24 10:01:58 INFO Feature config snapshot: path=/Volumes/PData/Data/Dev/Github/Repos/phd3/qtopo/QTopoQA/qtdaqa/new_dynamic_features/graph_builder2/feature-config.yaml.topoqa.10A, sha256=6ce4fc7d3998ef50a8e8058fe11d59194f16ae9f50263a79c542b95c0b262164
2025-11-24 10:01:58 INFO Edge dumps: enabled (output: /Volumes/PData/Data/Dev/Github/Repos/phd3/qtopo/QTopoQA/qtdaqa/new_dynamic_features/graph_builder2/output/11d_topoqa_10A_sort_order_2/work/edge_features)
2025-11-24 10:01:58 INFO Feature metadata source: /Volumes/PData/Data/Dev/Github/Repos/phd3/qtopo/QTopoQA/qtdaqa/new_dynamic_features/graph_builder2/output/11d_topoqa_10A_sort_order_2/graph_data/graph_metadata.json
2025-11-24 10:01:58 INFO Graph builder summary: /Volumes/PData/Data/Dev/Github/Repos/phd3/qtopo/QTopoQA/qtdaqa/new_dynamic_features/model_training/training_runs/sched_boost_seed222_2025-11-24_10-01-18/schema_summary.json
2025-11-24 10:01:58 INFO Interface: interface/polar_cutoff/v1 (cutoff 10 Å), yielding 10 interface residues.
2025-11-24 10:01:58 INFO Topology: topology/persistence_basic/v1 (filtration_cutoff 8 Å, min_persistence 0.01) supporting the 172-dimensional node features.
2025-11-24 10:01:58 INFO Node: node/dssp_topo_merge/v1; metadata lists 172 feature columns matching the .pt tensor.
2025-11-24 10:01:58 INFO Edge: edge/legacy_band/v11 (variant legacy_v11); .pt confirms 40 directed edges with 11 feature values each.
2025-11-24 10:01:58 INFO → Total feature dimensionality observed and confirmed: node_dim = 172, edge_dim = 11.
2025-11-24 10:01:58 INFO Secondary selection metric enabled: val_spearman_corr (weight=1.000, min_delta=0.000)
2025-11-24 10:01:58 INFO Resolved feature metadata: {
  "edge_schema": {
    "dim": 11,
    "module": "edge/legacy_band/v11",
    "variant": "legacy_v11",
    "module_params": {
      "distance_max": 10.0,
      "distance_min": 0.0,
      "jobs": 16,
      "scale_features": true
    },
    "source": "/Volumes/PData/Data/Dev/Github/Repos/phd3/qtopo/QTopoQA/qtdaqa/new_dynamic_features/graph_builder2/output/11d_topoqa_10A_sort_order_2/graph_data/graph_metadata.json",
    "alias": "TopoQA default 10A cutoff",
    "jobs": 16,
    "summary": "11-D legacy edge features (distance + atom distance histogram)."
  },
  "node_schema": {
    "dim": 172,
    "source": "/Volumes/PData/Data/Dev/Github/Repos/phd3/qtopo/QTopoQA/qtdaqa/new_dynamic_features/graph_builder2/output/11d_topoqa_10A_sort_order_2/graph_data/graph_metadata.json",
    "column_count": 172,
    "columns_preview": [
      "rasa",
      "phi",
      "psi",
      "SS8_0",
      "SS8_1"
    ]
  },
  "metadata_path": "/Volumes/PData/Data/Dev/Github/Repos/phd3/qtopo/QTopoQA/qtdaqa/new_dynamic_features/graph_builder2/output/11d_topoqa_10A_sort_order_2/graph_data/graph_metadata.json",
  "summary_path": "/Volumes/PData/Data/Dev/Github/Repos/phd3/qtopo/QTopoQA/qtdaqa/new_dynamic_features/model_training/training_runs/sched_boost_seed222_2025-11-24_10-01-18/schema_summary.json",
  "module_registry": {
    "edge": {
      "id": "edge/legacy_band/v11",
      "alias": "TopoQA default 10A cutoff",
      "jobs": 16,
      "summary": "11-D legacy edge features (distance + atom distance histogram)."
    },
    "interface": {
      "id": "interface/polar_cutoff/v1",
      "alias": "n x 3D TopoQA default 10A cut-off",
      "jobs": 16,
      "summary": "Polar interface detection using distance cutoff."
    },
    "node": {
      "id": "node/dssp_topo_merge/v1",
      "alias": "172D (140D Topological consumes Interface + 32D) TopoQA default",
      "jobs": 16,
      "summary": "DSSP-derived node features merged with topology statistics."
    },
    "topology": {
      "id": "topology/persistence_basic/v1",
      "alias": "140D TopoQA default",
      "jobs": 16,
      "summary": "Persistent homology features with configurable distance thresholds."
    }
  },
  "notes": []
}
2025-11-24 10:01:58 INFO DataLoader num_workers=0 (recommended for macOS to avoid spawn issues; configurable via config.yaml -> num_workers).
Experiment with name dynamic_topoqa not found. Creating it.
2025-11-24 10:01:59 INFO MLflow logging enabled (experiment=dynamic_topoqa, run_id=175e652ec4ea4858bd3956ec007c53dc)
GPU available: True (mps), used: False
TPU available: False, using: 0 TPU cores
HPU available: False, using: 0 HPUs
2025-11-24 10:01:59 INFO Starting training (fast_dev_run=False)
2025-11-24 10:01:59 INFO Detected GPU/MPS hardware. Current run uses accelerator='cpu' (configurable via config.yaml -> accelerator).
/Volumes/PData/Data/Dev/Github/Repos/phd3/qtopo/venv_qtopo/lib/python3.10/site-packages/pytorch_lightning/callbacks/model_checkpoint.py:701: Checkpoint directory /Volumes/PData/Data/Dev/Github/Repos/phd3/qtopo/QTopoQA/qtdaqa/new_dynamic_features/model_training/training_runs/sched_boost_seed222_2025-11-24_10-01-18/model_checkpoints exists and is not empty.

   | Name         | Type             | Params | Mode 
-----------------------------------------------------------
0  | criterion    | MeanSquaredError | 0      | train
1  | relu         | ReLU             | 0      | train
2  | sigmoid      | Sigmoid          | 0      | train
3  | edge_embed   | ModuleList       | 1.5 K  | train
4  | embed        | ModuleList       | 5.5 K  | train
5  | conv1        | ModuleList       | 50.2 K | train
6  | conv2        | ModuleList       | 50.2 K | train
7  | conv3        | ModuleList       | 50.2 K | train
8  | fc_edge      | Linear           | 528    | train
9  | protein_fc_1 | ModuleList       | 3.1 K  | train
10 | fc1          | Linear           | 4.2 K  | train
11 | out          | Linear           | 65     | train
-----------------------------------------------------------
165 K     Trainable params
0         Non-trainable params
165 K     Total params
0.662     Total estimated model params size (MB)
37        Modules in train mode
0         Modules in eval mode
2025-11-24 10:02:03 INFO Epoch 000 | 25% complete (batch 136/543)
2025-11-24 10:02:06 INFO Epoch 000 | 50% complete (batch 272/543)
