1. polish_seed555_2025-12-25_12-14-50
   primary_metric: tuning_rank_spearman = 0.4096459150314331
   secondary_metric: val_spearman_corr = 0.6785435676574707
   val_loss: 0.07360013574361801
   selection_metric: 0.07360013574361801
   checkpoint: training_runs2/polish_seed555_2025-12-25_12-14-50/model_checkpoints/checkpoint.tuning_rank_spearman-0.40965_val-0.10147_epoch018.chkpt
   builder_advisory: edge module: edge/legacy_band/v11; variant: legacy_v11; builder: graph_builder2 — ensure inference uses a builder with these modules/variants.

2. sched_boost_lr035_lean_seed222_2025-12-25_08-07-46_phase2_seed555
   primary_metric: tuning_rank_spearman = 0.33369964361190796
   secondary_metric: val_spearman_corr = 0.6110882759094238
   val_loss: 0.08664269000291824
   selection_metric: 0.08664269000291824
   checkpoint: training_runs2/sched_boost_lr035_lean_seed222_2025-12-25_08-07-46_phase2_seed555/model_checkpoints/checkpoint.tuning_rank_spearman-0.33370_val-0.12144_epoch006.chkpt
   builder_advisory: edge module: edge/legacy_band/v11; variant: legacy_v11; builder: graph_builder2 — ensure inference uses a builder with these modules/variants.

3. polish_lr_low_seed555_2025-12-25_12-39-37
   primary_metric: tuning_rank_spearman = 0.313614159822464
   secondary_metric: val_spearman_corr = 0.7482945919036865
   val_loss: 0.05779590830206871
   selection_metric: 0.05779590830206871
   checkpoint: training_runs2/polish_lr_low_seed555_2025-12-25_12-39-37/model_checkpoints/checkpoint.tuning_rank_spearman-0.31361_val-0.08585_epoch008.chkpt
   builder_advisory: edge module: edge/legacy_band/v11; variant: legacy_v11; builder: graph_builder2 — ensure inference uses a builder with these modules/variants.

4. polish_lr_low_seed101_2025-12-25_10-22-44
   primary_metric: tuning_rank_spearman = 0.3057154417037964
   secondary_metric: val_spearman_corr = 0.7689340114593506
   val_loss: 0.04677226394414902
   selection_metric: 0.04677226394414902
   checkpoint: training_runs2/polish_lr_low_seed101_2025-12-25_10-22-44/model_checkpoints/checkpoint.tuning_rank_spearman-0.30572_val-0.07462_epoch130.chkpt
   builder_advisory: edge module: edge/legacy_band/v11; variant: legacy_v11; builder: graph_builder2 — ensure inference uses a builder with these modules/variants.

5. polish_seed101_2025-12-25_09-39-57_phase2_seed555
   primary_metric: tuning_rank_spearman = 0.2987179458141327
   secondary_metric: val_spearman_corr = 0.683137834072113
   val_loss: 0.07143987715244293
   selection_metric: 0.07143987715244293
   checkpoint: training_runs2/polish_seed101_2025-12-25_09-39-57_phase2_seed555/model_checkpoints/checkpoint.tuning_rank_spearman-0.29872_val-0.11619_epoch068.chkpt
   builder_advisory: edge module: edge/legacy_band/v11; variant: legacy_v11; builder: graph_builder2 — ensure inference uses a builder with these modules/variants.

