1. polish_lr_low_seed888_2026-01-02_04-34-41
   primary_metric: val_loss = 0.045299824327230453
   secondary_metric: val_spearman_corr = 0.7769408226013184
   val_loss: 0.045299824327230453
   selection_metric: 0.045299824327230453
   checkpoint: training_runs2/polish_lr_low_seed888_2026-01-02_04-34-41/model_checkpoints/checkpoint.val-0.04530_epoch150.chkpt
   builder_advisory: edge module: edge/legacy_band/v11; variant: legacy_v11; builder: graph_builder2 — ensure inference uses a builder with these modules/variants.

2. polish_lr_low_seed555_2026-01-02_01-25-37
   primary_metric: val_loss = 0.04661404341459274
   secondary_metric: val_spearman_corr = 0.7737221717834473
   val_loss: 0.04661404341459274
   selection_metric: 0.04661404341459274
   checkpoint: training_runs2/polish_lr_low_seed555_2026-01-02_01-25-37/model_checkpoints/checkpoint.val-0.04661_epoch148.chkpt
   builder_advisory: edge module: edge/legacy_band/v11; variant: legacy_v11; builder: graph_builder2 — ensure inference uses a builder with these modules/variants.

3. polish_lr_low_seed101_2026-01-01_20-45-39
   primary_metric: val_loss = 0.04677226394414902
   secondary_metric: val_spearman_corr = 0.7689340114593506
   val_loss: 0.04677226394414902
   selection_metric: 0.04677226394414902
   checkpoint: training_runs2/polish_lr_low_seed101_2026-01-01_20-45-39/model_checkpoints/checkpoint.val-0.04677_epoch141.chkpt
   builder_advisory: edge module: edge/legacy_band/v11; variant: legacy_v11; builder: graph_builder2 — ensure inference uses a builder with these modules/variants.

4. polish_seed555_2026-01-01_23-10-55
   primary_metric: val_loss = 0.053050920367240906
   secondary_metric: val_spearman_corr = 0.7143419981002808
   val_loss: 0.053050920367240906
   selection_metric: 0.053050920367240906
   checkpoint: training_runs2/polish_seed555_2026-01-01_23-10-55/model_checkpoints/checkpoint.val-0.05305_epoch213.chkpt
   builder_advisory: edge module: edge/legacy_band/v11; variant: legacy_v11; builder: graph_builder2 — ensure inference uses a builder with these modules/variants.

5. latest_phase1
   primary_metric: val_loss = 0.05484188720583916
   secondary_metric: val_spearman_corr = 0.7066457867622375
   val_loss: 0.05484188720583916
   selection_metric: 0.05484188720583916
   checkpoint: training_runs2/latest_phase1/model_checkpoints/checkpoint.val-0.05484_epoch163.chkpt
   builder_advisory: edge module: edge/legacy_band/v11; variant: legacy_v11; builder: graph_builder2 — ensure inference uses a builder with these modules/variants.

6. latest_phase2_seed101
   primary_metric: val_loss = 0.05659537762403488
   secondary_metric: val_spearman_corr = 0.7030910849571228
   val_loss: 0.05659537762403488
   selection_metric: 0.05659537762403488
   checkpoint: training_runs2/latest_phase2_seed101/model_checkpoints/checkpoint.val-0.05660_epoch187.chkpt
   builder_advisory: edge module: edge/legacy_band/v11; variant: legacy_v11; builder: graph_builder2 — ensure inference uses a builder with these modules/variants.

7. latest_phase2_seed555
   primary_metric: val_loss = 0.05809740349650383
   secondary_metric: val_spearman_corr = 0.713872492313385
   val_loss: 0.05809740349650383
   selection_metric: 0.05809740349650383
   checkpoint: training_runs2/latest_phase2_seed555/model_checkpoints/checkpoint.val-0.05810_epoch183.chkpt
   builder_advisory: edge module: edge/legacy_band/v11; variant: legacy_v11; builder: graph_builder2 — ensure inference uses a builder with these modules/variants.

8. latest_phase2_seed888
   primary_metric: val_loss = 0.05942649394273758
   secondary_metric: val_spearman_corr = 0.7183493971824646
   val_loss: 0.05942649394273758
   selection_metric: 0.05942649394273758
   checkpoint: training_runs2/latest_phase2_seed888/model_checkpoints/checkpoint.val-0.05943_epoch186.chkpt
   builder_advisory: edge module: edge/legacy_band/v11; variant: legacy_v11; builder: graph_builder2 — ensure inference uses a builder with these modules/variants.

